[0.737s] Invoking command in '/home/wl/Documents/ros2_ws/build/turtlebot3_teleop': PYTHONPATH=/home/wl/Documents/ros2_ws/build/turtlebot3_teleop/prefix_override:/usr/lib/python3/dist-packages/colcon_core/task/python/colcon_distutils_commands:/home/wl/Documents/ros2_ws/install/turtlebot3_teleop/lib/python3.8/site-packages:${PYTHONPATH} /usr/bin/python3 -W ignore:setup.py install is deprecated setup.py develop --uninstall --editable --build-directory /home/wl/Documents/ros2_ws/build/turtlebot3_teleop/build
[0.895s] running develop
[0.997s] Removing /home/wl/Documents/ros2_ws/install/turtlebot3_teleop/lib/python3.8/site-packages/turtlebot3-teleop.egg-link (link to .)
[1.018s] Invoked command in '/home/wl/Documents/ros2_ws/build/turtlebot3_teleop' returned '0': PYTHONPATH=/home/wl/Documents/ros2_ws/build/turtlebot3_teleop/prefix_override:/usr/lib/python3/dist-packages/colcon_core/task/python/colcon_distutils_commands:/home/wl/Documents/ros2_ws/install/turtlebot3_teleop/lib/python3.8/site-packages:${PYTHONPATH} /usr/bin/python3 -W ignore:setup.py install is deprecated setup.py develop --uninstall --editable --build-directory /home/wl/Documents/ros2_ws/build/turtlebot3_teleop/build
[1.021s] Invoking command in '/home/wl/Documents/ros2_ws/src/turtlebot3/turtlebot3_teleop': PYTHONPATH=/home/wl/Documents/ros2_ws/build/turtlebot3_teleop/prefix_override:/usr/lib/python3/dist-packages/colcon_core/task/python/colcon_distutils_commands:/home/wl/Documents/ros2_ws/install/turtlebot3_teleop/lib/python3.8/site-packages:${PYTHONPATH} /usr/bin/python3 -W ignore:setup.py install is deprecated setup.py egg_info --egg-base ../../../build/turtlebot3_teleop build --build-base /home/wl/Documents/ros2_ws/build/turtlebot3_teleop/build install --record /home/wl/Documents/ros2_ws/build/turtlebot3_teleop/install.log --single-version-externally-managed install_data --force
[1.196s] running egg_info
[1.197s] writing ../../../build/turtlebot3_teleop/turtlebot3_teleop.egg-info/PKG-INFO
[1.197s] writing dependency_links to ../../../build/turtlebot3_teleop/turtlebot3_teleop.egg-info/dependency_links.txt
[1.197s] writing entry points to ../../../build/turtlebot3_teleop/turtlebot3_teleop.egg-info/entry_points.txt
[1.197s] writing requirements to ../../../build/turtlebot3_teleop/turtlebot3_teleop.egg-info/requires.txt
[1.197s] writing top-level names to ../../../build/turtlebot3_teleop/turtlebot3_teleop.egg-info/top_level.txt
[1.225s] reading manifest file '../../../build/turtlebot3_teleop/turtlebot3_teleop.egg-info/SOURCES.txt'
[1.226s] writing manifest file '../../../build/turtlebot3_teleop/turtlebot3_teleop.egg-info/SOURCES.txt'
[1.226s] running build
[1.226s] running build_py
[1.227s] running install
[1.228s] running install_lib
[1.228s] creating /home/wl/Documents/ros2_ws/install/turtlebot3_teleop/lib/python3.8/site-packages/turtlebot3_teleop
[1.229s] copying /home/wl/Documents/ros2_ws/build/turtlebot3_teleop/build/lib/turtlebot3_teleop/__init__.py -> /home/wl/Documents/ros2_ws/install/turtlebot3_teleop/lib/python3.8/site-packages/turtlebot3_teleop
[1.229s] creating /home/wl/Documents/ros2_ws/install/turtlebot3_teleop/lib/python3.8/site-packages/turtlebot3_teleop/script
[1.229s] copying /home/wl/Documents/ros2_ws/build/turtlebot3_teleop/build/lib/turtlebot3_teleop/script/__init__.py -> /home/wl/Documents/ros2_ws/install/turtlebot3_teleop/lib/python3.8/site-packages/turtlebot3_teleop/script
[1.229s] copying /home/wl/Documents/ros2_ws/build/turtlebot3_teleop/build/lib/turtlebot3_teleop/script/teleop_keyboard.py -> /home/wl/Documents/ros2_ws/install/turtlebot3_teleop/lib/python3.8/site-packages/turtlebot3_teleop/script
[1.229s] byte-compiling /home/wl/Documents/ros2_ws/install/turtlebot3_teleop/lib/python3.8/site-packages/turtlebot3_teleop/__init__.py to __init__.cpython-38.pyc
[1.231s] byte-compiling /home/wl/Documents/ros2_ws/install/turtlebot3_teleop/lib/python3.8/site-packages/turtlebot3_teleop/script/__init__.py to __init__.cpython-38.pyc
[1.231s] byte-compiling /home/wl/Documents/ros2_ws/install/turtlebot3_teleop/lib/python3.8/site-packages/turtlebot3_teleop/script/teleop_keyboard.py to teleop_keyboard.cpython-38.pyc
[1.232s] running install_data
[1.232s] copying resource/turtlebot3_teleop -> /home/wl/Documents/ros2_ws/install/turtlebot3_teleop/share/ament_index/resource_index/packages
[1.232s] copying package.xml -> /home/wl/Documents/ros2_ws/install/turtlebot3_teleop/share/turtlebot3_teleop
[1.232s] running install_egg_info
[1.234s] Copying ../../../build/turtlebot3_teleop/turtlebot3_teleop.egg-info to /home/wl/Documents/ros2_ws/install/turtlebot3_teleop/lib/python3.8/site-packages/turtlebot3_teleop-2.1.4-py3.8.egg-info
[1.235s] running install_scripts
[1.248s] Installing teleop_keyboard script to /home/wl/Documents/ros2_ws/install/turtlebot3_teleop/lib/turtlebot3_teleop
[1.249s] writing list of installed files to '/home/wl/Documents/ros2_ws/build/turtlebot3_teleop/install.log'
[1.269s] Invoked command in '/home/wl/Documents/ros2_ws/src/turtlebot3/turtlebot3_teleop' returned '0': PYTHONPATH=/home/wl/Documents/ros2_ws/build/turtlebot3_teleop/prefix_override:/usr/lib/python3/dist-packages/colcon_core/task/python/colcon_distutils_commands:/home/wl/Documents/ros2_ws/install/turtlebot3_teleop/lib/python3.8/site-packages:${PYTHONPATH} /usr/bin/python3 -W ignore:setup.py install is deprecated setup.py egg_info --egg-base ../../../build/turtlebot3_teleop build --build-base /home/wl/Documents/ros2_ws/build/turtlebot3_teleop/build install --record /home/wl/Documents/ros2_ws/build/turtlebot3_teleop/install.log --single-version-externally-managed install_data --force
