[0.009s] Invoking command in '/home/wl/Documents/ros2_ws/build/turtlebot3_bringup': AMENT_PREFIX_PATH=/home/wl/Documents/ros2_ws/install/turtlebot3_node:/home/wl/Documents/ros2_ws/install/turtlebot3_description:${AMENT_PREFIX_PATH} CMAKE_PREFIX_PATH=/home/wl/Documents/ros2_ws/install/turtlebot3_node:/home/wl/Documents/ros2_ws/install/turtlebot3_description:/opt/ros/foxy /usr/bin/cmake /home/wl/Documents/ros2_ws/src/turtlebot3/turtlebot3_bringup -DCMAKE_INSTALL_PREFIX=/home/wl/Documents/ros2_ws/install/turtlebot3_bringup
[0.019s] -- Found ament_cmake: 0.9.12 (/opt/ros/foxy/share/ament_cmake/cmake)
[0.035s] -- Using PYTHON_EXECUTABLE: /usr/bin/python3
[0.172s] -- Override CMake install command with custom implementation using symlinks instead of copying resources
[0.224s] -- Configuring done
[0.226s] -- Generating done
[0.226s] -- Build files have been written to: /home/wl/Documents/ros2_ws/build/turtlebot3_bringup
[0.229s] Invoked command in '/home/wl/Documents/ros2_ws/build/turtlebot3_bringup' returned '0': AMENT_PREFIX_PATH=/home/wl/Documents/ros2_ws/install/turtlebot3_node:/home/wl/Documents/ros2_ws/install/turtlebot3_description:${AMENT_PREFIX_PATH} CMAKE_PREFIX_PATH=/home/wl/Documents/ros2_ws/install/turtlebot3_node:/home/wl/Documents/ros2_ws/install/turtlebot3_description:/opt/ros/foxy /usr/bin/cmake /home/wl/Documents/ros2_ws/src/turtlebot3/turtlebot3_bringup -DCMAKE_INSTALL_PREFIX=/home/wl/Documents/ros2_ws/install/turtlebot3_bringup
[0.231s] Invoking command in '/home/wl/Documents/ros2_ws/build/turtlebot3_bringup': AMENT_PREFIX_PATH=/home/wl/Documents/ros2_ws/install/turtlebot3_node:/home/wl/Documents/ros2_ws/install/turtlebot3_description:${AMENT_PREFIX_PATH} CMAKE_PREFIX_PATH=/home/wl/Documents/ros2_ws/install/turtlebot3_node:/home/wl/Documents/ros2_ws/install/turtlebot3_description:/opt/ros/foxy /usr/bin/cmake --build /home/wl/Documents/ros2_ws/build/turtlebot3_bringup -- -j12 -l12
[0.254s] Invoked command in '/home/wl/Documents/ros2_ws/build/turtlebot3_bringup' returned '0': AMENT_PREFIX_PATH=/home/wl/Documents/ros2_ws/install/turtlebot3_node:/home/wl/Documents/ros2_ws/install/turtlebot3_description:${AMENT_PREFIX_PATH} CMAKE_PREFIX_PATH=/home/wl/Documents/ros2_ws/install/turtlebot3_node:/home/wl/Documents/ros2_ws/install/turtlebot3_description:/opt/ros/foxy /usr/bin/cmake --build /home/wl/Documents/ros2_ws/build/turtlebot3_bringup -- -j12 -l12
[0.268s] Invoking command in '/home/wl/Documents/ros2_ws/build/turtlebot3_bringup': AMENT_PREFIX_PATH=/home/wl/Documents/ros2_ws/install/turtlebot3_node:/home/wl/Documents/ros2_ws/install/turtlebot3_description:${AMENT_PREFIX_PATH} CMAKE_PREFIX_PATH=/home/wl/Documents/ros2_ws/install/turtlebot3_node:/home/wl/Documents/ros2_ws/install/turtlebot3_description:/opt/ros/foxy /usr/bin/cmake --install /home/wl/Documents/ros2_ws/build/turtlebot3_bringup
[0.273s] -- Install configuration: ""
[0.273s] -- Execute custom install script
[0.274s] -- Up-to-date symlink: /home/wl/Documents/ros2_ws/install/turtlebot3_bringup/share/turtlebot3_bringup/launch/robot.launch.py
[0.274s] -- Up-to-date symlink: /home/wl/Documents/ros2_ws/install/turtlebot3_bringup/share/turtlebot3_bringup/launch/rviz2.launch.py
[0.274s] -- Up-to-date symlink: /home/wl/Documents/ros2_ws/install/turtlebot3_bringup/share/turtlebot3_bringup/launch/turtlebot3_state_publisher.launch.py
[0.274s] -- Up-to-date symlink: /home/wl/Documents/ros2_ws/install/turtlebot3_bringup/share/turtlebot3_bringup/param/burger.yaml
[0.274s] -- Up-to-date symlink: /home/wl/Documents/ros2_ws/install/turtlebot3_bringup/share/turtlebot3_bringup/param/waffle.yaml
[0.274s] -- Up-to-date symlink: /home/wl/Documents/ros2_ws/install/turtlebot3_bringup/share/turtlebot3_bringup/param/waffle_pi.yaml
[0.274s] -- Up-to-date symlink: /home/wl/Documents/ros2_ws/install/turtlebot3_bringup/share/turtlebot3_bringup/script/99-turtlebot3-cdc.rules
[0.275s] -- Up-to-date symlink: /home/wl/Documents/ros2_ws/install/turtlebot3_bringup/share/turtlebot3_bringup/script/create_udev_rules
[0.275s] -- Up-to-date symlink: /home/wl/Documents/ros2_ws/install/turtlebot3_bringup/share/ament_index/resource_index/package_run_dependencies/turtlebot3_bringup
[0.275s] -- Up-to-date symlink: /home/wl/Documents/ros2_ws/install/turtlebot3_bringup/share/ament_index/resource_index/parent_prefix_path/turtlebot3_bringup
[0.275s] -- Up-to-date symlink: /home/wl/Documents/ros2_ws/install/turtlebot3_bringup/share/turtlebot3_bringup/environment/ament_prefix_path.sh
[0.275s] -- Up-to-date symlink: /home/wl/Documents/ros2_ws/install/turtlebot3_bringup/share/turtlebot3_bringup/environment/ament_prefix_path.dsv
[0.275s] -- Up-to-date symlink: /home/wl/Documents/ros2_ws/install/turtlebot3_bringup/share/turtlebot3_bringup/environment/path.sh
[0.275s] -- Up-to-date symlink: /home/wl/Documents/ros2_ws/install/turtlebot3_bringup/share/turtlebot3_bringup/environment/path.dsv
[0.275s] -- Up-to-date symlink: /home/wl/Documents/ros2_ws/install/turtlebot3_bringup/share/turtlebot3_bringup/local_setup.bash
[0.276s] -- Up-to-date symlink: /home/wl/Documents/ros2_ws/install/turtlebot3_bringup/share/turtlebot3_bringup/local_setup.sh
[0.276s] -- Up-to-date symlink: /home/wl/Documents/ros2_ws/install/turtlebot3_bringup/share/turtlebot3_bringup/local_setup.zsh
[0.276s] -- Up-to-date symlink: /home/wl/Documents/ros2_ws/install/turtlebot3_bringup/share/turtlebot3_bringup/local_setup.dsv
[0.276s] -- Symlinking: /home/wl/Documents/ros2_ws/install/turtlebot3_bringup/share/turtlebot3_bringup/package.dsv
[0.282s] -- Up-to-date symlink: /home/wl/Documents/ros2_ws/install/turtlebot3_bringup/share/ament_index/resource_index/packages/turtlebot3_bringup
[0.282s] -- Up-to-date symlink: /home/wl/Documents/ros2_ws/install/turtlebot3_bringup/share/turtlebot3_bringup/cmake/turtlebot3_bringupConfig.cmake
[0.282s] -- Up-to-date symlink: /home/wl/Documents/ros2_ws/install/turtlebot3_bringup/share/turtlebot3_bringup/cmake/turtlebot3_bringupConfig-version.cmake
[0.283s] -- Up-to-date symlink: /home/wl/Documents/ros2_ws/install/turtlebot3_bringup/share/turtlebot3_bringup/package.xml
[0.284s] Invoked command in '/home/wl/Documents/ros2_ws/build/turtlebot3_bringup' returned '0': AMENT_PREFIX_PATH=/home/wl/Documents/ros2_ws/install/turtlebot3_node:/home/wl/Documents/ros2_ws/install/turtlebot3_description:${AMENT_PREFIX_PATH} CMAKE_PREFIX_PATH=/home/wl/Documents/ros2_ws/install/turtlebot3_node:/home/wl/Documents/ros2_ws/install/turtlebot3_description:/opt/ros/foxy /usr/bin/cmake --install /home/wl/Documents/ros2_ws/build/turtlebot3_bringup
