[0.827s] Invoking command in '/home/wl/Documents/ros2_ws/src/turtlebot3/turtlebot3_example': PYTHONPATH=/home/wl/Documents/ros2_ws/build/turtlebot3_example/prefix_override:/usr/lib/python3/dist-packages/colcon_core/task/python/colcon_distutils_commands:/home/wl/Documents/ros2_ws/install/turtlebot3_example/lib/python3.8/site-packages:${PYTHONPATH} /usr/bin/python3 -W ignore:setup.py install is deprecated setup.py egg_info --egg-base ../../../build/turtlebot3_example build --build-base /home/wl/Documents/ros2_ws/build/turtlebot3_example/build install --record /home/wl/Documents/ros2_ws/build/turtlebot3_example/install.log --single-version-externally-managed install_data
[1.004s] running egg_info
[1.005s] writing ../../../build/turtlebot3_example/turtlebot3_example.egg-info/PKG-INFO
[1.005s] writing dependency_links to ../../../build/turtlebot3_example/turtlebot3_example.egg-info/dependency_links.txt
[1.005s] writing entry points to ../../../build/turtlebot3_example/turtlebot3_example.egg-info/entry_points.txt
[1.005s] writing requirements to ../../../build/turtlebot3_example/turtlebot3_example.egg-info/requires.txt
[1.005s] writing top-level names to ../../../build/turtlebot3_example/turtlebot3_example.egg-info/top_level.txt
[1.029s] reading manifest file '../../../build/turtlebot3_example/turtlebot3_example.egg-info/SOURCES.txt'
[1.029s] writing manifest file '../../../build/turtlebot3_example/turtlebot3_example.egg-info/SOURCES.txt'
[1.029s] running build
[1.030s] running build_py
[1.030s] running install
[1.031s] running install_lib
[1.032s] running install_data
[1.032s] running install_egg_info
[1.034s] removing '/home/wl/Documents/ros2_ws/install/turtlebot3_example/lib/python3.8/site-packages/turtlebot3_example-2.1.4-py3.8.egg-info' (and everything under it)
[1.034s] Copying ../../../build/turtlebot3_example/turtlebot3_example.egg-info to /home/wl/Documents/ros2_ws/install/turtlebot3_example/lib/python3.8/site-packages/turtlebot3_example-2.1.4-py3.8.egg-info
[1.034s] running install_scripts
[1.049s] Installing turtlebot3_obstacle_detection script to /home/wl/Documents/ros2_ws/install/turtlebot3_example/lib/turtlebot3_example
[1.049s] Installing turtlebot3_patrol_client script to /home/wl/Documents/ros2_ws/install/turtlebot3_example/lib/turtlebot3_example
[1.049s] Installing turtlebot3_patrol_server script to /home/wl/Documents/ros2_ws/install/turtlebot3_example/lib/turtlebot3_example
[1.049s] Installing turtlebot3_position_control script to /home/wl/Documents/ros2_ws/install/turtlebot3_example/lib/turtlebot3_example
[1.049s] writing list of installed files to '/home/wl/Documents/ros2_ws/build/turtlebot3_example/install.log'
[1.066s] Invoked command in '/home/wl/Documents/ros2_ws/src/turtlebot3/turtlebot3_example' returned '0': PYTHONPATH=/home/wl/Documents/ros2_ws/build/turtlebot3_example/prefix_override:/usr/lib/python3/dist-packages/colcon_core/task/python/colcon_distutils_commands:/home/wl/Documents/ros2_ws/install/turtlebot3_example/lib/python3.8/site-packages:${PYTHONPATH} /usr/bin/python3 -W ignore:setup.py install is deprecated setup.py egg_info --egg-base ../../../build/turtlebot3_example build --build-base /home/wl/Documents/ros2_ws/build/turtlebot3_example/build install --record /home/wl/Documents/ros2_ws/build/turtlebot3_example/install.log --single-version-externally-managed install_data
