[0.027s] Invoking command in '/home/wl/Documents/ros2_ws/build/turtlebot3_description': CMAKE_PREFIX_PATH=/opt/ros/foxy /usr/bin/cmake /home/wl/Documents/ros2_ws/src/turtlebot3/turtlebot3_description -DAMENT_CMAKE_SYMLINK_INSTALL=1 -DCMAKE_INSTALL_PREFIX=/home/wl/Documents/ros2_ws/install/turtlebot3_description
[0.377s] -- Found ament_cmake: 0.9.12 (/opt/ros/foxy/share/ament_cmake/cmake)
[0.377s] -- Using PYTHON_EXECUTABLE: /usr/bin/python3
[0.378s] -- Override CMake install command with custom implementation using symlinks instead of copying resources
[0.378s] -- Found urdf: 2.4.0 (/opt/ros/foxy/share/urdf/cmake)
[0.378s] -- Configuring done
[0.379s] -- Generating done
[0.379s] -- Build files have been written to: /home/wl/Documents/ros2_ws/build/turtlebot3_description
[0.389s] Invoked command in '/home/wl/Documents/ros2_ws/build/turtlebot3_description' returned '0': CMAKE_PREFIX_PATH=/opt/ros/foxy /usr/bin/cmake /home/wl/Documents/ros2_ws/src/turtlebot3/turtlebot3_description -DAMENT_CMAKE_SYMLINK_INSTALL=1 -DCMAKE_INSTALL_PREFIX=/home/wl/Documents/ros2_ws/install/turtlebot3_description
[0.391s] Invoking command in '/home/wl/Documents/ros2_ws/build/turtlebot3_description': CMAKE_PREFIX_PATH=/opt/ros/foxy /usr/bin/cmake --build /home/wl/Documents/ros2_ws/build/turtlebot3_description -- -j12 -l12
[0.413s] Invoked command in '/home/wl/Documents/ros2_ws/build/turtlebot3_description' returned '0': CMAKE_PREFIX_PATH=/opt/ros/foxy /usr/bin/cmake --build /home/wl/Documents/ros2_ws/build/turtlebot3_description -- -j12 -l12
[0.440s] Invoking command in '/home/wl/Documents/ros2_ws/build/turtlebot3_description': CMAKE_PREFIX_PATH=/opt/ros/foxy /usr/bin/cmake --install /home/wl/Documents/ros2_ws/build/turtlebot3_description
[0.448s] -- Install configuration: ""
[0.449s] -- Execute custom install script
[0.449s] -- Symlinking: /home/wl/Documents/ros2_ws/install/turtlebot3_description/share/turtlebot3_description/meshes/bases/burger_base.stl
[0.454s] -- Symlinking: /home/wl/Documents/ros2_ws/install/turtlebot3_description/share/turtlebot3_description/meshes/bases/waffle_base.stl
[0.462s] -- Symlinking: /home/wl/Documents/ros2_ws/install/turtlebot3_description/share/turtlebot3_description/meshes/bases/waffle_pi_base.stl
[0.467s] -- Symlinking: /home/wl/Documents/ros2_ws/install/turtlebot3_description/share/turtlebot3_description/meshes/sensors/astra.dae
[0.473s] -- Symlinking: /home/wl/Documents/ros2_ws/install/turtlebot3_description/share/turtlebot3_description/meshes/sensors/astra.jpg
[0.478s] -- Symlinking: /home/wl/Documents/ros2_ws/install/turtlebot3_description/share/turtlebot3_description/meshes/sensors/lds.stl
[0.483s] -- Symlinking: /home/wl/Documents/ros2_ws/install/turtlebot3_description/share/turtlebot3_description/meshes/sensors/r200.dae
[0.489s] -- Symlinking: /home/wl/Documents/ros2_ws/install/turtlebot3_description/share/turtlebot3_description/meshes/sensors/r200.jpg
[0.494s] -- Symlinking: /home/wl/Documents/ros2_ws/install/turtlebot3_description/share/turtlebot3_description/meshes/wheels/left_tire.stl
[0.500s] -- Symlinking: /home/wl/Documents/ros2_ws/install/turtlebot3_description/share/turtlebot3_description/meshes/wheels/right_tire.stl
[0.506s] -- Symlinking: /home/wl/Documents/ros2_ws/install/turtlebot3_description/share/turtlebot3_description/rviz/model.rviz
[0.511s] -- Symlinking: /home/wl/Documents/ros2_ws/install/turtlebot3_description/share/turtlebot3_description/urdf/common_properties.urdf
[0.517s] -- Symlinking: /home/wl/Documents/ros2_ws/install/turtlebot3_description/share/turtlebot3_description/urdf/turtlebot3_burger.urdf
[0.522s] -- Symlinking: /home/wl/Documents/ros2_ws/install/turtlebot3_description/share/turtlebot3_description/urdf/turtlebot3_waffle.urdf
[0.529s] -- Symlinking: /home/wl/Documents/ros2_ws/install/turtlebot3_description/share/turtlebot3_description/urdf/turtlebot3_waffle_pi.urdf
[0.534s] -- Symlinking: /home/wl/Documents/ros2_ws/install/turtlebot3_description/share/ament_index/resource_index/package_run_dependencies/turtlebot3_description
[0.541s] -- Symlinking: /home/wl/Documents/ros2_ws/install/turtlebot3_description/share/ament_index/resource_index/parent_prefix_path/turtlebot3_description
[0.547s] -- Symlinking: /home/wl/Documents/ros2_ws/install/turtlebot3_description/share/turtlebot3_description/environment/ament_prefix_path.sh
[0.553s] -- Symlinking: /home/wl/Documents/ros2_ws/install/turtlebot3_description/share/turtlebot3_description/environment/ament_prefix_path.dsv
[0.560s] -- Symlinking: /home/wl/Documents/ros2_ws/install/turtlebot3_description/share/turtlebot3_description/environment/path.sh
[0.567s] -- Symlinking: /home/wl/Documents/ros2_ws/install/turtlebot3_description/share/turtlebot3_description/environment/path.dsv
[0.576s] -- Symlinking: /home/wl/Documents/ros2_ws/install/turtlebot3_description/share/turtlebot3_description/local_setup.bash
[0.583s] -- Symlinking: /home/wl/Documents/ros2_ws/install/turtlebot3_description/share/turtlebot3_description/local_setup.sh
[0.591s] -- Symlinking: /home/wl/Documents/ros2_ws/install/turtlebot3_description/share/turtlebot3_description/local_setup.zsh
[0.598s] -- Symlinking: /home/wl/Documents/ros2_ws/install/turtlebot3_description/share/turtlebot3_description/local_setup.dsv
[0.604s] -- Symlinking: /home/wl/Documents/ros2_ws/install/turtlebot3_description/share/turtlebot3_description/package.dsv
[0.612s] -- Symlinking: /home/wl/Documents/ros2_ws/install/turtlebot3_description/share/ament_index/resource_index/packages/turtlebot3_description
[0.617s] -- Symlinking: /home/wl/Documents/ros2_ws/install/turtlebot3_description/share/turtlebot3_description/cmake/turtlebot3_descriptionConfig.cmake
[0.625s] -- Symlinking: /home/wl/Documents/ros2_ws/install/turtlebot3_description/share/turtlebot3_description/cmake/turtlebot3_descriptionConfig-version.cmake
[0.633s] -- Symlinking: /home/wl/Documents/ros2_ws/install/turtlebot3_description/share/turtlebot3_description/package.xml
[0.640s] Invoked command in '/home/wl/Documents/ros2_ws/build/turtlebot3_description' returned '0': CMAKE_PREFIX_PATH=/opt/ros/foxy /usr/bin/cmake --install /home/wl/Documents/ros2_ws/build/turtlebot3_description
