[0.706s] Invoking command in '/home/wl/Documents/ros2_ws/build/turtlebot3_example': PYTHONPATH=/home/wl/Documents/ros2_ws/build/turtlebot3_example/prefix_override:/usr/lib/python3/dist-packages/colcon_core/task/python/colcon_distutils_commands:/home/wl/Documents/ros2_ws/install/turtlebot3_example/lib/python3.8/site-packages:${PYTHONPATH} /usr/bin/python3 -W ignore:setup.py install is deprecated setup.py develop --editable --build-directory /home/wl/Documents/ros2_ws/build/turtlebot3_example/build --no-deps symlink_data --force
[0.861s] running develop
[0.953s] running egg_info
[0.953s] writing turtlebot3_example.egg-info/PKG-INFO
[0.953s] writing dependency_links to turtlebot3_example.egg-info/dependency_links.txt
[0.953s] writing entry points to turtlebot3_example.egg-info/entry_points.txt
[0.953s] writing requirements to turtlebot3_example.egg-info/requires.txt
[0.953s] writing top-level names to turtlebot3_example.egg-info/top_level.txt
[0.973s] reading manifest file 'turtlebot3_example.egg-info/SOURCES.txt'
[0.974s] writing manifest file 'turtlebot3_example.egg-info/SOURCES.txt'
[0.993s] running build_ext
[0.994s] Creating /home/wl/Documents/ros2_ws/install/turtlebot3_example/lib/python3.8/site-packages/site.py
[0.995s] Creating /home/wl/Documents/ros2_ws/install/turtlebot3_example/lib/python3.8/site-packages/turtlebot3-example.egg-link (link to .)
[0.996s] Installing turtlebot3_obstacle_detection script to /home/wl/Documents/ros2_ws/install/turtlebot3_example/lib/turtlebot3_example
[0.996s] Installing turtlebot3_patrol_client script to /home/wl/Documents/ros2_ws/install/turtlebot3_example/lib/turtlebot3_example
[0.996s] Installing turtlebot3_patrol_server script to /home/wl/Documents/ros2_ws/install/turtlebot3_example/lib/turtlebot3_example
[0.996s] Installing turtlebot3_position_control script to /home/wl/Documents/ros2_ws/install/turtlebot3_example/lib/turtlebot3_example
[0.996s] 
[0.996s] Installed /home/wl/Documents/ros2_ws/build/turtlebot3_example
[0.996s] running symlink_data
[0.996s] symbolically linking /home/wl/Documents/ros2_ws/build/turtlebot3_example/resource/turtlebot3_example -> /home/wl/Documents/ros2_ws/install/turtlebot3_example/share/ament_index/resource_index/packages
[0.996s] symbolically linking /home/wl/Documents/ros2_ws/build/turtlebot3_example/package.xml -> /home/wl/Documents/ros2_ws/install/turtlebot3_example/share/turtlebot3_example
[1.016s] Invoked command in '/home/wl/Documents/ros2_ws/build/turtlebot3_example' returned '0': PYTHONPATH=/home/wl/Documents/ros2_ws/build/turtlebot3_example/prefix_override:/usr/lib/python3/dist-packages/colcon_core/task/python/colcon_distutils_commands:/home/wl/Documents/ros2_ws/install/turtlebot3_example/lib/python3.8/site-packages:${PYTHONPATH} /usr/bin/python3 -W ignore:setup.py install is deprecated setup.py develop --editable --build-directory /home/wl/Documents/ros2_ws/build/turtlebot3_example/build --no-deps symlink_data --force
