[0.209s] Invoking command in '/home/wl/Documents/ros2_ws/build/turtlebot3_gazebo': CMAKE_PREFIX_PATH=/opt/ros/foxy /usr/bin/cmake /home/wl/Documents/ros2_ws/src/turtlebot3_simulations/turtlebot3_gazebo -DCMAKE_INSTALL_PREFIX=/home/wl/Documents/ros2_ws/install/turtlebot3_gazebo
[0.421s] -- The C compiler identification is GNU 9.4.0
[0.422s] -- The CXX compiler identification is GNU 9.4.0
[0.422s] -- Check for working C compiler: /usr/bin/cc
[0.422s] -- Check for working C compiler: /usr/bin/cc -- works
[0.422s] -- Detecting C compiler ABI info
[0.422s] -- Detecting C compiler ABI info - done
[0.423s] -- Detecting C compile features
[0.424s] -- Detecting C compile features - done
[0.426s] -- Check for working CXX compiler: /usr/bin/c++
[0.492s] -- Check for working CXX compiler: /usr/bin/c++ -- works
[0.494s] -- Detecting CXX compiler ABI info
[0.565s] -- Detecting CXX compiler ABI info - done
[0.575s] -- Detecting CXX compile features
[0.575s] -- Detecting CXX compile features - done
[0.577s] -- Found ament_cmake: 0.9.12 (/opt/ros/foxy/share/ament_cmake/cmake)
[0.597s] -- Found PythonInterp: /usr/bin/python3 (found suitable version "3.8.10", minimum required is "3") 
[0.597s] -- Using PYTHON_EXECUTABLE: /usr/bin/python3
[0.778s] -- Found PkgConfig: /usr/bin/pkg-config (found version "0.29.1") 
[0.781s] -- Checking for module 'bullet>=2.82'
[0.791s] --   Found bullet, version 2.88
[0.898s] -- Found ccd: /usr/include (found suitable version "2.0", minimum required is "2.0") 
[0.949s] -- Found fcl: /usr/include (found suitable version "0.5.0", minimum required is "0.3.2") 
[0.994s] -- Found assimp: /usr/include (found version "5.0.0") 
[1.021s] -- Found DART: /usr/include (Required is at least version "6.6") found components: dart 
[1.222s] -- Found Boost: /usr/lib/x86_64-linux-gnu/cmake/Boost-1.71.0/BoostConfig.cmake (found suitable version "1.71.0", minimum required is "1.40.0") found components: thread system filesystem program_options regex iostreams date_time 
[1.243s] -- Found Protobuf: /usr/lib/x86_64-linux-gnu/libprotobuf.so;-lpthread (found version "3.6.1") 
[1.248s] -- Looking for ignition-math6 -- found version 6.15.1
[1.255s] -- Searching for dependencies of ignition-math6
[1.258s] -- Looking for OGRE...
[1.258s] -- OGRE_PREFIX_WATCH changed.
[1.262s] -- Checking for module 'OGRE'
[1.273s] --   Found OGRE, version 1.9.0
[1.298s] -- Found Ogre Ghadamon (1.9.0)
[1.307s] -- Found OGRE: optimized;/usr/lib/x86_64-linux-gnu/libOgreMain.so;debug;/usr/lib/x86_64-linux-gnu/libOgreMain.so
[1.317s] -- Looking for OGRE_Paging...
[1.324s] -- Found OGRE_Paging: optimized;/usr/lib/x86_64-linux-gnu/libOgrePaging.so;debug;/usr/lib/x86_64-linux-gnu/libOgrePaging.so
[1.324s] -- Looking for OGRE_Terrain...
[1.330s] -- Found OGRE_Terrain: optimized;/usr/lib/x86_64-linux-gnu/libOgreTerrain.so;debug;/usr/lib/x86_64-linux-gnu/libOgreTerrain.so
[1.330s] -- Looking for OGRE_Property...
[1.334s] -- Found OGRE_Property: optimized;/usr/lib/x86_64-linux-gnu/libOgreProperty.so;debug;/usr/lib/x86_64-linux-gnu/libOgreProperty.so
[1.334s] -- Looking for OGRE_RTShaderSystem...
[1.338s] -- Found OGRE_RTShaderSystem: optimized;/usr/lib/x86_64-linux-gnu/libOgreRTShaderSystem.so;debug;/usr/lib/x86_64-linux-gnu/libOgreRTShaderSystem.so
[1.338s] -- Looking for OGRE_Volume...
[1.342s] -- Found OGRE_Volume: optimized;/usr/lib/x86_64-linux-gnu/libOgreVolume.so;debug;/usr/lib/x86_64-linux-gnu/libOgreVolume.so
[1.342s] -- Looking for OGRE_Overlay...
[1.346s] -- Found OGRE_Overlay: optimized;/usr/lib/x86_64-linux-gnu/libOgreOverlay.so;debug;/usr/lib/x86_64-linux-gnu/libOgreOverlay.so
[1.433s] -- Looking for ignition-math6 -- found version 6.15.1
[1.435s] -- Looking for ignition-transport8 -- found version 8.3.0
[1.435s] -- Searching for dependencies of ignition-transport8
[1.448s] -- Found Protobuf: /usr/lib/x86_64-linux-gnu/libprotobuf.so;-lpthread (found suitable version "3.6.1", minimum required is "3") 
[1.456s] -- Config-file not installed for ZeroMQ -- checking for pkg-config
[1.460s] -- Checking for module 'libzmq >= 4'
[1.472s] --   Found libzmq , version 4.3.2
[1.499s] -- Found ZeroMQ: TRUE (Required is at least version "4") 
[1.504s] -- Checking for module 'uuid'
[1.515s] --   Found uuid, version 2.34.0
[1.542s] -- Found UUID: TRUE  
[1.544s] -- Looking for ignition-msgs5 -- found version 5.10.0
[1.545s] -- Searching for dependencies of ignition-msgs5
[1.563s] -- Looking for ignition-math6 -- found version 6.15.1
[1.567s] -- Checking for module 'tinyxml2'
[1.577s] --   Found tinyxml2, version 6.2.0
[1.603s] -- Looking for ignition-msgs5 -- found version 5.10.0
[1.605s] -- Looking for ignition-common3 -- found version 3.14.2
[1.605s] -- Searching for dependencies of ignition-common3
[1.605s] -- Looking for dlfcn.h - found
[1.606s] -- Looking for libdl - found
[1.607s] -- Found DL: TRUE  
[1.614s] -- Searching for <ignition-common3> component [graphics]
[1.615s] -- Looking for ignition-common3-graphics -- found version 3.14.2
[1.616s] -- Searching for dependencies of ignition-common3-graphics
[1.616s] -- Looking for ignition-math6 -- found version 6.15.1
[1.618s] -- Looking for ignition-fuel_tools4 -- found version 4.6.0
[1.619s] -- Searching for dependencies of ignition-fuel_tools4
[1.668s] -- Found CURL: /usr/lib/x86_64-linux-gnu/libcurl.so (found version "7.68.0")  
[1.676s] -- Checking for module 'jsoncpp'
[1.685s] --   Found jsoncpp, version 1.7.4
[1.711s] -- Found JSONCPP: TRUE  
[1.716s] -- Checking for module 'libzip'
[1.727s] --   Found libzip, version 1.5.1
[1.756s] -- Found ZIP: TRUE  
[1.756s] -- Looking for ignition-common3 -- found version 3.14.2
[1.757s] -- Looking for ignition-math6 -- found version 6.15.1
[1.757s] -- Looking for ignition-msgs5 -- found version 5.10.0
[1.761s] -- Found gazebo_ros_pkgs: 3.5.3 (/opt/ros/foxy/share/gazebo_ros_pkgs/cmake)
[1.762s] -- Found geometry_msgs: 2.0.5 (/opt/ros/foxy/share/geometry_msgs/cmake)
[1.789s] -- Using all available rosidl_typesupport_c: rosidl_typesupport_fastrtps_c;rosidl_typesupport_introspection_c
[1.796s] -- Found rosidl_adapter: 1.3.1 (/opt/ros/foxy/share/rosidl_adapter/cmake)
[2.118s] -- Found OpenSSL: /usr/lib/x86_64-linux-gnu/libcrypto.so (found version "1.1.1f")  
[2.167s] -- Found FastRTPS: /opt/ros/foxy/include  
[2.337s] -- Using all available rosidl_typesupport_cpp: rosidl_typesupport_fastrtps_cpp;rosidl_typesupport_introspection_cpp
[2.548s] -- Found nav_msgs: 2.0.5 (/opt/ros/foxy/share/nav_msgs/cmake)
[2.628s] -- Found rclcpp: 2.4.3 (/opt/ros/foxy/share/rclcpp/cmake)
[2.678s] -- Found rmw_implementation_cmake: 1.0.4 (/opt/ros/foxy/share/rmw_implementation_cmake/cmake)
[2.679s] -- Using RMW implementation 'rmw_fastrtps_cpp' as default
[2.681s] -- Found Threads: TRUE  
[2.840s] -- Found sensor_msgs: 2.0.5 (/opt/ros/foxy/share/sensor_msgs/cmake)
[2.921s] -- Found tf2: 0.13.14 (/opt/ros/foxy/share/tf2/cmake)
[3.009s] -- Configuring done
[3.074s] -- Generating done
[3.082s] -- Build files have been written to: /home/wl/Documents/ros2_ws/build/turtlebot3_gazebo
[3.098s] Invoked command in '/home/wl/Documents/ros2_ws/build/turtlebot3_gazebo' returned '0': CMAKE_PREFIX_PATH=/opt/ros/foxy /usr/bin/cmake /home/wl/Documents/ros2_ws/src/turtlebot3_simulations/turtlebot3_gazebo -DCMAKE_INSTALL_PREFIX=/home/wl/Documents/ros2_ws/install/turtlebot3_gazebo
[3.099s] Invoking command in '/home/wl/Documents/ros2_ws/build/turtlebot3_gazebo': CMAKE_PREFIX_PATH=/opt/ros/foxy /usr/bin/cmake --build /home/wl/Documents/ros2_ws/build/turtlebot3_gazebo -- -j12 -l12
[3.209s] [35m[1mScanning dependencies of target obstacles[0m
[3.265s] [35m[1mScanning dependencies of target obstacle2[0m
[3.267s] [35m[1mScanning dependencies of target turtlebot3_drive[0m
[3.280s] [35m[1mScanning dependencies of target obstacle1[0m
[3.410s] [ 12%] [32mBuilding CXX object CMakeFiles/turtlebot3_drive.dir/src/turtlebot3_drive.cpp.o[0m
[3.489s] [ 25%] [32mBuilding CXX object CMakeFiles/obstacle1.dir/models/turtlebot3_dqn_world/obstacle_plugin/obstacle1.cc.o[0m
[3.496s] [ 37%] [32mBuilding CXX object CMakeFiles/obstacle2.dir/models/turtlebot3_dqn_world/obstacle_plugin/obstacle2.cc.o[0m
[3.515s] [ 50%] [32mBuilding CXX object CMakeFiles/obstacles.dir/models/turtlebot3_dqn_world/obstacle_plugin/obstacles.cc.o[0m
[9.214s] [ 62%] [32m[1mLinking CXX executable turtlebot3_drive[0m
[9.425s] [ 62%] Built target turtlebot3_drive
[10.683s] [ 75%] [32m[1mLinking CXX shared library libobstacles.so[0m
[10.770s] [ 87%] [32m[1mLinking CXX shared library libobstacle1.so[0m
[10.881s] [ 87%] Built target obstacles
[10.950s] [ 87%] Built target obstacle1
[10.987s] [100%] [32m[1mLinking CXX shared library libobstacle2.so[0m
[11.157s] [100%] Built target obstacle2
