[0.053s] Invoking command in '/home/wl/Documents/ros2_ws/build/turtlebot3_node': CMAKE_PREFIX_PATH=${CMAKE_PREFIX_PATH}:/home/wl/Documents/ros2_ws/install/turtlebot3_teleop:/home/wl/Documents/ros2_ws/install/turtlebot3_example:/opt/ros/foxy /usr/bin/cmake --build /home/wl/Documents/ros2_ws/build/turtlebot3_node -- -j12 -l12
[0.412s] [ 85%] Built target turtlebot3_node_lib
[0.412s] [100%] Built target turtlebot3_ros
[0.416s] Invoked command in '/home/wl/Documents/ros2_ws/build/turtlebot3_node' returned '0': CMAKE_PREFIX_PATH=${CMAKE_PREFIX_PATH}:/home/wl/Documents/ros2_ws/install/turtlebot3_teleop:/home/wl/Documents/ros2_ws/install/turtlebot3_example:/opt/ros/foxy /usr/bin/cmake --build /home/wl/Documents/ros2_ws/build/turtlebot3_node -- -j12 -l12
[0.475s] Invoking command in '/home/wl/Documents/ros2_ws/build/turtlebot3_node': CMAKE_PREFIX_PATH=${CMAKE_PREFIX_PATH}:/home/wl/Documents/ros2_ws/install/turtlebot3_teleop:/home/wl/Documents/ros2_ws/install/turtlebot3_example:/opt/ros/foxy /usr/bin/cmake --install /home/wl/Documents/ros2_ws/build/turtlebot3_node
[0.487s] -- Install configuration: ""
[0.487s] -- Execute custom install script
[0.487s] -- Up-to-date symlink: /home/wl/Documents/ros2_ws/install/turtlebot3_node/share/turtlebot3_node/param/burger.yaml
[0.487s] -- Up-to-date symlink: /home/wl/Documents/ros2_ws/install/turtlebot3_node/share/turtlebot3_node/param/waffle.yaml
[0.487s] -- Up-to-date symlink: /home/wl/Documents/ros2_ws/install/turtlebot3_node/share/turtlebot3_node/param/waffle_pi.yaml
[0.487s] -- Up-to-date symlink: /home/wl/Documents/ros2_ws/install/turtlebot3_node/lib/turtlebot3_node/turtlebot3_ros
[0.487s] -- Up-to-date symlink: /home/wl/Documents/ros2_ws/install/turtlebot3_node/share/ament_index/resource_index/package_run_dependencies/turtlebot3_node
[0.487s] -- Up-to-date symlink: /home/wl/Documents/ros2_ws/install/turtlebot3_node/share/ament_index/resource_index/parent_prefix_path/turtlebot3_node
[0.487s] -- Up-to-date symlink: /home/wl/Documents/ros2_ws/install/turtlebot3_node/share/turtlebot3_node/environment/ament_prefix_path.sh
[0.488s] -- Up-to-date symlink: /home/wl/Documents/ros2_ws/install/turtlebot3_node/share/turtlebot3_node/environment/ament_prefix_path.dsv
[0.488s] -- Up-to-date symlink: /home/wl/Documents/ros2_ws/install/turtlebot3_node/share/turtlebot3_node/environment/path.sh
[0.488s] -- Up-to-date symlink: /home/wl/Documents/ros2_ws/install/turtlebot3_node/share/turtlebot3_node/environment/path.dsv
[0.488s] -- Up-to-date symlink: /home/wl/Documents/ros2_ws/install/turtlebot3_node/share/turtlebot3_node/local_setup.bash
[0.488s] -- Up-to-date symlink: /home/wl/Documents/ros2_ws/install/turtlebot3_node/share/turtlebot3_node/local_setup.sh
[0.488s] -- Up-to-date symlink: /home/wl/Documents/ros2_ws/install/turtlebot3_node/share/turtlebot3_node/local_setup.zsh
[0.488s] -- Up-to-date symlink: /home/wl/Documents/ros2_ws/install/turtlebot3_node/share/turtlebot3_node/local_setup.dsv
[0.488s] -- Symlinking: /home/wl/Documents/ros2_ws/install/turtlebot3_node/share/turtlebot3_node/package.dsv
[0.493s] -- Up-to-date symlink: /home/wl/Documents/ros2_ws/install/turtlebot3_node/share/ament_index/resource_index/packages/turtlebot3_node
[0.493s] -- Up-to-date symlink: /home/wl/Documents/ros2_ws/install/turtlebot3_node/share/turtlebot3_node/cmake/ament_cmake_export_include_directories-extras.cmake
[0.493s] -- Up-to-date symlink: /home/wl/Documents/ros2_ws/install/turtlebot3_node/share/turtlebot3_node/cmake/turtlebot3_nodeConfig.cmake
[0.493s] -- Up-to-date symlink: /home/wl/Documents/ros2_ws/install/turtlebot3_node/share/turtlebot3_node/cmake/turtlebot3_nodeConfig-version.cmake
[0.493s] -- Up-to-date symlink: /home/wl/Documents/ros2_ws/install/turtlebot3_node/share/turtlebot3_node/package.xml
[0.538s] Invoked command in '/home/wl/Documents/ros2_ws/build/turtlebot3_node' returned '0': CMAKE_PREFIX_PATH=${CMAKE_PREFIX_PATH}:/home/wl/Documents/ros2_ws/install/turtlebot3_teleop:/home/wl/Documents/ros2_ws/install/turtlebot3_example:/opt/ros/foxy /usr/bin/cmake --install /home/wl/Documents/ros2_ws/build/turtlebot3_node
