[0.827s] Invoking command in '/home/wl/Documents/ros2_ws/src/turtlebot3/turtlebot3_teleop': PYTHONPATH=/home/wl/Documents/ros2_ws/build/turtlebot3_teleop/prefix_override:/usr/lib/python3/dist-packages/colcon_core/task/python/colcon_distutils_commands:/home/wl/Documents/ros2_ws/install/turtlebot3_teleop/lib/python3.8/site-packages:${PYTHONPATH} /usr/bin/python3 -W ignore:setup.py install is deprecated setup.py egg_info --egg-base ../../../build/turtlebot3_teleop build --build-base /home/wl/Documents/ros2_ws/build/turtlebot3_teleop/build install --record /home/wl/Documents/ros2_ws/build/turtlebot3_teleop/install.log --single-version-externally-managed install_data
[0.998s] running egg_info
[0.999s] writing ../../../build/turtlebot3_teleop/turtlebot3_teleop.egg-info/PKG-INFO
[0.999s] writing dependency_links to ../../../build/turtlebot3_teleop/turtlebot3_teleop.egg-info/dependency_links.txt
[0.999s] writing entry points to ../../../build/turtlebot3_teleop/turtlebot3_teleop.egg-info/entry_points.txt
[0.999s] writing requirements to ../../../build/turtlebot3_teleop/turtlebot3_teleop.egg-info/requires.txt
[0.999s] writing top-level names to ../../../build/turtlebot3_teleop/turtlebot3_teleop.egg-info/top_level.txt
[1.022s] reading manifest file '../../../build/turtlebot3_teleop/turtlebot3_teleop.egg-info/SOURCES.txt'
[1.023s] writing manifest file '../../../build/turtlebot3_teleop/turtlebot3_teleop.egg-info/SOURCES.txt'
[1.023s] running build
[1.023s] running build_py
[1.023s] running install
[1.024s] running install_lib
[1.025s] running install_data
[1.025s] running install_egg_info
[1.027s] removing '/home/wl/Documents/ros2_ws/install/turtlebot3_teleop/lib/python3.8/site-packages/turtlebot3_teleop-2.1.4-py3.8.egg-info' (and everything under it)
[1.027s] Copying ../../../build/turtlebot3_teleop/turtlebot3_teleop.egg-info to /home/wl/Documents/ros2_ws/install/turtlebot3_teleop/lib/python3.8/site-packages/turtlebot3_teleop-2.1.4-py3.8.egg-info
[1.028s] running install_scripts
[1.040s] Installing teleop_keyboard script to /home/wl/Documents/ros2_ws/install/turtlebot3_teleop/lib/turtlebot3_teleop
[1.041s] writing list of installed files to '/home/wl/Documents/ros2_ws/build/turtlebot3_teleop/install.log'
[1.061s] Invoked command in '/home/wl/Documents/ros2_ws/src/turtlebot3/turtlebot3_teleop' returned '0': PYTHONPATH=/home/wl/Documents/ros2_ws/build/turtlebot3_teleop/prefix_override:/usr/lib/python3/dist-packages/colcon_core/task/python/colcon_distutils_commands:/home/wl/Documents/ros2_ws/install/turtlebot3_teleop/lib/python3.8/site-packages:${PYTHONPATH} /usr/bin/python3 -W ignore:setup.py install is deprecated setup.py egg_info --egg-base ../../../build/turtlebot3_teleop build --build-base /home/wl/Documents/ros2_ws/build/turtlebot3_teleop/build install --record /home/wl/Documents/ros2_ws/build/turtlebot3_teleop/install.log --single-version-externally-managed install_data
