[0.031s] Invoking command in '/home/wl/Documents/ros2_ws/build/turtlebot3_description': CMAKE_PREFIX_PATH=/opt/ros/foxy /usr/bin/cmake /home/wl/Documents/ros2_ws/src/turtlebot3/turtlebot3_description -DCMAKE_INSTALL_PREFIX=/home/wl/Documents/ros2_ws/install/turtlebot3_description
[0.435s] -- The C compiler identification is GNU 9.4.0
[0.435s] -- The CXX compiler identification is GNU 9.4.0
[0.435s] -- Check for working C compiler: /usr/bin/cc
[0.435s] -- Check for working C compiler: /usr/bin/cc -- works
[0.435s] -- Detecting C compiler ABI info
[0.435s] -- Detecting C compiler ABI info - done
[0.435s] -- Detecting C compile features
[0.435s] -- Detecting C compile features - done
[0.436s] -- Check for working CXX compiler: /usr/bin/c++
[0.436s] -- Check for working CXX compiler: /usr/bin/c++ -- works
[0.436s] -- Detecting CXX compiler ABI info
[0.436s] -- Detecting CXX compiler ABI info - done
[0.436s] -- Detecting CXX compile features
[0.436s] -- Detecting CXX compile features - done
[0.436s] -- Found ament_cmake: 0.9.12 (/opt/ros/foxy/share/ament_cmake/cmake)
[0.436s] -- Found PythonInterp: /usr/bin/python3 (found suitable version "3.8.10", minimum required is "3") 
[0.436s] -- Using PYTHON_EXECUTABLE: /usr/bin/python3
[0.545s] -- Found urdf: 2.4.0 (/opt/ros/foxy/share/urdf/cmake)
[0.627s] -- Configuring done
[0.629s] -- Generating done
[0.629s] -- Build files have been written to: /home/wl/Documents/ros2_ws/build/turtlebot3_description
[0.635s] Invoked command in '/home/wl/Documents/ros2_ws/build/turtlebot3_description' returned '0': CMAKE_PREFIX_PATH=/opt/ros/foxy /usr/bin/cmake /home/wl/Documents/ros2_ws/src/turtlebot3/turtlebot3_description -DCMAKE_INSTALL_PREFIX=/home/wl/Documents/ros2_ws/install/turtlebot3_description
[0.637s] Invoking command in '/home/wl/Documents/ros2_ws/build/turtlebot3_description': CMAKE_PREFIX_PATH=/opt/ros/foxy /usr/bin/cmake --build /home/wl/Documents/ros2_ws/build/turtlebot3_description -- -j12 -l12
[0.668s] Invoked command in '/home/wl/Documents/ros2_ws/build/turtlebot3_description' returned '0': CMAKE_PREFIX_PATH=/opt/ros/foxy /usr/bin/cmake --build /home/wl/Documents/ros2_ws/build/turtlebot3_description -- -j12 -l12
[0.688s] Invoking command in '/home/wl/Documents/ros2_ws/build/turtlebot3_description': CMAKE_PREFIX_PATH=/opt/ros/foxy /usr/bin/cmake --install /home/wl/Documents/ros2_ws/build/turtlebot3_description
[0.696s] -- Install configuration: ""
[0.696s] -- Installing: /home/wl/Documents/ros2_ws/install/turtlebot3_description/share/turtlebot3_description/meshes
[0.697s] -- Installing: /home/wl/Documents/ros2_ws/install/turtlebot3_description/share/turtlebot3_description/meshes/sensors
[0.698s] -- Installing: /home/wl/Documents/ros2_ws/install/turtlebot3_description/share/turtlebot3_description/meshes/sensors/astra.jpg
[0.698s] -- Installing: /home/wl/Documents/ros2_ws/install/turtlebot3_description/share/turtlebot3_description/meshes/sensors/astra.dae
[0.703s] -- Installing: /home/wl/Documents/ros2_ws/install/turtlebot3_description/share/turtlebot3_description/meshes/sensors/lds.stl
[0.704s] -- Installing: /home/wl/Documents/ros2_ws/install/turtlebot3_description/share/turtlebot3_description/meshes/sensors/r200.dae
[0.704s] -- Installing: /home/wl/Documents/ros2_ws/install/turtlebot3_description/share/turtlebot3_description/meshes/sensors/r200.jpg
[0.704s] -- Installing: /home/wl/Documents/ros2_ws/install/turtlebot3_description/share/turtlebot3_description/meshes/bases
[0.704s] -- Installing: /home/wl/Documents/ros2_ws/install/turtlebot3_description/share/turtlebot3_description/meshes/bases/waffle_base.stl
[0.717s] -- Installing: /home/wl/Documents/ros2_ws/install/turtlebot3_description/share/turtlebot3_description/meshes/bases/waffle_pi_base.stl
[0.723s] -- Installing: /home/wl/Documents/ros2_ws/install/turtlebot3_description/share/turtlebot3_description/meshes/bases/burger_base.stl
[0.728s] -- Installing: /home/wl/Documents/ros2_ws/install/turtlebot3_description/share/turtlebot3_description/meshes/wheels
[0.728s] -- Installing: /home/wl/Documents/ros2_ws/install/turtlebot3_description/share/turtlebot3_description/meshes/wheels/right_tire.stl
[0.729s] -- Installing: /home/wl/Documents/ros2_ws/install/turtlebot3_description/share/turtlebot3_description/meshes/wheels/left_tire.stl
[0.730s] -- Installing: /home/wl/Documents/ros2_ws/install/turtlebot3_description/share/turtlebot3_description/rviz
[0.730s] -- Installing: /home/wl/Documents/ros2_ws/install/turtlebot3_description/share/turtlebot3_description/rviz/model.rviz
[0.730s] -- Installing: /home/wl/Documents/ros2_ws/install/turtlebot3_description/share/turtlebot3_description/urdf
[0.730s] -- Installing: /home/wl/Documents/ros2_ws/install/turtlebot3_description/share/turtlebot3_description/urdf/turtlebot3_waffle.urdf
[0.730s] -- Installing: /home/wl/Documents/ros2_ws/install/turtlebot3_description/share/turtlebot3_description/urdf/turtlebot3_waffle_pi.urdf
[0.730s] -- Installing: /home/wl/Documents/ros2_ws/install/turtlebot3_description/share/turtlebot3_description/urdf/common_properties.urdf
[0.730s] -- Installing: /home/wl/Documents/ros2_ws/install/turtlebot3_description/share/turtlebot3_description/urdf/turtlebot3_burger.urdf
[0.730s] -- Installing: /home/wl/Documents/ros2_ws/install/turtlebot3_description/share/ament_index/resource_index/package_run_dependencies/turtlebot3_description
[0.730s] -- Installing: /home/wl/Documents/ros2_ws/install/turtlebot3_description/share/ament_index/resource_index/parent_prefix_path/turtlebot3_description
[0.730s] -- Installing: /home/wl/Documents/ros2_ws/install/turtlebot3_description/share/turtlebot3_description/environment/ament_prefix_path.sh
[0.730s] -- Installing: /home/wl/Documents/ros2_ws/install/turtlebot3_description/share/turtlebot3_description/environment/ament_prefix_path.dsv
[0.731s] -- Installing: /home/wl/Documents/ros2_ws/install/turtlebot3_description/share/turtlebot3_description/environment/path.sh
[0.731s] -- Installing: /home/wl/Documents/ros2_ws/install/turtlebot3_description/share/turtlebot3_description/environment/path.dsv
[0.731s] -- Installing: /home/wl/Documents/ros2_ws/install/turtlebot3_description/share/turtlebot3_description/local_setup.bash
[0.731s] -- Installing: /home/wl/Documents/ros2_ws/install/turtlebot3_description/share/turtlebot3_description/local_setup.sh
[0.731s] -- Installing: /home/wl/Documents/ros2_ws/install/turtlebot3_description/share/turtlebot3_description/local_setup.zsh
[0.731s] -- Installing: /home/wl/Documents/ros2_ws/install/turtlebot3_description/share/turtlebot3_description/local_setup.dsv
[0.731s] -- Installing: /home/wl/Documents/ros2_ws/install/turtlebot3_description/share/turtlebot3_description/package.dsv
[0.731s] -- Installing: /home/wl/Documents/ros2_ws/install/turtlebot3_description/share/ament_index/resource_index/packages/turtlebot3_description
[0.731s] -- Installing: /home/wl/Documents/ros2_ws/install/turtlebot3_description/share/turtlebot3_description/cmake/turtlebot3_descriptionConfig.cmake
[0.731s] -- Installing: /home/wl/Documents/ros2_ws/install/turtlebot3_description/share/turtlebot3_description/cmake/turtlebot3_descriptionConfig-version.cmake
[0.732s] -- Installing: /home/wl/Documents/ros2_ws/install/turtlebot3_description/share/turtlebot3_description/package.xml
[0.734s] Invoked command in '/home/wl/Documents/ros2_ws/build/turtlebot3_description' returned '0': CMAKE_PREFIX_PATH=/opt/ros/foxy /usr/bin/cmake --install /home/wl/Documents/ros2_ws/build/turtlebot3_description
