-- Found ament_cmake: 0.9.12 (/opt/ros/foxy/share/ament_cmake/cmake)
-- Using PYTHON_EXECUTABLE: /usr/bin/python3
-- Override CMake install command with custom implementation using symlinks instead of copying resources
-- Found dynamixel_sdk: 3.7.40 (/opt/ros/foxy/share/dynamixel_sdk/cmake)
-- Found geometry_msgs: 2.0.5 (/opt/ros/foxy/share/geometry_msgs/cmake)
-- Using all available rosidl_typesupport_c: rosidl_typesupport_fastrtps_c;rosidl_typesupport_introspection_c
-- Found rosidl_adapter: 1.3.1 (/opt/ros/foxy/share/rosidl_adapter/cmake)
-- Using all available rosidl_typesupport_cpp: rosidl_typesupport_fastrtps_cpp;rosidl_typesupport_introspection_cpp
-- Found message_filters: 3.2.7 (/opt/ros/foxy/share/message_filters/cmake)
-- Found nav_msgs: 2.0.5 (/opt/ros/foxy/share/nav_msgs/cmake)
-- Found rclcpp: 2.4.3 (/opt/ros/foxy/share/rclcpp/cmake)
-- Found rmw_implementation_cmake: 1.0.4 (/opt/ros/foxy/share/rmw_implementation_cmake/cmake)
-- Using RMW implementation 'rmw_fastrtps_cpp' as default
-- Found sensor_msgs: 2.0.5 (/opt/ros/foxy/share/sensor_msgs/cmake)
-- Found std_srvs: 2.0.5 (/opt/ros/foxy/share/std_srvs/cmake)
-- Found tf2: 0.13.14 (/opt/ros/foxy/share/tf2/cmake)
-- Found tf2_ros: 0.13.14 (/opt/ros/foxy/share/tf2_ros/cmake)
-- Found turtlebot3_msgs: 2.2.1 (/opt/ros/foxy/share/turtlebot3_msgs/cmake)
-- Configuring done
-- Generating done
-- Build files have been written to: /home/wl/Documents/ros2_ws/build/turtlebot3_node
[ 85%] Built target turtlebot3_node_lib
[ 92%] [32mBuilding CXX object CMakeFiles/turtlebot3_ros.dir/src/node_main.cpp.o[0m
[100%] [32m[1mLinking CXX executable turtlebot3_ros[0m
[100%] Built target turtlebot3_ros
-- Install configuration: ""
-- Execute custom install script
-- Symlinking: /home/wl/Documents/ros2_ws/install/turtlebot3_node/share/turtlebot3_node/param/burger.yaml
-- Symlinking: /home/wl/Documents/ros2_ws/install/turtlebot3_node/share/turtlebot3_node/param/waffle.yaml
-- Symlinking: /home/wl/Documents/ros2_ws/install/turtlebot3_node/share/turtlebot3_node/param/waffle_pi.yaml
-- Symlinking: /home/wl/Documents/ros2_ws/install/turtlebot3_node/lib/turtlebot3_node/turtlebot3_ros
-- Symlinking: /home/wl/Documents/ros2_ws/install/turtlebot3_node/share/ament_index/resource_index/package_run_dependencies/turtlebot3_node
-- Symlinking: /home/wl/Documents/ros2_ws/install/turtlebot3_node/share/ament_index/resource_index/parent_prefix_path/turtlebot3_node
-- Symlinking: /home/wl/Documents/ros2_ws/install/turtlebot3_node/share/turtlebot3_node/environment/ament_prefix_path.sh
-- Symlinking: /home/wl/Documents/ros2_ws/install/turtlebot3_node/share/turtlebot3_node/environment/ament_prefix_path.dsv
-- Symlinking: /home/wl/Documents/ros2_ws/install/turtlebot3_node/share/turtlebot3_node/environment/path.sh
-- Symlinking: /home/wl/Documents/ros2_ws/install/turtlebot3_node/share/turtlebot3_node/environment/path.dsv
-- Symlinking: /home/wl/Documents/ros2_ws/install/turtlebot3_node/share/turtlebot3_node/local_setup.bash
-- Symlinking: /home/wl/Documents/ros2_ws/install/turtlebot3_node/share/turtlebot3_node/local_setup.sh
-- Symlinking: /home/wl/Documents/ros2_ws/install/turtlebot3_node/share/turtlebot3_node/local_setup.zsh
-- Symlinking: /home/wl/Documents/ros2_ws/install/turtlebot3_node/share/turtlebot3_node/local_setup.dsv
-- Symlinking: /home/wl/Documents/ros2_ws/install/turtlebot3_node/share/turtlebot3_node/package.dsv
-- Symlinking: /home/wl/Documents/ros2_ws/install/turtlebot3_node/share/ament_index/resource_index/packages/turtlebot3_node
-- Symlinking: /home/wl/Documents/ros2_ws/install/turtlebot3_node/share/turtlebot3_node/cmake/ament_cmake_export_include_directories-extras.cmake
-- Symlinking: /home/wl/Documents/ros2_ws/install/turtlebot3_node/share/turtlebot3_node/cmake/turtlebot3_nodeConfig.cmake
-- Symlinking: /home/wl/Documents/ros2_ws/install/turtlebot3_node/share/turtlebot3_node/cmake/turtlebot3_nodeConfig-version.cmake
-- Symlinking: /home/wl/Documents/ros2_ws/install/turtlebot3_node/share/turtlebot3_node/package.xml
