[0.032s] Invoking command in '/home/wl/Documents/ros2_ws/build/turtlebot3_description': CMAKE_PREFIX_PATH=/opt/ros/foxy /usr/bin/cmake /home/wl/Documents/ros2_ws/src/turtlebot3/turtlebot3_description -DCMAKE_INSTALL_PREFIX=/home/wl/Documents/ros2_ws/install/turtlebot3_description
[0.393s] -- Found ament_cmake: 0.9.12 (/opt/ros/foxy/share/ament_cmake/cmake)
[0.394s] -- Using PYTHON_EXECUTABLE: /usr/bin/python3
[0.394s] -- Override CMake install command with custom implementation using symlinks instead of copying resources
[0.394s] -- Found urdf: 2.4.0 (/opt/ros/foxy/share/urdf/cmake)
[0.394s] -- Configuring done
[0.394s] -- Generating done
[0.394s] -- Build files have been written to: /home/wl/Documents/ros2_ws/build/turtlebot3_description
[0.400s] Invoked command in '/home/wl/Documents/ros2_ws/build/turtlebot3_description' returned '0': CMAKE_PREFIX_PATH=/opt/ros/foxy /usr/bin/cmake /home/wl/Documents/ros2_ws/src/turtlebot3/turtlebot3_description -DCMAKE_INSTALL_PREFIX=/home/wl/Documents/ros2_ws/install/turtlebot3_description
[0.403s] Invoking command in '/home/wl/Documents/ros2_ws/build/turtlebot3_description': CMAKE_PREFIX_PATH=/opt/ros/foxy /usr/bin/cmake --build /home/wl/Documents/ros2_ws/build/turtlebot3_description -- -j12 -l12
[0.448s] Invoked command in '/home/wl/Documents/ros2_ws/build/turtlebot3_description' returned '0': CMAKE_PREFIX_PATH=/opt/ros/foxy /usr/bin/cmake --build /home/wl/Documents/ros2_ws/build/turtlebot3_description -- -j12 -l12
[0.475s] Invoking command in '/home/wl/Documents/ros2_ws/build/turtlebot3_description': CMAKE_PREFIX_PATH=/opt/ros/foxy /usr/bin/cmake --install /home/wl/Documents/ros2_ws/build/turtlebot3_description
[0.482s] -- Install configuration: ""
[0.483s] -- Execute custom install script
[0.483s] -- Up-to-date symlink: /home/wl/Documents/ros2_ws/install/turtlebot3_description/share/turtlebot3_description/meshes/bases/burger_base.stl
[0.483s] -- Up-to-date symlink: /home/wl/Documents/ros2_ws/install/turtlebot3_description/share/turtlebot3_description/meshes/bases/waffle_base.stl
[0.483s] -- Up-to-date symlink: /home/wl/Documents/ros2_ws/install/turtlebot3_description/share/turtlebot3_description/meshes/bases/waffle_pi_base.stl
[0.483s] -- Up-to-date symlink: /home/wl/Documents/ros2_ws/install/turtlebot3_description/share/turtlebot3_description/meshes/sensors/astra.dae
[0.483s] -- Up-to-date symlink: /home/wl/Documents/ros2_ws/install/turtlebot3_description/share/turtlebot3_description/meshes/sensors/astra.jpg
[0.484s] -- Up-to-date symlink: /home/wl/Documents/ros2_ws/install/turtlebot3_description/share/turtlebot3_description/meshes/sensors/lds.stl
[0.484s] -- Up-to-date symlink: /home/wl/Documents/ros2_ws/install/turtlebot3_description/share/turtlebot3_description/meshes/sensors/r200.dae
[0.484s] -- Up-to-date symlink: /home/wl/Documents/ros2_ws/install/turtlebot3_description/share/turtlebot3_description/meshes/sensors/r200.jpg
[0.484s] -- Up-to-date symlink: /home/wl/Documents/ros2_ws/install/turtlebot3_description/share/turtlebot3_description/meshes/wheels/left_tire.stl
[0.484s] -- Up-to-date symlink: /home/wl/Documents/ros2_ws/install/turtlebot3_description/share/turtlebot3_description/meshes/wheels/right_tire.stl
[0.484s] -- Up-to-date symlink: /home/wl/Documents/ros2_ws/install/turtlebot3_description/share/turtlebot3_description/rviz/model.rviz
[0.484s] -- Up-to-date symlink: /home/wl/Documents/ros2_ws/install/turtlebot3_description/share/turtlebot3_description/urdf/common_properties.urdf
[0.484s] -- Up-to-date symlink: /home/wl/Documents/ros2_ws/install/turtlebot3_description/share/turtlebot3_description/urdf/turtlebot3_burger.urdf
[0.484s] -- Up-to-date symlink: /home/wl/Documents/ros2_ws/install/turtlebot3_description/share/turtlebot3_description/urdf/turtlebot3_waffle.urdf
[0.484s] -- Up-to-date symlink: /home/wl/Documents/ros2_ws/install/turtlebot3_description/share/turtlebot3_description/urdf/turtlebot3_waffle_pi.urdf
[0.484s] -- Up-to-date symlink: /home/wl/Documents/ros2_ws/install/turtlebot3_description/share/ament_index/resource_index/package_run_dependencies/turtlebot3_description
[0.484s] -- Up-to-date symlink: /home/wl/Documents/ros2_ws/install/turtlebot3_description/share/ament_index/resource_index/parent_prefix_path/turtlebot3_description
[0.485s] -- Up-to-date symlink: /home/wl/Documents/ros2_ws/install/turtlebot3_description/share/turtlebot3_description/environment/ament_prefix_path.sh
[0.485s] -- Up-to-date symlink: /home/wl/Documents/ros2_ws/install/turtlebot3_description/share/turtlebot3_description/environment/ament_prefix_path.dsv
[0.485s] -- Up-to-date symlink: /home/wl/Documents/ros2_ws/install/turtlebot3_description/share/turtlebot3_description/environment/path.sh
[0.485s] -- Up-to-date symlink: /home/wl/Documents/ros2_ws/install/turtlebot3_description/share/turtlebot3_description/environment/path.dsv
[0.485s] -- Up-to-date symlink: /home/wl/Documents/ros2_ws/install/turtlebot3_description/share/turtlebot3_description/local_setup.bash
[0.486s] -- Up-to-date symlink: /home/wl/Documents/ros2_ws/install/turtlebot3_description/share/turtlebot3_description/local_setup.sh
[0.486s] -- Up-to-date symlink: /home/wl/Documents/ros2_ws/install/turtlebot3_description/share/turtlebot3_description/local_setup.zsh
[0.486s] -- Up-to-date symlink: /home/wl/Documents/ros2_ws/install/turtlebot3_description/share/turtlebot3_description/local_setup.dsv
[0.486s] -- Symlinking: /home/wl/Documents/ros2_ws/install/turtlebot3_description/share/turtlebot3_description/package.dsv
[0.496s] -- Up-to-date symlink: /home/wl/Documents/ros2_ws/install/turtlebot3_description/share/ament_index/resource_index/packages/turtlebot3_description
[0.496s] -- Up-to-date symlink: /home/wl/Documents/ros2_ws/install/turtlebot3_description/share/turtlebot3_description/cmake/turtlebot3_descriptionConfig.cmake
[0.496s] -- Up-to-date symlink: /home/wl/Documents/ros2_ws/install/turtlebot3_description/share/turtlebot3_description/cmake/turtlebot3_descriptionConfig-version.cmake
[0.496s] -- Up-to-date symlink: /home/wl/Documents/ros2_ws/install/turtlebot3_description/share/turtlebot3_description/package.xml
[0.498s] Invoked command in '/home/wl/Documents/ros2_ws/build/turtlebot3_description' returned '0': CMAKE_PREFIX_PATH=/opt/ros/foxy /usr/bin/cmake --install /home/wl/Documents/ros2_ws/build/turtlebot3_description
