[0.014s] Invoking command in '/home/wl/Documents/ros2_ws/build/turtlebot3_bringup': CMAKE_PREFIX_PATH=/home/wl/Documents/ros2_ws/install/turtlebot3_node:/home/wl/Documents/ros2_ws/install/turtlebot3_description:/home/wl/Documents/ros2_ws/install/turtlebot3:/home/wl/Documents/ros2_ws/install/turtlebot3_simulations:/home/wl/Documents/ros2_ws/install/turtlebot3_bringup:/home/wl/Documents/ros2_ws/install/turtlebot3_navigation2:/home/wl/Documents/ros2_ws/install/turtlebot3_gazebo:/home/wl/Documents/ros2_ws/install/turtlebot3_fake_node:/home/wl/Documents/ros2_ws/install/turtlebot3_cartographer:/home/wl/Documents/ros2_ws/install/turtlebot3_teleop:/home/wl/Documents/ros2_ws/install/turtlebot3_example:/opt/ros/foxy /usr/bin/cmake --build /home/wl/Documents/ros2_ws/build/turtlebot3_bringup -- -j12 -l12
[0.053s] Invoked command in '/home/wl/Documents/ros2_ws/build/turtlebot3_bringup' returned '0': CMAKE_PREFIX_PATH=/home/wl/Documents/ros2_ws/install/turtlebot3_node:/home/wl/Documents/ros2_ws/install/turtlebot3_description:/home/wl/Documents/ros2_ws/install/turtlebot3:/home/wl/Documents/ros2_ws/install/turtlebot3_simulations:/home/wl/Documents/ros2_ws/install/turtlebot3_bringup:/home/wl/Documents/ros2_ws/install/turtlebot3_navigation2:/home/wl/Documents/ros2_ws/install/turtlebot3_gazebo:/home/wl/Documents/ros2_ws/install/turtlebot3_fake_node:/home/wl/Documents/ros2_ws/install/turtlebot3_cartographer:/home/wl/Documents/ros2_ws/install/turtlebot3_teleop:/home/wl/Documents/ros2_ws/install/turtlebot3_example:/opt/ros/foxy /usr/bin/cmake --build /home/wl/Documents/ros2_ws/build/turtlebot3_bringup -- -j12 -l12
[0.072s] Invoking command in '/home/wl/Documents/ros2_ws/build/turtlebot3_bringup': CMAKE_PREFIX_PATH=/home/wl/Documents/ros2_ws/install/turtlebot3_node:/home/wl/Documents/ros2_ws/install/turtlebot3_description:/home/wl/Documents/ros2_ws/install/turtlebot3:/home/wl/Documents/ros2_ws/install/turtlebot3_simulations:/home/wl/Documents/ros2_ws/install/turtlebot3_bringup:/home/wl/Documents/ros2_ws/install/turtlebot3_navigation2:/home/wl/Documents/ros2_ws/install/turtlebot3_gazebo:/home/wl/Documents/ros2_ws/install/turtlebot3_fake_node:/home/wl/Documents/ros2_ws/install/turtlebot3_cartographer:/home/wl/Documents/ros2_ws/install/turtlebot3_teleop:/home/wl/Documents/ros2_ws/install/turtlebot3_example:/opt/ros/foxy /usr/bin/cmake --install /home/wl/Documents/ros2_ws/build/turtlebot3_bringup
[0.081s] -- Install configuration: ""
[0.081s] -- Execute custom install script
[0.082s] -- Up-to-date symlink: /home/wl/Documents/ros2_ws/install/turtlebot3_bringup/share/turtlebot3_bringup/launch/robot.launch.py
[0.082s] -- Up-to-date symlink: /home/wl/Documents/ros2_ws/install/turtlebot3_bringup/share/turtlebot3_bringup/launch/rviz2.launch.py
[0.082s] -- Up-to-date symlink: /home/wl/Documents/ros2_ws/install/turtlebot3_bringup/share/turtlebot3_bringup/launch/turtlebot3_state_publisher.launch.py
[0.082s] -- Up-to-date symlink: /home/wl/Documents/ros2_ws/install/turtlebot3_bringup/share/turtlebot3_bringup/param/burger.yaml
[0.082s] -- Up-to-date symlink: /home/wl/Documents/ros2_ws/install/turtlebot3_bringup/share/turtlebot3_bringup/param/waffle.yaml
[0.082s] -- Up-to-date symlink: /home/wl/Documents/ros2_ws/install/turtlebot3_bringup/share/turtlebot3_bringup/param/waffle_pi.yaml
[0.083s] -- Up-to-date symlink: /home/wl/Documents/ros2_ws/install/turtlebot3_bringup/share/turtlebot3_bringup/script/99-turtlebot3-cdc.rules
[0.083s] -- Up-to-date symlink: /home/wl/Documents/ros2_ws/install/turtlebot3_bringup/share/turtlebot3_bringup/script/create_udev_rules
[0.083s] -- Up-to-date symlink: /home/wl/Documents/ros2_ws/install/turtlebot3_bringup/share/ament_index/resource_index/package_run_dependencies/turtlebot3_bringup
[0.083s] -- Up-to-date symlink: /home/wl/Documents/ros2_ws/install/turtlebot3_bringup/share/ament_index/resource_index/parent_prefix_path/turtlebot3_bringup
[0.083s] -- Up-to-date symlink: /home/wl/Documents/ros2_ws/install/turtlebot3_bringup/share/turtlebot3_bringup/environment/ament_prefix_path.sh
[0.083s] -- Up-to-date symlink: /home/wl/Documents/ros2_ws/install/turtlebot3_bringup/share/turtlebot3_bringup/environment/ament_prefix_path.dsv
[0.083s] -- Up-to-date symlink: /home/wl/Documents/ros2_ws/install/turtlebot3_bringup/share/turtlebot3_bringup/environment/path.sh
[0.084s] -- Up-to-date symlink: /home/wl/Documents/ros2_ws/install/turtlebot3_bringup/share/turtlebot3_bringup/environment/path.dsv
[0.084s] -- Up-to-date symlink: /home/wl/Documents/ros2_ws/install/turtlebot3_bringup/share/turtlebot3_bringup/local_setup.bash
[0.084s] -- Up-to-date symlink: /home/wl/Documents/ros2_ws/install/turtlebot3_bringup/share/turtlebot3_bringup/local_setup.sh
[0.084s] -- Up-to-date symlink: /home/wl/Documents/ros2_ws/install/turtlebot3_bringup/share/turtlebot3_bringup/local_setup.zsh
[0.084s] -- Up-to-date symlink: /home/wl/Documents/ros2_ws/install/turtlebot3_bringup/share/turtlebot3_bringup/local_setup.dsv
[0.084s] -- Symlinking: /home/wl/Documents/ros2_ws/install/turtlebot3_bringup/share/turtlebot3_bringup/package.dsv
[0.093s] -- Up-to-date symlink: /home/wl/Documents/ros2_ws/install/turtlebot3_bringup/share/ament_index/resource_index/packages/turtlebot3_bringup
[0.094s] -- Up-to-date symlink: /home/wl/Documents/ros2_ws/install/turtlebot3_bringup/share/turtlebot3_bringup/cmake/turtlebot3_bringupConfig.cmake
[0.094s] -- Up-to-date symlink: /home/wl/Documents/ros2_ws/install/turtlebot3_bringup/share/turtlebot3_bringup/cmake/turtlebot3_bringupConfig-version.cmake
[0.094s] -- Up-to-date symlink: /home/wl/Documents/ros2_ws/install/turtlebot3_bringup/share/turtlebot3_bringup/package.xml
[0.096s] Invoked command in '/home/wl/Documents/ros2_ws/build/turtlebot3_bringup' returned '0': CMAKE_PREFIX_PATH=/home/wl/Documents/ros2_ws/install/turtlebot3_node:/home/wl/Documents/ros2_ws/install/turtlebot3_description:/home/wl/Documents/ros2_ws/install/turtlebot3:/home/wl/Documents/ros2_ws/install/turtlebot3_simulations:/home/wl/Documents/ros2_ws/install/turtlebot3_bringup:/home/wl/Documents/ros2_ws/install/turtlebot3_navigation2:/home/wl/Documents/ros2_ws/install/turtlebot3_gazebo:/home/wl/Documents/ros2_ws/install/turtlebot3_fake_node:/home/wl/Documents/ros2_ws/install/turtlebot3_cartographer:/home/wl/Documents/ros2_ws/install/turtlebot3_teleop:/home/wl/Documents/ros2_ws/install/turtlebot3_example:/opt/ros/foxy /usr/bin/cmake --install /home/wl/Documents/ros2_ws/build/turtlebot3_bringup
