[0.031s] Invoking command in '/home/wl/Documents/ros2_ws/build/turtlebot3_node': CMAKE_PREFIX_PATH=/opt/ros/foxy /usr/bin/cmake /home/wl/Documents/ros2_ws/src/turtlebot3/turtlebot3_node -DCMAKE_INSTALL_PREFIX=/home/wl/Documents/ros2_ws/install/turtlebot3_node
[0.390s] -- Found ament_cmake: 0.9.12 (/opt/ros/foxy/share/ament_cmake/cmake)
[0.390s] -- Using PYTHON_EXECUTABLE: /usr/bin/python3
[0.390s] -- Override CMake install command with custom implementation using symlinks instead of copying resources
[0.390s] -- Found dynamixel_sdk: 3.7.40 (/opt/ros/foxy/share/dynamixel_sdk/cmake)
[0.390s] -- Found geometry_msgs: 2.0.5 (/opt/ros/foxy/share/geometry_msgs/cmake)
[0.390s] -- Using all available rosidl_typesupport_c: rosidl_typesupport_fastrtps_c;rosidl_typesupport_introspection_c
[0.390s] -- Found rosidl_adapter: 1.3.1 (/opt/ros/foxy/share/rosidl_adapter/cmake)
[0.391s] -- Using all available rosidl_typesupport_cpp: rosidl_typesupport_fastrtps_cpp;rosidl_typesupport_introspection_cpp
[0.391s] -- Found message_filters: 3.2.7 (/opt/ros/foxy/share/message_filters/cmake)
[0.391s] -- Found nav_msgs: 2.0.5 (/opt/ros/foxy/share/nav_msgs/cmake)
[0.412s] -- Found rclcpp: 2.4.3 (/opt/ros/foxy/share/rclcpp/cmake)
[0.446s] -- Found rmw_implementation_cmake: 1.0.4 (/opt/ros/foxy/share/rmw_implementation_cmake/cmake)
[0.446s] -- Using RMW implementation 'rmw_fastrtps_cpp' as default
[0.564s] -- Found sensor_msgs: 2.0.5 (/opt/ros/foxy/share/sensor_msgs/cmake)
[0.616s] -- Found std_srvs: 2.0.5 (/opt/ros/foxy/share/std_srvs/cmake)
[0.623s] -- Found tf2: 0.13.14 (/opt/ros/foxy/share/tf2/cmake)
[0.629s] -- Found tf2_ros: 0.13.14 (/opt/ros/foxy/share/tf2_ros/cmake)
[0.847s] -- Found turtlebot3_msgs: 2.2.1 (/opt/ros/foxy/share/turtlebot3_msgs/cmake)
[0.961s] -- Configuring done
[0.974s] -- Generating done
[0.975s] -- Build files have been written to: /home/wl/Documents/ros2_ws/build/turtlebot3_node
[0.982s] Invoked command in '/home/wl/Documents/ros2_ws/build/turtlebot3_node' returned '0': CMAKE_PREFIX_PATH=/opt/ros/foxy /usr/bin/cmake /home/wl/Documents/ros2_ws/src/turtlebot3/turtlebot3_node -DCMAKE_INSTALL_PREFIX=/home/wl/Documents/ros2_ws/install/turtlebot3_node
[0.984s] Invoking command in '/home/wl/Documents/ros2_ws/build/turtlebot3_node': CMAKE_PREFIX_PATH=/opt/ros/foxy /usr/bin/cmake --build /home/wl/Documents/ros2_ws/build/turtlebot3_node -- -j12 -l12
[1.041s] [ 85%] Built target turtlebot3_node_lib
[1.066s] [100%] Built target turtlebot3_ros
[1.075s] Invoked command in '/home/wl/Documents/ros2_ws/build/turtlebot3_node' returned '0': CMAKE_PREFIX_PATH=/opt/ros/foxy /usr/bin/cmake --build /home/wl/Documents/ros2_ws/build/turtlebot3_node -- -j12 -l12
[1.105s] Invoking command in '/home/wl/Documents/ros2_ws/build/turtlebot3_node': CMAKE_PREFIX_PATH=/opt/ros/foxy /usr/bin/cmake --install /home/wl/Documents/ros2_ws/build/turtlebot3_node
[1.112s] -- Install configuration: ""
[1.112s] -- Execute custom install script
[1.112s] -- Up-to-date symlink: /home/wl/Documents/ros2_ws/install/turtlebot3_node/share/turtlebot3_node/param/burger.yaml
[1.112s] -- Up-to-date symlink: /home/wl/Documents/ros2_ws/install/turtlebot3_node/share/turtlebot3_node/param/waffle.yaml
[1.112s] -- Up-to-date symlink: /home/wl/Documents/ros2_ws/install/turtlebot3_node/share/turtlebot3_node/param/waffle_pi.yaml
[1.113s] -- Up-to-date symlink: /home/wl/Documents/ros2_ws/install/turtlebot3_node/lib/turtlebot3_node/turtlebot3_ros
[1.113s] -- Up-to-date symlink: /home/wl/Documents/ros2_ws/install/turtlebot3_node/share/ament_index/resource_index/package_run_dependencies/turtlebot3_node
[1.113s] -- Up-to-date symlink: /home/wl/Documents/ros2_ws/install/turtlebot3_node/share/ament_index/resource_index/parent_prefix_path/turtlebot3_node
[1.113s] -- Up-to-date symlink: /home/wl/Documents/ros2_ws/install/turtlebot3_node/share/turtlebot3_node/environment/ament_prefix_path.sh
[1.113s] -- Up-to-date symlink: /home/wl/Documents/ros2_ws/install/turtlebot3_node/share/turtlebot3_node/environment/ament_prefix_path.dsv
[1.113s] -- Up-to-date symlink: /home/wl/Documents/ros2_ws/install/turtlebot3_node/share/turtlebot3_node/environment/path.sh
[1.113s] -- Up-to-date symlink: /home/wl/Documents/ros2_ws/install/turtlebot3_node/share/turtlebot3_node/environment/path.dsv
[1.113s] -- Up-to-date symlink: /home/wl/Documents/ros2_ws/install/turtlebot3_node/share/turtlebot3_node/local_setup.bash
[1.113s] -- Up-to-date symlink: /home/wl/Documents/ros2_ws/install/turtlebot3_node/share/turtlebot3_node/local_setup.sh
[1.113s] -- Up-to-date symlink: /home/wl/Documents/ros2_ws/install/turtlebot3_node/share/turtlebot3_node/local_setup.zsh
[1.114s] -- Up-to-date symlink: /home/wl/Documents/ros2_ws/install/turtlebot3_node/share/turtlebot3_node/local_setup.dsv
[1.114s] -- Symlinking: /home/wl/Documents/ros2_ws/install/turtlebot3_node/share/turtlebot3_node/package.dsv
[1.120s] -- Up-to-date symlink: /home/wl/Documents/ros2_ws/install/turtlebot3_node/share/ament_index/resource_index/packages/turtlebot3_node
[1.120s] -- Up-to-date symlink: /home/wl/Documents/ros2_ws/install/turtlebot3_node/share/turtlebot3_node/cmake/ament_cmake_export_include_directories-extras.cmake
[1.120s] -- Up-to-date symlink: /home/wl/Documents/ros2_ws/install/turtlebot3_node/share/turtlebot3_node/cmake/turtlebot3_nodeConfig.cmake
[1.120s] -- Up-to-date symlink: /home/wl/Documents/ros2_ws/install/turtlebot3_node/share/turtlebot3_node/cmake/turtlebot3_nodeConfig-version.cmake
[1.121s] -- Up-to-date symlink: /home/wl/Documents/ros2_ws/install/turtlebot3_node/share/turtlebot3_node/package.xml
[1.123s] Invoked command in '/home/wl/Documents/ros2_ws/build/turtlebot3_node' returned '0': CMAKE_PREFIX_PATH=/opt/ros/foxy /usr/bin/cmake --install /home/wl/Documents/ros2_ws/build/turtlebot3_node
