[0.208s] Invoking command in '/home/wl/Documents/ros2_ws/build/turtlebot3_navigation2': CMAKE_PREFIX_PATH=/opt/ros/foxy /usr/bin/cmake /home/wl/Documents/ros2_ws/src/turtlebot3/turtlebot3_navigation2 -DCMAKE_INSTALL_PREFIX=/home/wl/Documents/ros2_ws/install/turtlebot3_navigation2
[0.419s] -- The C compiler identification is GNU 9.4.0
[0.419s] -- The CXX compiler identification is GNU 9.4.0
[0.419s] -- Check for working C compiler: /usr/bin/cc
[0.419s] -- Check for working C compiler: /usr/bin/cc -- works
[0.419s] -- Detecting C compiler ABI info
[0.427s] -- Detecting C compiler ABI info - done
[0.437s] -- Detecting C compile features
[0.438s] -- Detecting C compile features - done
[0.440s] -- Check for working CXX compiler: /usr/bin/c++
[0.516s] -- Check for working CXX compiler: /usr/bin/c++ -- works
[0.517s] -- Detecting CXX compiler ABI info
[0.593s] -- Detecting CXX compiler ABI info - done
[0.598s] -- Detecting CXX compile features
[0.599s] -- Detecting CXX compile features - done
[0.601s] -- Found ament_cmake: 0.9.12 (/opt/ros/foxy/share/ament_cmake/cmake)
[0.622s] -- Found PythonInterp: /usr/bin/python3 (found suitable version "3.8.10", minimum required is "3") 
[0.623s] -- Using PYTHON_EXECUTABLE: /usr/bin/python3
[0.818s] -- Configuring done
[0.819s] -- Generating done
[0.820s] -- Build files have been written to: /home/wl/Documents/ros2_ws/build/turtlebot3_navigation2
[0.823s] Invoked command in '/home/wl/Documents/ros2_ws/build/turtlebot3_navigation2' returned '0': CMAKE_PREFIX_PATH=/opt/ros/foxy /usr/bin/cmake /home/wl/Documents/ros2_ws/src/turtlebot3/turtlebot3_navigation2 -DCMAKE_INSTALL_PREFIX=/home/wl/Documents/ros2_ws/install/turtlebot3_navigation2
[0.825s] Invoking command in '/home/wl/Documents/ros2_ws/build/turtlebot3_navigation2': CMAKE_PREFIX_PATH=/opt/ros/foxy /usr/bin/cmake --build /home/wl/Documents/ros2_ws/build/turtlebot3_navigation2 -- -j12 -l12
[0.854s] Invoked command in '/home/wl/Documents/ros2_ws/build/turtlebot3_navigation2' returned '0': CMAKE_PREFIX_PATH=/opt/ros/foxy /usr/bin/cmake --build /home/wl/Documents/ros2_ws/build/turtlebot3_navigation2 -- -j12 -l12
[0.873s] Invoking command in '/home/wl/Documents/ros2_ws/build/turtlebot3_navigation2': CMAKE_PREFIX_PATH=/opt/ros/foxy /usr/bin/cmake --install /home/wl/Documents/ros2_ws/build/turtlebot3_navigation2
[0.879s] -- Install configuration: ""
[0.879s] -- Installing: /home/wl/Documents/ros2_ws/install/turtlebot3_navigation2/share/turtlebot3_navigation2/launch
[0.879s] -- Installing: /home/wl/Documents/ros2_ws/install/turtlebot3_navigation2/share/turtlebot3_navigation2/launch/navigation2.launch.py
[0.879s] -- Installing: /home/wl/Documents/ros2_ws/install/turtlebot3_navigation2/share/turtlebot3_navigation2/map
[0.879s] -- Installing: /home/wl/Documents/ros2_ws/install/turtlebot3_navigation2/share/turtlebot3_navigation2/map/turtlebot3_world.pgm
[0.879s] -- Installing: /home/wl/Documents/ros2_ws/install/turtlebot3_navigation2/share/turtlebot3_navigation2/map/turtlebot3_world.yaml
[0.879s] -- Installing: /home/wl/Documents/ros2_ws/install/turtlebot3_navigation2/share/turtlebot3_navigation2/param
[0.879s] -- Installing: /home/wl/Documents/ros2_ws/install/turtlebot3_navigation2/share/turtlebot3_navigation2/param/waffle_pi.yaml
[0.880s] -- Installing: /home/wl/Documents/ros2_ws/install/turtlebot3_navigation2/share/turtlebot3_navigation2/param/burger.yaml
[0.880s] -- Installing: /home/wl/Documents/ros2_ws/install/turtlebot3_navigation2/share/turtlebot3_navigation2/param/waffle.yaml
[0.880s] -- Installing: /home/wl/Documents/ros2_ws/install/turtlebot3_navigation2/share/turtlebot3_navigation2/rviz
[0.880s] -- Installing: /home/wl/Documents/ros2_ws/install/turtlebot3_navigation2/share/turtlebot3_navigation2/rviz/tb3_navigation2.rviz
[0.880s] -- Installing: /home/wl/Documents/ros2_ws/install/turtlebot3_navigation2/share/ament_index/resource_index/package_run_dependencies/turtlebot3_navigation2
[0.880s] -- Installing: /home/wl/Documents/ros2_ws/install/turtlebot3_navigation2/share/ament_index/resource_index/parent_prefix_path/turtlebot3_navigation2
[0.880s] -- Installing: /home/wl/Documents/ros2_ws/install/turtlebot3_navigation2/share/turtlebot3_navigation2/environment/ament_prefix_path.sh
[0.880s] -- Installing: /home/wl/Documents/ros2_ws/install/turtlebot3_navigation2/share/turtlebot3_navigation2/environment/ament_prefix_path.dsv
[0.880s] -- Installing: /home/wl/Documents/ros2_ws/install/turtlebot3_navigation2/share/turtlebot3_navigation2/environment/path.sh
[0.880s] -- Installing: /home/wl/Documents/ros2_ws/install/turtlebot3_navigation2/share/turtlebot3_navigation2/environment/path.dsv
[0.880s] -- Installing: /home/wl/Documents/ros2_ws/install/turtlebot3_navigation2/share/turtlebot3_navigation2/local_setup.bash
[0.880s] -- Installing: /home/wl/Documents/ros2_ws/install/turtlebot3_navigation2/share/turtlebot3_navigation2/local_setup.sh
[0.881s] -- Installing: /home/wl/Documents/ros2_ws/install/turtlebot3_navigation2/share/turtlebot3_navigation2/local_setup.zsh
[0.881s] -- Installing: /home/wl/Documents/ros2_ws/install/turtlebot3_navigation2/share/turtlebot3_navigation2/local_setup.dsv
[0.881s] -- Installing: /home/wl/Documents/ros2_ws/install/turtlebot3_navigation2/share/turtlebot3_navigation2/package.dsv
[0.881s] -- Installing: /home/wl/Documents/ros2_ws/install/turtlebot3_navigation2/share/ament_index/resource_index/packages/turtlebot3_navigation2
[0.881s] -- Installing: /home/wl/Documents/ros2_ws/install/turtlebot3_navigation2/share/turtlebot3_navigation2/cmake/turtlebot3_navigation2Config.cmake
[0.881s] -- Installing: /home/wl/Documents/ros2_ws/install/turtlebot3_navigation2/share/turtlebot3_navigation2/cmake/turtlebot3_navigation2Config-version.cmake
[0.881s] -- Installing: /home/wl/Documents/ros2_ws/install/turtlebot3_navigation2/share/turtlebot3_navigation2/package.xml
[0.882s] Invoked command in '/home/wl/Documents/ros2_ws/build/turtlebot3_navigation2' returned '0': CMAKE_PREFIX_PATH=/opt/ros/foxy /usr/bin/cmake --install /home/wl/Documents/ros2_ws/build/turtlebot3_navigation2
