[0.726s] Invoking command in '/home/wl/Documents/ros2_ws/build/turtlebot3_teleop': PYTHONPATH=/home/wl/Documents/ros2_ws/build/turtlebot3_teleop/prefix_override:/usr/lib/python3/dist-packages/colcon_core/task/python/colcon_distutils_commands:/home/wl/Documents/ros2_ws/install/turtlebot3_teleop/lib/python3.8/site-packages:${PYTHONPATH} /usr/bin/python3 -W ignore:setup.py install is deprecated setup.py develop --editable --build-directory /home/wl/Documents/ros2_ws/build/turtlebot3_teleop/build --no-deps symlink_data --force
[0.883s] running develop
[0.987s] running egg_info
[0.987s] writing turtlebot3_teleop.egg-info/PKG-INFO
[0.987s] writing dependency_links to turtlebot3_teleop.egg-info/dependency_links.txt
[0.987s] writing entry points to turtlebot3_teleop.egg-info/entry_points.txt
[0.987s] writing requirements to turtlebot3_teleop.egg-info/requires.txt
[0.987s] writing top-level names to turtlebot3_teleop.egg-info/top_level.txt
[1.008s] reading manifest file 'turtlebot3_teleop.egg-info/SOURCES.txt'
[1.009s] writing manifest file 'turtlebot3_teleop.egg-info/SOURCES.txt'
[1.029s] running build_ext
[1.029s] Creating /home/wl/Documents/ros2_ws/install/turtlebot3_teleop/lib/python3.8/site-packages/site.py
[1.031s] Creating /home/wl/Documents/ros2_ws/install/turtlebot3_teleop/lib/python3.8/site-packages/turtlebot3-teleop.egg-link (link to .)
[1.031s] Installing teleop_keyboard script to /home/wl/Documents/ros2_ws/install/turtlebot3_teleop/lib/turtlebot3_teleop
[1.031s] 
[1.031s] Installed /home/wl/Documents/ros2_ws/build/turtlebot3_teleop
[1.031s] running symlink_data
[1.032s] symbolically linking /home/wl/Documents/ros2_ws/build/turtlebot3_teleop/resource/turtlebot3_teleop -> /home/wl/Documents/ros2_ws/install/turtlebot3_teleop/share/ament_index/resource_index/packages
[1.032s] symbolically linking /home/wl/Documents/ros2_ws/build/turtlebot3_teleop/package.xml -> /home/wl/Documents/ros2_ws/install/turtlebot3_teleop/share/turtlebot3_teleop
[1.051s] Invoked command in '/home/wl/Documents/ros2_ws/build/turtlebot3_teleop' returned '0': PYTHONPATH=/home/wl/Documents/ros2_ws/build/turtlebot3_teleop/prefix_override:/usr/lib/python3/dist-packages/colcon_core/task/python/colcon_distutils_commands:/home/wl/Documents/ros2_ws/install/turtlebot3_teleop/lib/python3.8/site-packages:${PYTHONPATH} /usr/bin/python3 -W ignore:setup.py install is deprecated setup.py develop --editable --build-directory /home/wl/Documents/ros2_ws/build/turtlebot3_teleop/build --no-deps symlink_data --force
