[0.006s] Invoking command in '/home/wl/Documents/ros2_ws/build/turtlebot3_simulations': AMENT_PREFIX_PATH=/home/wl/Documents/ros2_ws/install/turtlebot3_gazebo:/home/wl/Documents/ros2_ws/install/turtlebot3_fake_node:/home/wl/Documents/ros2_ws/install/turtlebot3_description:${AMENT_PREFIX_PATH} CMAKE_PREFIX_PATH=/home/wl/Documents/ros2_ws/install/turtlebot3_gazebo:/home/wl/Documents/ros2_ws/install/turtlebot3_fake_node:/home/wl/Documents/ros2_ws/install/turtlebot3_description:/opt/ros/foxy /usr/bin/cmake /home/wl/Documents/ros2_ws/src/turtlebot3_simulations/turtlebot3_simulations -DAMENT_CMAKE_SYMLINK_INSTALL=1 -DCMAKE_INSTALL_PREFIX=/home/wl/Documents/ros2_ws/install/turtlebot3_simulations
[0.039s] -- The C compiler identification is GNU 9.4.0
[0.075s] -- The CXX compiler identification is GNU 9.4.0
[0.078s] -- Check for working C compiler: /usr/bin/cc
[0.117s] -- Check for working C compiler: /usr/bin/cc -- works
[0.117s] -- Detecting C compiler ABI info
[0.156s] -- Detecting C compiler ABI info - done
[0.163s] -- Detecting C compile features
[0.163s] -- Detecting C compile features - done
[0.165s] -- Check for working CXX compiler: /usr/bin/c++
[0.213s] -- Check for working CXX compiler: /usr/bin/c++ -- works
[0.214s] -- Detecting CXX compiler ABI info
[0.261s] -- Detecting CXX compiler ABI info - done
[0.268s] -- Detecting CXX compile features
[0.269s] -- Detecting CXX compile features - done
[0.270s] -- Found ament_cmake: 0.9.12 (/opt/ros/foxy/share/ament_cmake/cmake)
[0.287s] -- Found PythonInterp: /usr/bin/python3 (found suitable version "3.8.10", minimum required is "3") 
[0.287s] -- Using PYTHON_EXECUTABLE: /usr/bin/python3
[0.395s] -- Override CMake install command with custom implementation using symlinks instead of copying resources
[0.455s] -- Configuring done
[0.456s] -- Generating done
[0.456s] -- Build files have been written to: /home/wl/Documents/ros2_ws/build/turtlebot3_simulations
[0.458s] Invoked command in '/home/wl/Documents/ros2_ws/build/turtlebot3_simulations' returned '0': AMENT_PREFIX_PATH=/home/wl/Documents/ros2_ws/install/turtlebot3_gazebo:/home/wl/Documents/ros2_ws/install/turtlebot3_fake_node:/home/wl/Documents/ros2_ws/install/turtlebot3_description:${AMENT_PREFIX_PATH} CMAKE_PREFIX_PATH=/home/wl/Documents/ros2_ws/install/turtlebot3_gazebo:/home/wl/Documents/ros2_ws/install/turtlebot3_fake_node:/home/wl/Documents/ros2_ws/install/turtlebot3_description:/opt/ros/foxy /usr/bin/cmake /home/wl/Documents/ros2_ws/src/turtlebot3_simulations/turtlebot3_simulations -DAMENT_CMAKE_SYMLINK_INSTALL=1 -DCMAKE_INSTALL_PREFIX=/home/wl/Documents/ros2_ws/install/turtlebot3_simulations
[0.460s] Invoking command in '/home/wl/Documents/ros2_ws/build/turtlebot3_simulations': AMENT_PREFIX_PATH=/home/wl/Documents/ros2_ws/install/turtlebot3_gazebo:/home/wl/Documents/ros2_ws/install/turtlebot3_fake_node:/home/wl/Documents/ros2_ws/install/turtlebot3_description:${AMENT_PREFIX_PATH} CMAKE_PREFIX_PATH=/home/wl/Documents/ros2_ws/install/turtlebot3_gazebo:/home/wl/Documents/ros2_ws/install/turtlebot3_fake_node:/home/wl/Documents/ros2_ws/install/turtlebot3_description:/opt/ros/foxy /usr/bin/cmake --build /home/wl/Documents/ros2_ws/build/turtlebot3_simulations -- -j12 -l12
[0.483s] Invoked command in '/home/wl/Documents/ros2_ws/build/turtlebot3_simulations' returned '0': AMENT_PREFIX_PATH=/home/wl/Documents/ros2_ws/install/turtlebot3_gazebo:/home/wl/Documents/ros2_ws/install/turtlebot3_fake_node:/home/wl/Documents/ros2_ws/install/turtlebot3_description:${AMENT_PREFIX_PATH} CMAKE_PREFIX_PATH=/home/wl/Documents/ros2_ws/install/turtlebot3_gazebo:/home/wl/Documents/ros2_ws/install/turtlebot3_fake_node:/home/wl/Documents/ros2_ws/install/turtlebot3_description:/opt/ros/foxy /usr/bin/cmake --build /home/wl/Documents/ros2_ws/build/turtlebot3_simulations -- -j12 -l12
[0.496s] Invoking command in '/home/wl/Documents/ros2_ws/build/turtlebot3_simulations': AMENT_PREFIX_PATH=/home/wl/Documents/ros2_ws/install/turtlebot3_gazebo:/home/wl/Documents/ros2_ws/install/turtlebot3_fake_node:/home/wl/Documents/ros2_ws/install/turtlebot3_description:${AMENT_PREFIX_PATH} CMAKE_PREFIX_PATH=/home/wl/Documents/ros2_ws/install/turtlebot3_gazebo:/home/wl/Documents/ros2_ws/install/turtlebot3_fake_node:/home/wl/Documents/ros2_ws/install/turtlebot3_description:/opt/ros/foxy /usr/bin/cmake --install /home/wl/Documents/ros2_ws/build/turtlebot3_simulations
[0.501s] -- Install configuration: ""
[0.501s] -- Execute custom install script
[0.502s] -- Symlinking: /home/wl/Documents/ros2_ws/install/turtlebot3_simulations/share/ament_index/resource_index/package_run_dependencies/turtlebot3_simulations
[0.507s] -- Symlinking: /home/wl/Documents/ros2_ws/install/turtlebot3_simulations/share/ament_index/resource_index/parent_prefix_path/turtlebot3_simulations
[0.513s] -- Symlinking: /home/wl/Documents/ros2_ws/install/turtlebot3_simulations/share/turtlebot3_simulations/environment/ament_prefix_path.sh
[0.518s] -- Symlinking: /home/wl/Documents/ros2_ws/install/turtlebot3_simulations/share/turtlebot3_simulations/environment/ament_prefix_path.dsv
[0.524s] -- Symlinking: /home/wl/Documents/ros2_ws/install/turtlebot3_simulations/share/turtlebot3_simulations/environment/path.sh
[0.529s] -- Symlinking: /home/wl/Documents/ros2_ws/install/turtlebot3_simulations/share/turtlebot3_simulations/environment/path.dsv
[0.534s] -- Symlinking: /home/wl/Documents/ros2_ws/install/turtlebot3_simulations/share/turtlebot3_simulations/local_setup.bash
[0.540s] -- Symlinking: /home/wl/Documents/ros2_ws/install/turtlebot3_simulations/share/turtlebot3_simulations/local_setup.sh
[0.545s] -- Symlinking: /home/wl/Documents/ros2_ws/install/turtlebot3_simulations/share/turtlebot3_simulations/local_setup.zsh
[0.550s] -- Symlinking: /home/wl/Documents/ros2_ws/install/turtlebot3_simulations/share/turtlebot3_simulations/local_setup.dsv
[0.555s] -- Symlinking: /home/wl/Documents/ros2_ws/install/turtlebot3_simulations/share/turtlebot3_simulations/package.dsv
[0.560s] -- Symlinking: /home/wl/Documents/ros2_ws/install/turtlebot3_simulations/share/ament_index/resource_index/packages/turtlebot3_simulations
[0.565s] -- Symlinking: /home/wl/Documents/ros2_ws/install/turtlebot3_simulations/share/turtlebot3_simulations/cmake/turtlebot3_simulationsConfig.cmake
[0.570s] -- Symlinking: /home/wl/Documents/ros2_ws/install/turtlebot3_simulations/share/turtlebot3_simulations/cmake/turtlebot3_simulationsConfig-version.cmake
[0.576s] -- Symlinking: /home/wl/Documents/ros2_ws/install/turtlebot3_simulations/share/turtlebot3_simulations/package.xml
[0.582s] Invoked command in '/home/wl/Documents/ros2_ws/build/turtlebot3_simulations' returned '0': AMENT_PREFIX_PATH=/home/wl/Documents/ros2_ws/install/turtlebot3_gazebo:/home/wl/Documents/ros2_ws/install/turtlebot3_fake_node:/home/wl/Documents/ros2_ws/install/turtlebot3_description:${AMENT_PREFIX_PATH} CMAKE_PREFIX_PATH=/home/wl/Documents/ros2_ws/install/turtlebot3_gazebo:/home/wl/Documents/ros2_ws/install/turtlebot3_fake_node:/home/wl/Documents/ros2_ws/install/turtlebot3_description:/opt/ros/foxy /usr/bin/cmake --install /home/wl/Documents/ros2_ws/build/turtlebot3_simulations
