[0.877s] Invoking command in '/home/wl/Documents/ros2_ws/src/turtlebot3/turtlebot3_example': PYTHONPATH=/home/wl/Documents/ros2_ws/build/turtlebot3_example/prefix_override:/usr/lib/python3/dist-packages/colcon_core/task/python/colcon_distutils_commands:/home/wl/Documents/ros2_ws/install/turtlebot3_example/lib/python3.8/site-packages:${PYTHONPATH} /usr/bin/python3 -W ignore:setup.py install is deprecated setup.py egg_info --egg-base ../../../build/turtlebot3_example build --build-base /home/wl/Documents/ros2_ws/build/turtlebot3_example/build install --record /home/wl/Documents/ros2_ws/build/turtlebot3_example/install.log --single-version-externally-managed install_data
[1.039s] running egg_info
[1.039s] creating ../../../build/turtlebot3_example/turtlebot3_example.egg-info
[1.039s] writing ../../../build/turtlebot3_example/turtlebot3_example.egg-info/PKG-INFO
[1.039s] writing dependency_links to ../../../build/turtlebot3_example/turtlebot3_example.egg-info/dependency_links.txt
[1.039s] writing entry points to ../../../build/turtlebot3_example/turtlebot3_example.egg-info/entry_points.txt
[1.039s] writing requirements to ../../../build/turtlebot3_example/turtlebot3_example.egg-info/requires.txt
[1.040s] writing top-level names to ../../../build/turtlebot3_example/turtlebot3_example.egg-info/top_level.txt
[1.041s] writing manifest file '../../../build/turtlebot3_example/turtlebot3_example.egg-info/SOURCES.txt'
[1.075s] reading manifest file '../../../build/turtlebot3_example/turtlebot3_example.egg-info/SOURCES.txt'
[1.076s] writing manifest file '../../../build/turtlebot3_example/turtlebot3_example.egg-info/SOURCES.txt'
[1.076s] running build
[1.076s] running build_py
[1.076s] creating /home/wl/Documents/ros2_ws/build/turtlebot3_example/build
[1.076s] creating /home/wl/Documents/ros2_ws/build/turtlebot3_example/build/lib
[1.076s] creating /home/wl/Documents/ros2_ws/build/turtlebot3_example/build/lib/turtlebot3_example
[1.076s] copying turtlebot3_example/__init__.py -> /home/wl/Documents/ros2_ws/build/turtlebot3_example/build/lib/turtlebot3_example
[1.076s] creating /home/wl/Documents/ros2_ws/build/turtlebot3_example/build/lib/turtlebot3_example/turtlebot3_patrol_client
[1.076s] copying turtlebot3_example/turtlebot3_patrol_client/__init__.py -> /home/wl/Documents/ros2_ws/build/turtlebot3_example/build/lib/turtlebot3_example/turtlebot3_patrol_client
[1.076s] copying turtlebot3_example/turtlebot3_patrol_client/turtlebot3_patrol_client.py -> /home/wl/Documents/ros2_ws/build/turtlebot3_example/build/lib/turtlebot3_example/turtlebot3_patrol_client
[1.076s] copying turtlebot3_example/turtlebot3_patrol_client/main.py -> /home/wl/Documents/ros2_ws/build/turtlebot3_example/build/lib/turtlebot3_example/turtlebot3_patrol_client
[1.077s] creating /home/wl/Documents/ros2_ws/build/turtlebot3_example/build/lib/turtlebot3_example/turtlebot3_obstacle_detection
[1.077s] copying turtlebot3_example/turtlebot3_obstacle_detection/__init__.py -> /home/wl/Documents/ros2_ws/build/turtlebot3_example/build/lib/turtlebot3_example/turtlebot3_obstacle_detection
[1.077s] copying turtlebot3_example/turtlebot3_obstacle_detection/turtlebot3_obstacle_detection.py -> /home/wl/Documents/ros2_ws/build/turtlebot3_example/build/lib/turtlebot3_example/turtlebot3_obstacle_detection
[1.077s] copying turtlebot3_example/turtlebot3_obstacle_detection/main.py -> /home/wl/Documents/ros2_ws/build/turtlebot3_example/build/lib/turtlebot3_example/turtlebot3_obstacle_detection
[1.077s] creating /home/wl/Documents/ros2_ws/build/turtlebot3_example/build/lib/turtlebot3_example/turtlebot3_patrol_server
[1.077s] copying turtlebot3_example/turtlebot3_patrol_server/__init__.py -> /home/wl/Documents/ros2_ws/build/turtlebot3_example/build/lib/turtlebot3_example/turtlebot3_patrol_server
[1.077s] copying turtlebot3_example/turtlebot3_patrol_server/turtlebot3_patrol_server.py -> /home/wl/Documents/ros2_ws/build/turtlebot3_example/build/lib/turtlebot3_example/turtlebot3_patrol_server
[1.077s] copying turtlebot3_example/turtlebot3_patrol_server/turtlebot3_path.py -> /home/wl/Documents/ros2_ws/build/turtlebot3_example/build/lib/turtlebot3_example/turtlebot3_patrol_server
[1.077s] copying turtlebot3_example/turtlebot3_patrol_server/main.py -> /home/wl/Documents/ros2_ws/build/turtlebot3_example/build/lib/turtlebot3_example/turtlebot3_patrol_server
[1.077s] creating /home/wl/Documents/ros2_ws/build/turtlebot3_example/build/lib/turtlebot3_example/turtlebot3_position_control
[1.077s] copying turtlebot3_example/turtlebot3_position_control/__init__.py -> /home/wl/Documents/ros2_ws/build/turtlebot3_example/build/lib/turtlebot3_example/turtlebot3_position_control
[1.077s] copying turtlebot3_example/turtlebot3_position_control/turtlebot3_position_control.py -> /home/wl/Documents/ros2_ws/build/turtlebot3_example/build/lib/turtlebot3_example/turtlebot3_position_control
[1.077s] copying turtlebot3_example/turtlebot3_position_control/turtlebot3_path.py -> /home/wl/Documents/ros2_ws/build/turtlebot3_example/build/lib/turtlebot3_example/turtlebot3_position_control
[1.077s] copying turtlebot3_example/turtlebot3_position_control/main.py -> /home/wl/Documents/ros2_ws/build/turtlebot3_example/build/lib/turtlebot3_example/turtlebot3_position_control
[1.078s] running install
[1.079s] running install_lib
[1.080s] creating /home/wl/Documents/ros2_ws/install/turtlebot3_example/lib/python3.8/site-packages/turtlebot3_example
[1.080s] copying /home/wl/Documents/ros2_ws/build/turtlebot3_example/build/lib/turtlebot3_example/__init__.py -> /home/wl/Documents/ros2_ws/install/turtlebot3_example/lib/python3.8/site-packages/turtlebot3_example
[1.080s] creating /home/wl/Documents/ros2_ws/install/turtlebot3_example/lib/python3.8/site-packages/turtlebot3_example/turtlebot3_patrol_client
[1.080s] copying /home/wl/Documents/ros2_ws/build/turtlebot3_example/build/lib/turtlebot3_example/turtlebot3_patrol_client/__init__.py -> /home/wl/Documents/ros2_ws/install/turtlebot3_example/lib/python3.8/site-packages/turtlebot3_example/turtlebot3_patrol_client
[1.080s] copying /home/wl/Documents/ros2_ws/build/turtlebot3_example/build/lib/turtlebot3_example/turtlebot3_patrol_client/turtlebot3_patrol_client.py -> /home/wl/Documents/ros2_ws/install/turtlebot3_example/lib/python3.8/site-packages/turtlebot3_example/turtlebot3_patrol_client
[1.080s] copying /home/wl/Documents/ros2_ws/build/turtlebot3_example/build/lib/turtlebot3_example/turtlebot3_patrol_client/main.py -> /home/wl/Documents/ros2_ws/install/turtlebot3_example/lib/python3.8/site-packages/turtlebot3_example/turtlebot3_patrol_client
[1.080s] creating /home/wl/Documents/ros2_ws/install/turtlebot3_example/lib/python3.8/site-packages/turtlebot3_example/turtlebot3_obstacle_detection
[1.080s] copying /home/wl/Documents/ros2_ws/build/turtlebot3_example/build/lib/turtlebot3_example/turtlebot3_obstacle_detection/__init__.py -> /home/wl/Documents/ros2_ws/install/turtlebot3_example/lib/python3.8/site-packages/turtlebot3_example/turtlebot3_obstacle_detection
[1.080s] copying /home/wl/Documents/ros2_ws/build/turtlebot3_example/build/lib/turtlebot3_example/turtlebot3_obstacle_detection/turtlebot3_obstacle_detection.py -> /home/wl/Documents/ros2_ws/install/turtlebot3_example/lib/python3.8/site-packages/turtlebot3_example/turtlebot3_obstacle_detection
[1.080s] copying /home/wl/Documents/ros2_ws/build/turtlebot3_example/build/lib/turtlebot3_example/turtlebot3_obstacle_detection/main.py -> /home/wl/Documents/ros2_ws/install/turtlebot3_example/lib/python3.8/site-packages/turtlebot3_example/turtlebot3_obstacle_detection
[1.080s] creating /home/wl/Documents/ros2_ws/install/turtlebot3_example/lib/python3.8/site-packages/turtlebot3_example/turtlebot3_patrol_server
[1.080s] copying /home/wl/Documents/ros2_ws/build/turtlebot3_example/build/lib/turtlebot3_example/turtlebot3_patrol_server/__init__.py -> /home/wl/Documents/ros2_ws/install/turtlebot3_example/lib/python3.8/site-packages/turtlebot3_example/turtlebot3_patrol_server
[1.080s] copying /home/wl/Documents/ros2_ws/build/turtlebot3_example/build/lib/turtlebot3_example/turtlebot3_patrol_server/turtlebot3_patrol_server.py -> /home/wl/Documents/ros2_ws/install/turtlebot3_example/lib/python3.8/site-packages/turtlebot3_example/turtlebot3_patrol_server
[1.080s] copying /home/wl/Documents/ros2_ws/build/turtlebot3_example/build/lib/turtlebot3_example/turtlebot3_patrol_server/turtlebot3_path.py -> /home/wl/Documents/ros2_ws/install/turtlebot3_example/lib/python3.8/site-packages/turtlebot3_example/turtlebot3_patrol_server
[1.081s] copying /home/wl/Documents/ros2_ws/build/turtlebot3_example/build/lib/turtlebot3_example/turtlebot3_patrol_server/main.py -> /home/wl/Documents/ros2_ws/install/turtlebot3_example/lib/python3.8/site-packages/turtlebot3_example/turtlebot3_patrol_server
[1.081s] creating /home/wl/Documents/ros2_ws/install/turtlebot3_example/lib/python3.8/site-packages/turtlebot3_example/turtlebot3_position_control
[1.081s] copying /home/wl/Documents/ros2_ws/build/turtlebot3_example/build/lib/turtlebot3_example/turtlebot3_position_control/__init__.py -> /home/wl/Documents/ros2_ws/install/turtlebot3_example/lib/python3.8/site-packages/turtlebot3_example/turtlebot3_position_control
[1.081s] copying /home/wl/Documents/ros2_ws/build/turtlebot3_example/build/lib/turtlebot3_example/turtlebot3_position_control/turtlebot3_position_control.py -> /home/wl/Documents/ros2_ws/install/turtlebot3_example/lib/python3.8/site-packages/turtlebot3_example/turtlebot3_position_control
[1.081s] copying /home/wl/Documents/ros2_ws/build/turtlebot3_example/build/lib/turtlebot3_example/turtlebot3_position_control/turtlebot3_path.py -> /home/wl/Documents/ros2_ws/install/turtlebot3_example/lib/python3.8/site-packages/turtlebot3_example/turtlebot3_position_control
[1.081s] copying /home/wl/Documents/ros2_ws/build/turtlebot3_example/build/lib/turtlebot3_example/turtlebot3_position_control/main.py -> /home/wl/Documents/ros2_ws/install/turtlebot3_example/lib/python3.8/site-packages/turtlebot3_example/turtlebot3_position_control
[1.081s] byte-compiling /home/wl/Documents/ros2_ws/install/turtlebot3_example/lib/python3.8/site-packages/turtlebot3_example/__init__.py to __init__.cpython-38.pyc
[1.083s] byte-compiling /home/wl/Documents/ros2_ws/install/turtlebot3_example/lib/python3.8/site-packages/turtlebot3_example/turtlebot3_patrol_client/__init__.py to __init__.cpython-38.pyc
[1.083s] byte-compiling /home/wl/Documents/ros2_ws/install/turtlebot3_example/lib/python3.8/site-packages/turtlebot3_example/turtlebot3_patrol_client/turtlebot3_patrol_client.py to turtlebot3_patrol_client.cpython-38.pyc
[1.083s] byte-compiling /home/wl/Documents/ros2_ws/install/turtlebot3_example/lib/python3.8/site-packages/turtlebot3_example/turtlebot3_patrol_client/main.py to main.cpython-38.pyc
[1.084s] byte-compiling /home/wl/Documents/ros2_ws/install/turtlebot3_example/lib/python3.8/site-packages/turtlebot3_example/turtlebot3_obstacle_detection/__init__.py to __init__.cpython-38.pyc
[1.084s] byte-compiling /home/wl/Documents/ros2_ws/install/turtlebot3_example/lib/python3.8/site-packages/turtlebot3_example/turtlebot3_obstacle_detection/turtlebot3_obstacle_detection.py to turtlebot3_obstacle_detection.cpython-38.pyc
[1.084s] byte-compiling /home/wl/Documents/ros2_ws/install/turtlebot3_example/lib/python3.8/site-packages/turtlebot3_example/turtlebot3_obstacle_detection/main.py to main.cpython-38.pyc
[1.084s] byte-compiling /home/wl/Documents/ros2_ws/install/turtlebot3_example/lib/python3.8/site-packages/turtlebot3_example/turtlebot3_patrol_server/__init__.py to __init__.cpython-38.pyc
[1.084s] byte-compiling /home/wl/Documents/ros2_ws/install/turtlebot3_example/lib/python3.8/site-packages/turtlebot3_example/turtlebot3_patrol_server/turtlebot3_patrol_server.py to turtlebot3_patrol_server.cpython-38.pyc
[1.085s] byte-compiling /home/wl/Documents/ros2_ws/install/turtlebot3_example/lib/python3.8/site-packages/turtlebot3_example/turtlebot3_patrol_server/turtlebot3_path.py to turtlebot3_path.cpython-38.pyc
[1.085s] byte-compiling /home/wl/Documents/ros2_ws/install/turtlebot3_example/lib/python3.8/site-packages/turtlebot3_example/turtlebot3_patrol_server/main.py to main.cpython-38.pyc
[1.085s] byte-compiling /home/wl/Documents/ros2_ws/install/turtlebot3_example/lib/python3.8/site-packages/turtlebot3_example/turtlebot3_position_control/__init__.py to __init__.cpython-38.pyc
[1.085s] byte-compiling /home/wl/Documents/ros2_ws/install/turtlebot3_example/lib/python3.8/site-packages/turtlebot3_example/turtlebot3_position_control/turtlebot3_position_control.py to turtlebot3_position_control.cpython-38.pyc
[1.086s] byte-compiling /home/wl/Documents/ros2_ws/install/turtlebot3_example/lib/python3.8/site-packages/turtlebot3_example/turtlebot3_position_control/turtlebot3_path.py to turtlebot3_path.cpython-38.pyc
[1.087s] byte-compiling /home/wl/Documents/ros2_ws/install/turtlebot3_example/lib/python3.8/site-packages/turtlebot3_example/turtlebot3_position_control/main.py to main.cpython-38.pyc
[1.087s] running install_data
[1.087s] creating /home/wl/Documents/ros2_ws/install/turtlebot3_example/share/ament_index
[1.087s] creating /home/wl/Documents/ros2_ws/install/turtlebot3_example/share/ament_index/resource_index
[1.087s] creating /home/wl/Documents/ros2_ws/install/turtlebot3_example/share/ament_index/resource_index/packages
[1.087s] copying resource/turtlebot3_example -> /home/wl/Documents/ros2_ws/install/turtlebot3_example/share/ament_index/resource_index/packages
[1.087s] copying package.xml -> /home/wl/Documents/ros2_ws/install/turtlebot3_example/share/turtlebot3_example
[1.087s] running install_egg_info
[1.089s] Copying ../../../build/turtlebot3_example/turtlebot3_example.egg-info to /home/wl/Documents/ros2_ws/install/turtlebot3_example/lib/python3.8/site-packages/turtlebot3_example-2.1.4-py3.8.egg-info
[1.089s] running install_scripts
[1.105s] Installing turtlebot3_obstacle_detection script to /home/wl/Documents/ros2_ws/install/turtlebot3_example/lib/turtlebot3_example
[1.106s] Installing turtlebot3_patrol_client script to /home/wl/Documents/ros2_ws/install/turtlebot3_example/lib/turtlebot3_example
[1.106s] Installing turtlebot3_patrol_server script to /home/wl/Documents/ros2_ws/install/turtlebot3_example/lib/turtlebot3_example
[1.106s] Installing turtlebot3_position_control script to /home/wl/Documents/ros2_ws/install/turtlebot3_example/lib/turtlebot3_example
[1.106s] writing list of installed files to '/home/wl/Documents/ros2_ws/build/turtlebot3_example/install.log'
[1.126s] Invoked command in '/home/wl/Documents/ros2_ws/src/turtlebot3/turtlebot3_example' returned '0': PYTHONPATH=/home/wl/Documents/ros2_ws/build/turtlebot3_example/prefix_override:/usr/lib/python3/dist-packages/colcon_core/task/python/colcon_distutils_commands:/home/wl/Documents/ros2_ws/install/turtlebot3_example/lib/python3.8/site-packages:${PYTHONPATH} /usr/bin/python3 -W ignore:setup.py install is deprecated setup.py egg_info --egg-base ../../../build/turtlebot3_example build --build-base /home/wl/Documents/ros2_ws/build/turtlebot3_example/build install --record /home/wl/Documents/ros2_ws/build/turtlebot3_example/install.log --single-version-externally-managed install_data
