[0.194s] Invoking command in '/home/wl/Documents/ros2_ws/build/turtlebot3_navigation2': CMAKE_PREFIX_PATH=/opt/ros/foxy /usr/bin/cmake /home/wl/Documents/ros2_ws/src/turtlebot3/turtlebot3_navigation2 -DCMAKE_INSTALL_PREFIX=/home/wl/Documents/ros2_ws/install/turtlebot3_navigation2
[0.379s] -- Found ament_cmake: 0.9.12 (/opt/ros/foxy/share/ament_cmake/cmake)
[0.379s] -- Using PYTHON_EXECUTABLE: /usr/bin/python3
[0.379s] -- Override CMake install command with custom implementation using symlinks instead of copying resources
[0.412s] -- Configuring done
[0.414s] -- Generating done
[0.415s] -- Build files have been written to: /home/wl/Documents/ros2_ws/build/turtlebot3_navigation2
[0.423s] Invoked command in '/home/wl/Documents/ros2_ws/build/turtlebot3_navigation2' returned '0': CMAKE_PREFIX_PATH=/opt/ros/foxy /usr/bin/cmake /home/wl/Documents/ros2_ws/src/turtlebot3/turtlebot3_navigation2 -DCMAKE_INSTALL_PREFIX=/home/wl/Documents/ros2_ws/install/turtlebot3_navigation2
[0.426s] Invoking command in '/home/wl/Documents/ros2_ws/build/turtlebot3_navigation2': CMAKE_PREFIX_PATH=/opt/ros/foxy /usr/bin/cmake --build /home/wl/Documents/ros2_ws/build/turtlebot3_navigation2 -- -j12 -l12
[0.460s] Invoked command in '/home/wl/Documents/ros2_ws/build/turtlebot3_navigation2' returned '0': CMAKE_PREFIX_PATH=/opt/ros/foxy /usr/bin/cmake --build /home/wl/Documents/ros2_ws/build/turtlebot3_navigation2 -- -j12 -l12
[0.493s] Invoking command in '/home/wl/Documents/ros2_ws/build/turtlebot3_navigation2': CMAKE_PREFIX_PATH=/opt/ros/foxy /usr/bin/cmake --install /home/wl/Documents/ros2_ws/build/turtlebot3_navigation2
[0.500s] -- Install configuration: ""
[0.502s] -- Execute custom install script
[0.502s] -- Up-to-date symlink: /home/wl/Documents/ros2_ws/install/turtlebot3_navigation2/share/turtlebot3_navigation2/launch/navigation2.launch.py
[0.502s] -- Up-to-date symlink: /home/wl/Documents/ros2_ws/install/turtlebot3_navigation2/share/turtlebot3_navigation2/map/turtlebot3_world.pgm
[0.502s] -- Up-to-date symlink: /home/wl/Documents/ros2_ws/install/turtlebot3_navigation2/share/turtlebot3_navigation2/map/turtlebot3_world.yaml
[0.505s] -- Up-to-date symlink: /home/wl/Documents/ros2_ws/install/turtlebot3_navigation2/share/turtlebot3_navigation2/param/burger.yaml
[0.505s] -- Up-to-date symlink: /home/wl/Documents/ros2_ws/install/turtlebot3_navigation2/share/turtlebot3_navigation2/param/waffle.yaml
[0.505s] -- Up-to-date symlink: /home/wl/Documents/ros2_ws/install/turtlebot3_navigation2/share/turtlebot3_navigation2/param/waffle_pi.yaml
[0.505s] -- Up-to-date symlink: /home/wl/Documents/ros2_ws/install/turtlebot3_navigation2/share/turtlebot3_navigation2/rviz/tb3_navigation2.rviz
[0.506s] -- Up-to-date symlink: /home/wl/Documents/ros2_ws/install/turtlebot3_navigation2/share/ament_index/resource_index/package_run_dependencies/turtlebot3_navigation2
[0.506s] -- Up-to-date symlink: /home/wl/Documents/ros2_ws/install/turtlebot3_navigation2/share/ament_index/resource_index/parent_prefix_path/turtlebot3_navigation2
[0.506s] -- Up-to-date symlink: /home/wl/Documents/ros2_ws/install/turtlebot3_navigation2/share/turtlebot3_navigation2/environment/ament_prefix_path.sh
[0.506s] -- Up-to-date symlink: /home/wl/Documents/ros2_ws/install/turtlebot3_navigation2/share/turtlebot3_navigation2/environment/ament_prefix_path.dsv
[0.506s] -- Up-to-date symlink: /home/wl/Documents/ros2_ws/install/turtlebot3_navigation2/share/turtlebot3_navigation2/environment/path.sh
[0.506s] -- Up-to-date symlink: /home/wl/Documents/ros2_ws/install/turtlebot3_navigation2/share/turtlebot3_navigation2/environment/path.dsv
[0.506s] -- Up-to-date symlink: /home/wl/Documents/ros2_ws/install/turtlebot3_navigation2/share/turtlebot3_navigation2/local_setup.bash
[0.507s] -- Up-to-date symlink: /home/wl/Documents/ros2_ws/install/turtlebot3_navigation2/share/turtlebot3_navigation2/local_setup.sh
[0.507s] -- Up-to-date symlink: /home/wl/Documents/ros2_ws/install/turtlebot3_navigation2/share/turtlebot3_navigation2/local_setup.zsh
[0.508s] -- Up-to-date symlink: /home/wl/Documents/ros2_ws/install/turtlebot3_navigation2/share/turtlebot3_navigation2/local_setup.dsv
[0.508s] -- Symlinking: /home/wl/Documents/ros2_ws/install/turtlebot3_navigation2/share/turtlebot3_navigation2/package.dsv
[0.513s] -- Up-to-date symlink: /home/wl/Documents/ros2_ws/install/turtlebot3_navigation2/share/ament_index/resource_index/packages/turtlebot3_navigation2
[0.513s] -- Up-to-date symlink: /home/wl/Documents/ros2_ws/install/turtlebot3_navigation2/share/turtlebot3_navigation2/cmake/turtlebot3_navigation2Config.cmake
[0.514s] -- Up-to-date symlink: /home/wl/Documents/ros2_ws/install/turtlebot3_navigation2/share/turtlebot3_navigation2/cmake/turtlebot3_navigation2Config-version.cmake
[0.514s] -- Up-to-date symlink: /home/wl/Documents/ros2_ws/install/turtlebot3_navigation2/share/turtlebot3_navigation2/package.xml
[0.520s] Invoked command in '/home/wl/Documents/ros2_ws/build/turtlebot3_navigation2' returned '0': CMAKE_PREFIX_PATH=/opt/ros/foxy /usr/bin/cmake --install /home/wl/Documents/ros2_ws/build/turtlebot3_navigation2
