[0.193s] Invoking command in '/home/wl/Documents/ros2_ws/build/turtlebot3_fake_node': CMAKE_PREFIX_PATH=/opt/ros/foxy /usr/bin/cmake /home/wl/Documents/ros2_ws/src/turtlebot3_simulations/turtlebot3_fake_node -DAMENT_CMAKE_SYMLINK_INSTALL=1 -DCMAKE_INSTALL_PREFIX=/home/wl/Documents/ros2_ws/install/turtlebot3_fake_node
[0.368s] -- Found ament_cmake: 0.9.12 (/opt/ros/foxy/share/ament_cmake/cmake)
[0.368s] -- Using PYTHON_EXECUTABLE: /usr/bin/python3
[0.368s] -- Override CMake install command with custom implementation using symlinks instead of copying resources
[0.369s] -- Found geometry_msgs: 2.0.5 (/opt/ros/foxy/share/geometry_msgs/cmake)
[0.377s] -- Using all available rosidl_typesupport_c: rosidl_typesupport_fastrtps_c;rosidl_typesupport_introspection_c
[0.378s] -- Found rosidl_adapter: 1.3.1 (/opt/ros/foxy/share/rosidl_adapter/cmake)
[0.497s] -- Using all available rosidl_typesupport_cpp: rosidl_typesupport_fastrtps_cpp;rosidl_typesupport_introspection_cpp
[0.589s] -- Found nav_msgs: 2.0.5 (/opt/ros/foxy/share/nav_msgs/cmake)
[0.663s] -- Found rclcpp: 2.4.3 (/opt/ros/foxy/share/rclcpp/cmake)
[0.699s] -- Found rmw_implementation_cmake: 1.0.4 (/opt/ros/foxy/share/rmw_implementation_cmake/cmake)
[0.700s] -- Using RMW implementation 'rmw_fastrtps_cpp' as default
[0.846s] -- Found sensor_msgs: 2.0.5 (/opt/ros/foxy/share/sensor_msgs/cmake)
[0.920s] -- Found tf2: 0.13.14 (/opt/ros/foxy/share/tf2/cmake)
[0.929s] -- Found tf2_msgs: 0.13.14 (/opt/ros/foxy/share/tf2_msgs/cmake)
[1.115s] -- Found turtlebot3_msgs: 2.2.1 (/opt/ros/foxy/share/turtlebot3_msgs/cmake)
[1.247s] -- Configuring done
[1.259s] -- Generating done
[1.260s] -- Build files have been written to: /home/wl/Documents/ros2_ws/build/turtlebot3_fake_node
[1.267s] Invoked command in '/home/wl/Documents/ros2_ws/build/turtlebot3_fake_node' returned '0': CMAKE_PREFIX_PATH=/opt/ros/foxy /usr/bin/cmake /home/wl/Documents/ros2_ws/src/turtlebot3_simulations/turtlebot3_fake_node -DAMENT_CMAKE_SYMLINK_INSTALL=1 -DCMAKE_INSTALL_PREFIX=/home/wl/Documents/ros2_ws/install/turtlebot3_fake_node
[1.268s] Invoking command in '/home/wl/Documents/ros2_ws/build/turtlebot3_fake_node': CMAKE_PREFIX_PATH=/opt/ros/foxy /usr/bin/cmake --build /home/wl/Documents/ros2_ws/build/turtlebot3_fake_node -- -j12 -l12
[1.294s] [35m[1mScanning dependencies of target turtlebot3_fake_node[0m
[1.312s] [ 50%] [32mBuilding CXX object CMakeFiles/turtlebot3_fake_node.dir/src/turtlebot3_fake_node.cpp.o[0m
[6.113s] [100%] [32m[1mLinking CXX executable turtlebot3_fake_node[0m
[6.321s] [100%] Built target turtlebot3_fake_node
[6.329s] Invoked command in '/home/wl/Documents/ros2_ws/build/turtlebot3_fake_node' returned '0': CMAKE_PREFIX_PATH=/opt/ros/foxy /usr/bin/cmake --build /home/wl/Documents/ros2_ws/build/turtlebot3_fake_node -- -j12 -l12
[6.346s] Invoking command in '/home/wl/Documents/ros2_ws/build/turtlebot3_fake_node': CMAKE_PREFIX_PATH=/opt/ros/foxy /usr/bin/cmake --install /home/wl/Documents/ros2_ws/build/turtlebot3_fake_node
[6.351s] -- Install configuration: ""
[6.352s] -- Execute custom install script
[6.352s] -- Symlinking: /home/wl/Documents/ros2_ws/install/turtlebot3_fake_node/lib/turtlebot3_fake_node/turtlebot3_fake_node
[6.359s] -- Symlinking: /home/wl/Documents/ros2_ws/install/turtlebot3_fake_node/share/turtlebot3_fake_node/launch/rviz2.launch.py
[6.365s] -- Symlinking: /home/wl/Documents/ros2_ws/install/turtlebot3_fake_node/share/turtlebot3_fake_node/launch/turtlebot3_fake_node.launch.py
[6.371s] -- Symlinking: /home/wl/Documents/ros2_ws/install/turtlebot3_fake_node/share/turtlebot3_fake_node/param/burger.yaml
[6.377s] -- Symlinking: /home/wl/Documents/ros2_ws/install/turtlebot3_fake_node/share/turtlebot3_fake_node/param/waffle.yaml
[6.383s] -- Symlinking: /home/wl/Documents/ros2_ws/install/turtlebot3_fake_node/share/turtlebot3_fake_node/param/waffle_pi.yaml
[6.389s] -- Symlinking: /home/wl/Documents/ros2_ws/install/turtlebot3_fake_node/share/turtlebot3_fake_node/rviz/model.rviz
[6.398s] -- Symlinking: /home/wl/Documents/ros2_ws/install/turtlebot3_fake_node/include//turtlebot3_fake_node/turtlebot3_fake_node.hpp
[6.407s] -- Symlinking: /home/wl/Documents/ros2_ws/install/turtlebot3_fake_node/share/ament_index/resource_index/package_run_dependencies/turtlebot3_fake_node
[6.416s] -- Symlinking: /home/wl/Documents/ros2_ws/install/turtlebot3_fake_node/share/ament_index/resource_index/parent_prefix_path/turtlebot3_fake_node
[6.423s] -- Symlinking: /home/wl/Documents/ros2_ws/install/turtlebot3_fake_node/share/turtlebot3_fake_node/environment/ament_prefix_path.sh
[6.429s] -- Symlinking: /home/wl/Documents/ros2_ws/install/turtlebot3_fake_node/share/turtlebot3_fake_node/environment/ament_prefix_path.dsv
[6.435s] -- Symlinking: /home/wl/Documents/ros2_ws/install/turtlebot3_fake_node/share/turtlebot3_fake_node/environment/path.sh
[6.444s] -- Symlinking: /home/wl/Documents/ros2_ws/install/turtlebot3_fake_node/share/turtlebot3_fake_node/environment/path.dsv
[6.450s] -- Symlinking: /home/wl/Documents/ros2_ws/install/turtlebot3_fake_node/share/turtlebot3_fake_node/local_setup.bash
[6.456s] -- Symlinking: /home/wl/Documents/ros2_ws/install/turtlebot3_fake_node/share/turtlebot3_fake_node/local_setup.sh
[6.463s] -- Symlinking: /home/wl/Documents/ros2_ws/install/turtlebot3_fake_node/share/turtlebot3_fake_node/local_setup.zsh
[6.469s] -- Symlinking: /home/wl/Documents/ros2_ws/install/turtlebot3_fake_node/share/turtlebot3_fake_node/local_setup.dsv
[6.475s] -- Symlinking: /home/wl/Documents/ros2_ws/install/turtlebot3_fake_node/share/turtlebot3_fake_node/package.dsv
[6.482s] -- Symlinking: /home/wl/Documents/ros2_ws/install/turtlebot3_fake_node/share/ament_index/resource_index/packages/turtlebot3_fake_node
[6.488s] -- Symlinking: /home/wl/Documents/ros2_ws/install/turtlebot3_fake_node/share/turtlebot3_fake_node/cmake/ament_cmake_export_include_directories-extras.cmake
[6.494s] -- Symlinking: /home/wl/Documents/ros2_ws/install/turtlebot3_fake_node/share/turtlebot3_fake_node/cmake/ament_cmake_export_dependencies-extras.cmake
[6.500s] -- Symlinking: /home/wl/Documents/ros2_ws/install/turtlebot3_fake_node/share/turtlebot3_fake_node/cmake/turtlebot3_fake_nodeConfig.cmake
[6.507s] -- Symlinking: /home/wl/Documents/ros2_ws/install/turtlebot3_fake_node/share/turtlebot3_fake_node/cmake/turtlebot3_fake_nodeConfig-version.cmake
[6.514s] -- Symlinking: /home/wl/Documents/ros2_ws/install/turtlebot3_fake_node/share/turtlebot3_fake_node/package.xml
[6.524s] Invoked command in '/home/wl/Documents/ros2_ws/build/turtlebot3_fake_node' returned '0': CMAKE_PREFIX_PATH=/opt/ros/foxy /usr/bin/cmake --install /home/wl/Documents/ros2_ws/build/turtlebot3_fake_node
