[0.008s] Invoking command in '/home/wl/Documents/ros2_ws/build/turtlebot3_simulations': AMENT_PREFIX_PATH=/home/wl/Documents/ros2_ws/install/turtlebot3_gazebo:/home/wl/Documents/ros2_ws/install/turtlebot3_fake_node:/home/wl/Documents/ros2_ws/install/turtlebot3_description:${AMENT_PREFIX_PATH} CMAKE_PREFIX_PATH=/home/wl/Documents/ros2_ws/install/turtlebot3_gazebo:/home/wl/Documents/ros2_ws/install/turtlebot3_fake_node:/home/wl/Documents/ros2_ws/install/turtlebot3_description:/opt/ros/foxy /usr/bin/cmake /home/wl/Documents/ros2_ws/src/turtlebot3_simulations/turtlebot3_simulations -DCMAKE_INSTALL_PREFIX=/home/wl/Documents/ros2_ws/install/turtlebot3_simulations
[0.017s] -- Found ament_cmake: 0.9.12 (/opt/ros/foxy/share/ament_cmake/cmake)
[0.033s] -- Using PYTHON_EXECUTABLE: /usr/bin/python3
[0.150s] -- Override CMake install command with custom implementation using symlinks instead of copying resources
[0.200s] -- Configuring done
[0.201s] -- Generating done
[0.201s] -- Build files have been written to: /home/wl/Documents/ros2_ws/build/turtlebot3_simulations
[0.203s] Invoked command in '/home/wl/Documents/ros2_ws/build/turtlebot3_simulations' returned '0': AMENT_PREFIX_PATH=/home/wl/Documents/ros2_ws/install/turtlebot3_gazebo:/home/wl/Documents/ros2_ws/install/turtlebot3_fake_node:/home/wl/Documents/ros2_ws/install/turtlebot3_description:${AMENT_PREFIX_PATH} CMAKE_PREFIX_PATH=/home/wl/Documents/ros2_ws/install/turtlebot3_gazebo:/home/wl/Documents/ros2_ws/install/turtlebot3_fake_node:/home/wl/Documents/ros2_ws/install/turtlebot3_description:/opt/ros/foxy /usr/bin/cmake /home/wl/Documents/ros2_ws/src/turtlebot3_simulations/turtlebot3_simulations -DCMAKE_INSTALL_PREFIX=/home/wl/Documents/ros2_ws/install/turtlebot3_simulations
[0.206s] Invoking command in '/home/wl/Documents/ros2_ws/build/turtlebot3_simulations': AMENT_PREFIX_PATH=/home/wl/Documents/ros2_ws/install/turtlebot3_gazebo:/home/wl/Documents/ros2_ws/install/turtlebot3_fake_node:/home/wl/Documents/ros2_ws/install/turtlebot3_description:${AMENT_PREFIX_PATH} CMAKE_PREFIX_PATH=/home/wl/Documents/ros2_ws/install/turtlebot3_gazebo:/home/wl/Documents/ros2_ws/install/turtlebot3_fake_node:/home/wl/Documents/ros2_ws/install/turtlebot3_description:/opt/ros/foxy /usr/bin/cmake --build /home/wl/Documents/ros2_ws/build/turtlebot3_simulations -- -j12 -l12
[0.232s] Invoked command in '/home/wl/Documents/ros2_ws/build/turtlebot3_simulations' returned '0': AMENT_PREFIX_PATH=/home/wl/Documents/ros2_ws/install/turtlebot3_gazebo:/home/wl/Documents/ros2_ws/install/turtlebot3_fake_node:/home/wl/Documents/ros2_ws/install/turtlebot3_description:${AMENT_PREFIX_PATH} CMAKE_PREFIX_PATH=/home/wl/Documents/ros2_ws/install/turtlebot3_gazebo:/home/wl/Documents/ros2_ws/install/turtlebot3_fake_node:/home/wl/Documents/ros2_ws/install/turtlebot3_description:/opt/ros/foxy /usr/bin/cmake --build /home/wl/Documents/ros2_ws/build/turtlebot3_simulations -- -j12 -l12
[0.248s] Invoking command in '/home/wl/Documents/ros2_ws/build/turtlebot3_simulations': AMENT_PREFIX_PATH=/home/wl/Documents/ros2_ws/install/turtlebot3_gazebo:/home/wl/Documents/ros2_ws/install/turtlebot3_fake_node:/home/wl/Documents/ros2_ws/install/turtlebot3_description:${AMENT_PREFIX_PATH} CMAKE_PREFIX_PATH=/home/wl/Documents/ros2_ws/install/turtlebot3_gazebo:/home/wl/Documents/ros2_ws/install/turtlebot3_fake_node:/home/wl/Documents/ros2_ws/install/turtlebot3_description:/opt/ros/foxy /usr/bin/cmake --install /home/wl/Documents/ros2_ws/build/turtlebot3_simulations
[0.254s] -- Install configuration: ""
[0.254s] -- Execute custom install script
[0.254s] -- Up-to-date symlink: /home/wl/Documents/ros2_ws/install/turtlebot3_simulations/share/ament_index/resource_index/package_run_dependencies/turtlebot3_simulations
[0.254s] -- Up-to-date symlink: /home/wl/Documents/ros2_ws/install/turtlebot3_simulations/share/ament_index/resource_index/parent_prefix_path/turtlebot3_simulations
[0.254s] -- Up-to-date symlink: /home/wl/Documents/ros2_ws/install/turtlebot3_simulations/share/turtlebot3_simulations/environment/ament_prefix_path.sh
[0.255s] -- Up-to-date symlink: /home/wl/Documents/ros2_ws/install/turtlebot3_simulations/share/turtlebot3_simulations/environment/ament_prefix_path.dsv
[0.255s] -- Up-to-date symlink: /home/wl/Documents/ros2_ws/install/turtlebot3_simulations/share/turtlebot3_simulations/environment/path.sh
[0.255s] -- Up-to-date symlink: /home/wl/Documents/ros2_ws/install/turtlebot3_simulations/share/turtlebot3_simulations/environment/path.dsv
[0.255s] -- Up-to-date symlink: /home/wl/Documents/ros2_ws/install/turtlebot3_simulations/share/turtlebot3_simulations/local_setup.bash
[0.255s] -- Up-to-date symlink: /home/wl/Documents/ros2_ws/install/turtlebot3_simulations/share/turtlebot3_simulations/local_setup.sh
[0.255s] -- Up-to-date symlink: /home/wl/Documents/ros2_ws/install/turtlebot3_simulations/share/turtlebot3_simulations/local_setup.zsh
[0.255s] -- Up-to-date symlink: /home/wl/Documents/ros2_ws/install/turtlebot3_simulations/share/turtlebot3_simulations/local_setup.dsv
[0.256s] -- Symlinking: /home/wl/Documents/ros2_ws/install/turtlebot3_simulations/share/turtlebot3_simulations/package.dsv
[0.262s] -- Up-to-date symlink: /home/wl/Documents/ros2_ws/install/turtlebot3_simulations/share/ament_index/resource_index/packages/turtlebot3_simulations
[0.262s] -- Up-to-date symlink: /home/wl/Documents/ros2_ws/install/turtlebot3_simulations/share/turtlebot3_simulations/cmake/turtlebot3_simulationsConfig.cmake
[0.262s] -- Up-to-date symlink: /home/wl/Documents/ros2_ws/install/turtlebot3_simulations/share/turtlebot3_simulations/cmake/turtlebot3_simulationsConfig-version.cmake
[0.262s] -- Up-to-date symlink: /home/wl/Documents/ros2_ws/install/turtlebot3_simulations/share/turtlebot3_simulations/package.xml
[0.264s] Invoked command in '/home/wl/Documents/ros2_ws/build/turtlebot3_simulations' returned '0': AMENT_PREFIX_PATH=/home/wl/Documents/ros2_ws/install/turtlebot3_gazebo:/home/wl/Documents/ros2_ws/install/turtlebot3_fake_node:/home/wl/Documents/ros2_ws/install/turtlebot3_description:${AMENT_PREFIX_PATH} CMAKE_PREFIX_PATH=/home/wl/Documents/ros2_ws/install/turtlebot3_gazebo:/home/wl/Documents/ros2_ws/install/turtlebot3_fake_node:/home/wl/Documents/ros2_ws/install/turtlebot3_description:/opt/ros/foxy /usr/bin/cmake --install /home/wl/Documents/ros2_ws/build/turtlebot3_simulations
