[0.012s] Invoking command in '/home/wl/Documents/ros2_ws/build/turtlebot3': AMENT_PREFIX_PATH=/home/wl/Documents/ros2_ws/install/turtlebot3_bringup:/home/wl/Documents/ros2_ws/install/turtlebot3_teleop:/home/wl/Documents/ros2_ws/install/turtlebot3_node:/home/wl/Documents/ros2_ws/install/turtlebot3_navigation2:/home/wl/Documents/ros2_ws/install/turtlebot3_example:/home/wl/Documents/ros2_ws/install/turtlebot3_description:/home/wl/Documents/ros2_ws/install/turtlebot3_cartographer:${AMENT_PREFIX_PATH} CMAKE_PREFIX_PATH=/home/wl/Documents/ros2_ws/install/turtlebot3_bringup:/home/wl/Documents/ros2_ws/install/turtlebot3_node:/home/wl/Documents/ros2_ws/install/turtlebot3_navigation2:/home/wl/Documents/ros2_ws/install/turtlebot3_description:/home/wl/Documents/ros2_ws/install/turtlebot3_cartographer:/opt/ros/foxy PYTHONPATH=/home/wl/Documents/ros2_ws/build/turtlebot3_teleop:/home/wl/Documents/ros2_ws/install/turtlebot3_teleop/lib/python3.8/site-packages:/home/wl/Documents/ros2_ws/build/turtlebot3_example:/home/wl/Documents/ros2_ws/install/turtlebot3_example/lib/python3.8/site-packages:${PYTHONPATH} /usr/bin/cmake /home/wl/Documents/ros2_ws/src/turtlebot3/turtlebot3 -DAMENT_CMAKE_SYMLINK_INSTALL=1 -DCMAKE_INSTALL_PREFIX=/home/wl/Documents/ros2_ws/install/turtlebot3
[0.065s] -- The C compiler identification is GNU 9.4.0
[0.104s] -- The CXX compiler identification is GNU 9.4.0
[0.109s] -- Check for working C compiler: /usr/bin/cc
[0.175s] -- Check for working C compiler: /usr/bin/cc -- works
[0.176s] -- Detecting C compiler ABI info
[0.228s] -- Detecting C compiler ABI info - done
[0.236s] -- Detecting C compile features
[0.236s] -- Detecting C compile features - done
[0.237s] -- Check for working CXX compiler: /usr/bin/c++
[0.291s] -- Check for working CXX compiler: /usr/bin/c++ -- works
[0.292s] -- Detecting CXX compiler ABI info
[0.347s] -- Detecting CXX compiler ABI info - done
[0.359s] -- Detecting CXX compile features
[0.360s] -- Detecting CXX compile features - done
[0.362s] -- Found ament_cmake: 0.9.12 (/opt/ros/foxy/share/ament_cmake/cmake)
[0.386s] -- Found PythonInterp: /usr/bin/python3 (found suitable version "3.8.10", minimum required is "3") 
[0.386s] -- Using PYTHON_EXECUTABLE: /usr/bin/python3
[0.514s] -- Override CMake install command with custom implementation using symlinks instead of copying resources
[0.596s] -- Configuring done
[0.598s] -- Generating done
[0.599s] -- Build files have been written to: /home/wl/Documents/ros2_ws/build/turtlebot3
[0.602s] Invoked command in '/home/wl/Documents/ros2_ws/build/turtlebot3' returned '0': AMENT_PREFIX_PATH=/home/wl/Documents/ros2_ws/install/turtlebot3_bringup:/home/wl/Documents/ros2_ws/install/turtlebot3_teleop:/home/wl/Documents/ros2_ws/install/turtlebot3_node:/home/wl/Documents/ros2_ws/install/turtlebot3_navigation2:/home/wl/Documents/ros2_ws/install/turtlebot3_example:/home/wl/Documents/ros2_ws/install/turtlebot3_description:/home/wl/Documents/ros2_ws/install/turtlebot3_cartographer:${AMENT_PREFIX_PATH} CMAKE_PREFIX_PATH=/home/wl/Documents/ros2_ws/install/turtlebot3_bringup:/home/wl/Documents/ros2_ws/install/turtlebot3_node:/home/wl/Documents/ros2_ws/install/turtlebot3_navigation2:/home/wl/Documents/ros2_ws/install/turtlebot3_description:/home/wl/Documents/ros2_ws/install/turtlebot3_cartographer:/opt/ros/foxy PYTHONPATH=/home/wl/Documents/ros2_ws/build/turtlebot3_teleop:/home/wl/Documents/ros2_ws/install/turtlebot3_teleop/lib/python3.8/site-packages:/home/wl/Documents/ros2_ws/build/turtlebot3_example:/home/wl/Documents/ros2_ws/install/turtlebot3_example/lib/python3.8/site-packages:${PYTHONPATH} /usr/bin/cmake /home/wl/Documents/ros2_ws/src/turtlebot3/turtlebot3 -DAMENT_CMAKE_SYMLINK_INSTALL=1 -DCMAKE_INSTALL_PREFIX=/home/wl/Documents/ros2_ws/install/turtlebot3
[0.605s] Invoking command in '/home/wl/Documents/ros2_ws/build/turtlebot3': AMENT_PREFIX_PATH=/home/wl/Documents/ros2_ws/install/turtlebot3_bringup:/home/wl/Documents/ros2_ws/install/turtlebot3_teleop:/home/wl/Documents/ros2_ws/install/turtlebot3_node:/home/wl/Documents/ros2_ws/install/turtlebot3_navigation2:/home/wl/Documents/ros2_ws/install/turtlebot3_example:/home/wl/Documents/ros2_ws/install/turtlebot3_description:/home/wl/Documents/ros2_ws/install/turtlebot3_cartographer:${AMENT_PREFIX_PATH} CMAKE_PREFIX_PATH=/home/wl/Documents/ros2_ws/install/turtlebot3_bringup:/home/wl/Documents/ros2_ws/install/turtlebot3_node:/home/wl/Documents/ros2_ws/install/turtlebot3_navigation2:/home/wl/Documents/ros2_ws/install/turtlebot3_description:/home/wl/Documents/ros2_ws/install/turtlebot3_cartographer:/opt/ros/foxy PYTHONPATH=/home/wl/Documents/ros2_ws/build/turtlebot3_teleop:/home/wl/Documents/ros2_ws/install/turtlebot3_teleop/lib/python3.8/site-packages:/home/wl/Documents/ros2_ws/build/turtlebot3_example:/home/wl/Documents/ros2_ws/install/turtlebot3_example/lib/python3.8/site-packages:${PYTHONPATH} /usr/bin/cmake --build /home/wl/Documents/ros2_ws/build/turtlebot3 -- -j12 -l12
[0.634s] Invoked command in '/home/wl/Documents/ros2_ws/build/turtlebot3' returned '0': AMENT_PREFIX_PATH=/home/wl/Documents/ros2_ws/install/turtlebot3_bringup:/home/wl/Documents/ros2_ws/install/turtlebot3_teleop:/home/wl/Documents/ros2_ws/install/turtlebot3_node:/home/wl/Documents/ros2_ws/install/turtlebot3_navigation2:/home/wl/Documents/ros2_ws/install/turtlebot3_example:/home/wl/Documents/ros2_ws/install/turtlebot3_description:/home/wl/Documents/ros2_ws/install/turtlebot3_cartographer:${AMENT_PREFIX_PATH} CMAKE_PREFIX_PATH=/home/wl/Documents/ros2_ws/install/turtlebot3_bringup:/home/wl/Documents/ros2_ws/install/turtlebot3_node:/home/wl/Documents/ros2_ws/install/turtlebot3_navigation2:/home/wl/Documents/ros2_ws/install/turtlebot3_description:/home/wl/Documents/ros2_ws/install/turtlebot3_cartographer:/opt/ros/foxy PYTHONPATH=/home/wl/Documents/ros2_ws/build/turtlebot3_teleop:/home/wl/Documents/ros2_ws/install/turtlebot3_teleop/lib/python3.8/site-packages:/home/wl/Documents/ros2_ws/build/turtlebot3_example:/home/wl/Documents/ros2_ws/install/turtlebot3_example/lib/python3.8/site-packages:${PYTHONPATH} /usr/bin/cmake --build /home/wl/Documents/ros2_ws/build/turtlebot3 -- -j12 -l12
[0.655s] Invoking command in '/home/wl/Documents/ros2_ws/build/turtlebot3': AMENT_PREFIX_PATH=/home/wl/Documents/ros2_ws/install/turtlebot3_bringup:/home/wl/Documents/ros2_ws/install/turtlebot3_teleop:/home/wl/Documents/ros2_ws/install/turtlebot3_node:/home/wl/Documents/ros2_ws/install/turtlebot3_navigation2:/home/wl/Documents/ros2_ws/install/turtlebot3_example:/home/wl/Documents/ros2_ws/install/turtlebot3_description:/home/wl/Documents/ros2_ws/install/turtlebot3_cartographer:${AMENT_PREFIX_PATH} CMAKE_PREFIX_PATH=/home/wl/Documents/ros2_ws/install/turtlebot3_bringup:/home/wl/Documents/ros2_ws/install/turtlebot3_node:/home/wl/Documents/ros2_ws/install/turtlebot3_navigation2:/home/wl/Documents/ros2_ws/install/turtlebot3_description:/home/wl/Documents/ros2_ws/install/turtlebot3_cartographer:/opt/ros/foxy PYTHONPATH=/home/wl/Documents/ros2_ws/build/turtlebot3_teleop:/home/wl/Documents/ros2_ws/install/turtlebot3_teleop/lib/python3.8/site-packages:/home/wl/Documents/ros2_ws/build/turtlebot3_example:/home/wl/Documents/ros2_ws/install/turtlebot3_example/lib/python3.8/site-packages:${PYTHONPATH} /usr/bin/cmake --install /home/wl/Documents/ros2_ws/build/turtlebot3
[0.663s] -- Install configuration: ""
[0.664s] -- Execute custom install script
[0.664s] -- Symlinking: /home/wl/Documents/ros2_ws/install/turtlebot3/share/ament_index/resource_index/package_run_dependencies/turtlebot3
[0.673s] -- Symlinking: /home/wl/Documents/ros2_ws/install/turtlebot3/share/ament_index/resource_index/parent_prefix_path/turtlebot3
[0.682s] -- Symlinking: /home/wl/Documents/ros2_ws/install/turtlebot3/share/turtlebot3/environment/ament_prefix_path.sh
[0.688s] -- Symlinking: /home/wl/Documents/ros2_ws/install/turtlebot3/share/turtlebot3/environment/ament_prefix_path.dsv
[0.695s] -- Symlinking: /home/wl/Documents/ros2_ws/install/turtlebot3/share/turtlebot3/environment/path.sh
[0.701s] -- Symlinking: /home/wl/Documents/ros2_ws/install/turtlebot3/share/turtlebot3/environment/path.dsv
[0.707s] -- Symlinking: /home/wl/Documents/ros2_ws/install/turtlebot3/share/turtlebot3/local_setup.bash
[0.714s] -- Symlinking: /home/wl/Documents/ros2_ws/install/turtlebot3/share/turtlebot3/local_setup.sh
[0.720s] -- Symlinking: /home/wl/Documents/ros2_ws/install/turtlebot3/share/turtlebot3/local_setup.zsh
[0.726s] -- Symlinking: /home/wl/Documents/ros2_ws/install/turtlebot3/share/turtlebot3/local_setup.dsv
[0.732s] -- Symlinking: /home/wl/Documents/ros2_ws/install/turtlebot3/share/turtlebot3/package.dsv
[0.740s] -- Symlinking: /home/wl/Documents/ros2_ws/install/turtlebot3/share/ament_index/resource_index/packages/turtlebot3
[0.749s] -- Symlinking: /home/wl/Documents/ros2_ws/install/turtlebot3/share/turtlebot3/cmake/turtlebot3Config.cmake
[0.758s] -- Symlinking: /home/wl/Documents/ros2_ws/install/turtlebot3/share/turtlebot3/cmake/turtlebot3Config-version.cmake
[0.765s] -- Symlinking: /home/wl/Documents/ros2_ws/install/turtlebot3/share/turtlebot3/package.xml
[0.773s] Invoked command in '/home/wl/Documents/ros2_ws/build/turtlebot3' returned '0': AMENT_PREFIX_PATH=/home/wl/Documents/ros2_ws/install/turtlebot3_bringup:/home/wl/Documents/ros2_ws/install/turtlebot3_teleop:/home/wl/Documents/ros2_ws/install/turtlebot3_node:/home/wl/Documents/ros2_ws/install/turtlebot3_navigation2:/home/wl/Documents/ros2_ws/install/turtlebot3_example:/home/wl/Documents/ros2_ws/install/turtlebot3_description:/home/wl/Documents/ros2_ws/install/turtlebot3_cartographer:${AMENT_PREFIX_PATH} CMAKE_PREFIX_PATH=/home/wl/Documents/ros2_ws/install/turtlebot3_bringup:/home/wl/Documents/ros2_ws/install/turtlebot3_node:/home/wl/Documents/ros2_ws/install/turtlebot3_navigation2:/home/wl/Documents/ros2_ws/install/turtlebot3_description:/home/wl/Documents/ros2_ws/install/turtlebot3_cartographer:/opt/ros/foxy PYTHONPATH=/home/wl/Documents/ros2_ws/build/turtlebot3_teleop:/home/wl/Documents/ros2_ws/install/turtlebot3_teleop/lib/python3.8/site-packages:/home/wl/Documents/ros2_ws/build/turtlebot3_example:/home/wl/Documents/ros2_ws/install/turtlebot3_example/lib/python3.8/site-packages:${PYTHONPATH} /usr/bin/cmake --install /home/wl/Documents/ros2_ws/build/turtlebot3
