[0.013s] Invoking command in '/home/wl/Documents/ros2_ws/build/turtlebot3_simulations': CMAKE_PREFIX_PATH=/home/wl/Documents/ros2_ws/install/turtlebot3_gazebo:/home/wl/Documents/ros2_ws/install/turtlebot3_fake_node:/home/wl/Documents/ros2_ws/install/turtlebot3_description:/home/wl/Documents/ros2_ws/install/turtlebot3:/home/wl/Documents/ros2_ws/install/turtlebot3_simulations:/home/wl/Documents/ros2_ws/install/turtlebot3_bringup:/home/wl/Documents/ros2_ws/install/turtlebot3_node:/home/wl/Documents/ros2_ws/install/turtlebot3_navigation2:/home/wl/Documents/ros2_ws/install/turtlebot3_cartographer:/home/wl/Documents/ros2_ws/install/turtlebot3_teleop:/home/wl/Documents/ros2_ws/install/turtlebot3_example:/opt/ros/foxy /usr/bin/cmake --build /home/wl/Documents/ros2_ws/build/turtlebot3_simulations -- -j12 -l12
[0.051s] Invoked command in '/home/wl/Documents/ros2_ws/build/turtlebot3_simulations' returned '0': CMAKE_PREFIX_PATH=/home/wl/Documents/ros2_ws/install/turtlebot3_gazebo:/home/wl/Documents/ros2_ws/install/turtlebot3_fake_node:/home/wl/Documents/ros2_ws/install/turtlebot3_description:/home/wl/Documents/ros2_ws/install/turtlebot3:/home/wl/Documents/ros2_ws/install/turtlebot3_simulations:/home/wl/Documents/ros2_ws/install/turtlebot3_bringup:/home/wl/Documents/ros2_ws/install/turtlebot3_node:/home/wl/Documents/ros2_ws/install/turtlebot3_navigation2:/home/wl/Documents/ros2_ws/install/turtlebot3_cartographer:/home/wl/Documents/ros2_ws/install/turtlebot3_teleop:/home/wl/Documents/ros2_ws/install/turtlebot3_example:/opt/ros/foxy /usr/bin/cmake --build /home/wl/Documents/ros2_ws/build/turtlebot3_simulations -- -j12 -l12
[0.073s] Invoking command in '/home/wl/Documents/ros2_ws/build/turtlebot3_simulations': CMAKE_PREFIX_PATH=/home/wl/Documents/ros2_ws/install/turtlebot3_gazebo:/home/wl/Documents/ros2_ws/install/turtlebot3_fake_node:/home/wl/Documents/ros2_ws/install/turtlebot3_description:/home/wl/Documents/ros2_ws/install/turtlebot3:/home/wl/Documents/ros2_ws/install/turtlebot3_simulations:/home/wl/Documents/ros2_ws/install/turtlebot3_bringup:/home/wl/Documents/ros2_ws/install/turtlebot3_node:/home/wl/Documents/ros2_ws/install/turtlebot3_navigation2:/home/wl/Documents/ros2_ws/install/turtlebot3_cartographer:/home/wl/Documents/ros2_ws/install/turtlebot3_teleop:/home/wl/Documents/ros2_ws/install/turtlebot3_example:/opt/ros/foxy /usr/bin/cmake --install /home/wl/Documents/ros2_ws/build/turtlebot3_simulations
[0.080s] -- Install configuration: ""
[0.080s] -- Execute custom install script
[0.081s] -- Up-to-date symlink: /home/wl/Documents/ros2_ws/install/turtlebot3_simulations/share/ament_index/resource_index/package_run_dependencies/turtlebot3_simulations
[0.081s] -- Up-to-date symlink: /home/wl/Documents/ros2_ws/install/turtlebot3_simulations/share/ament_index/resource_index/parent_prefix_path/turtlebot3_simulations
[0.081s] -- Up-to-date symlink: /home/wl/Documents/ros2_ws/install/turtlebot3_simulations/share/turtlebot3_simulations/environment/ament_prefix_path.sh
[0.081s] -- Up-to-date symlink: /home/wl/Documents/ros2_ws/install/turtlebot3_simulations/share/turtlebot3_simulations/environment/ament_prefix_path.dsv
[0.082s] -- Up-to-date symlink: /home/wl/Documents/ros2_ws/install/turtlebot3_simulations/share/turtlebot3_simulations/environment/path.sh
[0.082s] -- Up-to-date symlink: /home/wl/Documents/ros2_ws/install/turtlebot3_simulations/share/turtlebot3_simulations/environment/path.dsv
[0.082s] -- Up-to-date symlink: /home/wl/Documents/ros2_ws/install/turtlebot3_simulations/share/turtlebot3_simulations/local_setup.bash
[0.082s] -- Up-to-date symlink: /home/wl/Documents/ros2_ws/install/turtlebot3_simulations/share/turtlebot3_simulations/local_setup.sh
[0.082s] -- Up-to-date symlink: /home/wl/Documents/ros2_ws/install/turtlebot3_simulations/share/turtlebot3_simulations/local_setup.zsh
[0.083s] -- Up-to-date symlink: /home/wl/Documents/ros2_ws/install/turtlebot3_simulations/share/turtlebot3_simulations/local_setup.dsv
[0.083s] -- Symlinking: /home/wl/Documents/ros2_ws/install/turtlebot3_simulations/share/turtlebot3_simulations/package.dsv
[0.091s] -- Up-to-date symlink: /home/wl/Documents/ros2_ws/install/turtlebot3_simulations/share/ament_index/resource_index/packages/turtlebot3_simulations
[0.091s] -- Up-to-date symlink: /home/wl/Documents/ros2_ws/install/turtlebot3_simulations/share/turtlebot3_simulations/cmake/turtlebot3_simulationsConfig.cmake
[0.091s] -- Up-to-date symlink: /home/wl/Documents/ros2_ws/install/turtlebot3_simulations/share/turtlebot3_simulations/cmake/turtlebot3_simulationsConfig-version.cmake
[0.091s] -- Up-to-date symlink: /home/wl/Documents/ros2_ws/install/turtlebot3_simulations/share/turtlebot3_simulations/package.xml
[0.094s] Invoked command in '/home/wl/Documents/ros2_ws/build/turtlebot3_simulations' returned '0': CMAKE_PREFIX_PATH=/home/wl/Documents/ros2_ws/install/turtlebot3_gazebo:/home/wl/Documents/ros2_ws/install/turtlebot3_fake_node:/home/wl/Documents/ros2_ws/install/turtlebot3_description:/home/wl/Documents/ros2_ws/install/turtlebot3:/home/wl/Documents/ros2_ws/install/turtlebot3_simulations:/home/wl/Documents/ros2_ws/install/turtlebot3_bringup:/home/wl/Documents/ros2_ws/install/turtlebot3_node:/home/wl/Documents/ros2_ws/install/turtlebot3_navigation2:/home/wl/Documents/ros2_ws/install/turtlebot3_cartographer:/home/wl/Documents/ros2_ws/install/turtlebot3_teleop:/home/wl/Documents/ros2_ws/install/turtlebot3_example:/opt/ros/foxy /usr/bin/cmake --install /home/wl/Documents/ros2_ws/build/turtlebot3_simulations
