[0.019s] Invoking command in '/home/wl/Documents/ros2_ws/build/turtlebot3_gazebo': AMENT_PREFIX_PATH=/home/wl/Documents/ros2_ws/install/turtlebot3_description:${AMENT_PREFIX_PATH} CMAKE_PREFIX_PATH=/home/wl/Documents/ros2_ws/install/turtlebot3_description:/opt/ros/foxy /usr/bin/cmake /home/wl/Documents/ros2_ws/src/turtlebot3_simulations/turtlebot3_gazebo -DCMAKE_INSTALL_PREFIX=/home/wl/Documents/ros2_ws/install/turtlebot3_gazebo
[0.031s] -- Found ament_cmake: 0.9.12 (/opt/ros/foxy/share/ament_cmake/cmake)
[0.048s] -- Using PYTHON_EXECUTABLE: /usr/bin/python3
[0.177s] -- Override CMake install command with custom implementation using symlinks instead of copying resources
[0.229s] -- Found DART: /usr/include (Required is at least version "6.6") found components: dart 
[0.251s] -- Found Protobuf: /usr/lib/x86_64-linux-gnu/libprotobuf.so;-lpthread (found version "3.6.1") 
[0.253s] -- Looking for ignition-math6 -- found version 6.15.1
[0.258s] -- Searching for dependencies of ignition-math6
[0.259s] -- Looking for OGRE...
[0.265s] -- Found Ogre Ghadamon (1.9.0)
[0.265s] -- Found OGRE: optimized;/usr/lib/x86_64-linux-gnu/libOgreMain.so;debug;/usr/lib/x86_64-linux-gnu/libOgreMain.so
[0.276s] -- Looking for OGRE_Paging...
[0.276s] -- Found OGRE_Paging: optimized;/usr/lib/x86_64-linux-gnu/libOgrePaging.so;debug;/usr/lib/x86_64-linux-gnu/libOgrePaging.so
[0.276s] -- Looking for OGRE_Terrain...
[0.276s] -- Found OGRE_Terrain: optimized;/usr/lib/x86_64-linux-gnu/libOgreTerrain.so;debug;/usr/lib/x86_64-linux-gnu/libOgreTerrain.so
[0.276s] -- Looking for OGRE_Property...
[0.276s] -- Found OGRE_Property: optimized;/usr/lib/x86_64-linux-gnu/libOgreProperty.so;debug;/usr/lib/x86_64-linux-gnu/libOgreProperty.so
[0.277s] -- Looking for OGRE_RTShaderSystem...
[0.277s] -- Found OGRE_RTShaderSystem: optimized;/usr/lib/x86_64-linux-gnu/libOgreRTShaderSystem.so;debug;/usr/lib/x86_64-linux-gnu/libOgreRTShaderSystem.so
[0.277s] -- Looking for OGRE_Volume...
[0.277s] -- Found OGRE_Volume: optimized;/usr/lib/x86_64-linux-gnu/libOgreVolume.so;debug;/usr/lib/x86_64-linux-gnu/libOgreVolume.so
[0.277s] -- Looking for OGRE_Overlay...
[0.277s] -- Found OGRE_Overlay: optimized;/usr/lib/x86_64-linux-gnu/libOgreOverlay.so;debug;/usr/lib/x86_64-linux-gnu/libOgreOverlay.so
[0.444s] -- Looking for ignition-math6 -- found version 6.15.1
[0.444s] -- Looking for ignition-transport8 -- found version 8.3.0
[0.445s] -- Searching for dependencies of ignition-transport8
[0.463s] -- Found Protobuf: /usr/lib/x86_64-linux-gnu/libprotobuf.so;-lpthread (found suitable version "3.6.1", minimum required is "3") 
[0.475s] -- Config-file not installed for ZeroMQ -- checking for pkg-config
[0.479s] -- Checking for module 'libzmq >= 4'
[0.492s] --   Found libzmq , version 4.3.2
[0.533s] -- Checking for module 'uuid'
[0.549s] --   Found uuid, version 2.34.0
[0.583s] -- Looking for ignition-msgs5 -- found version 5.10.0
[0.583s] -- Searching for dependencies of ignition-msgs5
[0.602s] -- Looking for ignition-math6 -- found version 6.15.1
[0.607s] -- Checking for module 'tinyxml2'
[0.619s] --   Found tinyxml2, version 6.2.0
[0.652s] -- Looking for ignition-msgs5 -- found version 5.10.0
[0.654s] -- Looking for ignition-common3 -- found version 3.14.2
[0.654s] -- Searching for dependencies of ignition-common3
[0.654s] -- Looking for dlfcn.h - found
[0.654s] -- Looking for libdl - found
[0.662s] -- Searching for <ignition-common3> component [graphics]
[0.663s] -- Looking for ignition-common3-graphics -- found version 3.14.2
[0.663s] -- Searching for dependencies of ignition-common3-graphics
[0.664s] -- Looking for ignition-math6 -- found version 6.15.1
[0.665s] -- Looking for ignition-fuel_tools4 -- found version 4.6.0
[0.666s] -- Searching for dependencies of ignition-fuel_tools4
[0.700s] -- Checking for module 'jsoncpp'
[0.713s] --   Found jsoncpp, version 1.7.4
[0.755s] -- Checking for module 'libzip'
[0.767s] --   Found libzip, version 1.5.1
[0.791s] -- Looking for ignition-common3 -- found version 3.14.2
[0.791s] -- Looking for ignition-math6 -- found version 6.15.1
[0.791s] -- Looking for ignition-msgs5 -- found version 5.10.0
[0.792s] -- Found gazebo_ros_pkgs: 3.5.3 (/opt/ros/foxy/share/gazebo_ros_pkgs/cmake)
[0.792s] -- Found geometry_msgs: 2.0.5 (/opt/ros/foxy/share/geometry_msgs/cmake)
[0.803s] -- Using all available rosidl_typesupport_c: rosidl_typesupport_fastrtps_c;rosidl_typesupport_introspection_c
[0.805s] -- Found rosidl_adapter: 1.3.1 (/opt/ros/foxy/share/rosidl_adapter/cmake)
[0.890s] -- Using all available rosidl_typesupport_cpp: rosidl_typesupport_fastrtps_cpp;rosidl_typesupport_introspection_cpp
[0.955s] -- Found nav_msgs: 2.0.5 (/opt/ros/foxy/share/nav_msgs/cmake)
[1.002s] -- Found rclcpp: 2.4.3 (/opt/ros/foxy/share/rclcpp/cmake)
[1.024s] -- Found rmw_implementation_cmake: 1.0.4 (/opt/ros/foxy/share/rmw_implementation_cmake/cmake)
[1.025s] -- Using RMW implementation 'rmw_fastrtps_cpp' as default
[1.112s] -- Found sensor_msgs: 2.0.5 (/opt/ros/foxy/share/sensor_msgs/cmake)
[1.158s] -- Found tf2: 0.13.14 (/opt/ros/foxy/share/tf2/cmake)
[1.219s] -- Configuring done
[1.238s] -- Generating done
[1.240s] -- Build files have been written to: /home/wl/Documents/ros2_ws/build/turtlebot3_gazebo
[1.247s] Invoked command in '/home/wl/Documents/ros2_ws/build/turtlebot3_gazebo' returned '0': AMENT_PREFIX_PATH=/home/wl/Documents/ros2_ws/install/turtlebot3_description:${AMENT_PREFIX_PATH} CMAKE_PREFIX_PATH=/home/wl/Documents/ros2_ws/install/turtlebot3_description:/opt/ros/foxy /usr/bin/cmake /home/wl/Documents/ros2_ws/src/turtlebot3_simulations/turtlebot3_gazebo -DCMAKE_INSTALL_PREFIX=/home/wl/Documents/ros2_ws/install/turtlebot3_gazebo
[1.249s] Invoking command in '/home/wl/Documents/ros2_ws/build/turtlebot3_gazebo': AMENT_PREFIX_PATH=/home/wl/Documents/ros2_ws/install/turtlebot3_description:${AMENT_PREFIX_PATH} CMAKE_PREFIX_PATH=/home/wl/Documents/ros2_ws/install/turtlebot3_description:/opt/ros/foxy /usr/bin/cmake --build /home/wl/Documents/ros2_ws/build/turtlebot3_gazebo -- -j12 -l12
[1.292s] [ 25%] Built target turtlebot3_drive
[1.293s] [100%] Built target obstacles
[1.293s] [100%] Built target obstacle2
[1.293s] [100%] Built target obstacle1
[1.300s] Invoked command in '/home/wl/Documents/ros2_ws/build/turtlebot3_gazebo' returned '0': AMENT_PREFIX_PATH=/home/wl/Documents/ros2_ws/install/turtlebot3_description:${AMENT_PREFIX_PATH} CMAKE_PREFIX_PATH=/home/wl/Documents/ros2_ws/install/turtlebot3_description:/opt/ros/foxy /usr/bin/cmake --build /home/wl/Documents/ros2_ws/build/turtlebot3_gazebo -- -j12 -l12
[1.319s] Invoking command in '/home/wl/Documents/ros2_ws/build/turtlebot3_gazebo': AMENT_PREFIX_PATH=/home/wl/Documents/ros2_ws/install/turtlebot3_description:${AMENT_PREFIX_PATH} CMAKE_PREFIX_PATH=/home/wl/Documents/ros2_ws/install/turtlebot3_description:/opt/ros/foxy /usr/bin/cmake --install /home/wl/Documents/ros2_ws/build/turtlebot3_gazebo
[1.325s] -- Install configuration: ""
[1.325s] -- Execute custom install script
[1.326s] -- Up-to-date symlink: /home/wl/Documents/ros2_ws/install/turtlebot3_gazebo/lib/turtlebot3_gazebo/turtlebot3_drive
[1.326s] -- Up-to-date symlink: /home/wl/Documents/ros2_ws/install/turtlebot3_gazebo/share/turtlebot3_gazebo//launch/empty_world.launch.py
[1.326s] -- Up-to-date symlink: /home/wl/Documents/ros2_ws/install/turtlebot3_gazebo/share/turtlebot3_gazebo//launch/robot_state_publisher.launch.py
[1.326s] -- Up-to-date symlink: /home/wl/Documents/ros2_ws/install/turtlebot3_gazebo/share/turtlebot3_gazebo//launch/turtlebot3_autorace.launch.py
[1.326s] -- Up-to-date symlink: /home/wl/Documents/ros2_ws/install/turtlebot3_gazebo/share/turtlebot3_gazebo//launch/turtlebot3_dqn_stage1.launch.py
[1.326s] -- Up-to-date symlink: /home/wl/Documents/ros2_ws/install/turtlebot3_gazebo/share/turtlebot3_gazebo//launch/turtlebot3_dqn_stage2.launch.py
[1.326s] -- Up-to-date symlink: /home/wl/Documents/ros2_ws/install/turtlebot3_gazebo/share/turtlebot3_gazebo//launch/turtlebot3_dqn_stage3.launch.py
[1.326s] -- Up-to-date symlink: /home/wl/Documents/ros2_ws/install/turtlebot3_gazebo/share/turtlebot3_gazebo//launch/turtlebot3_dqn_stage4.launch.py
[1.326s] -- Up-to-date symlink: /home/wl/Documents/ros2_ws/install/turtlebot3_gazebo/share/turtlebot3_gazebo//launch/turtlebot3_house.launch.py
[1.327s] -- Up-to-date symlink: /home/wl/Documents/ros2_ws/install/turtlebot3_gazebo/share/turtlebot3_gazebo//launch/turtlebot3_world.launch.py
[1.327s] -- Up-to-date symlink: /home/wl/Documents/ros2_ws/install/turtlebot3_gazebo/share/turtlebot3_gazebo//models/turtlebot3_autorace/course/materials/scripts/course.material
[1.328s] -- Up-to-date symlink: /home/wl/Documents/ros2_ws/install/turtlebot3_gazebo/share/turtlebot3_gazebo//models/turtlebot3_autorace/course/materials/textures/course.png
[1.328s] -- Up-to-date symlink: /home/wl/Documents/ros2_ws/install/turtlebot3_gazebo/share/turtlebot3_gazebo//models/turtlebot3_autorace/course/model.config
[1.328s] -- Up-to-date symlink: /home/wl/Documents/ros2_ws/install/turtlebot3_gazebo/share/turtlebot3_gazebo//models/turtlebot3_autorace/course/model.sdf
[1.328s] -- Up-to-date symlink: /home/wl/Documents/ros2_ws/install/turtlebot3_gazebo/share/turtlebot3_gazebo//models/turtlebot3_autorace/ground/model.config
[1.328s] -- Up-to-date symlink: /home/wl/Documents/ros2_ws/install/turtlebot3_gazebo/share/turtlebot3_gazebo//models/turtlebot3_autorace/ground/model.sdf
[1.328s] -- Up-to-date symlink: /home/wl/Documents/ros2_ws/install/turtlebot3_gazebo/share/turtlebot3_gazebo//models/turtlebot3_autorace/lights/model.config
[1.328s] -- Up-to-date symlink: /home/wl/Documents/ros2_ws/install/turtlebot3_gazebo/share/turtlebot3_gazebo//models/turtlebot3_autorace/lights/model.sdf
[1.328s] -- Up-to-date symlink: /home/wl/Documents/ros2_ws/install/turtlebot3_gazebo/share/turtlebot3_gazebo//models/turtlebot3_autorace/model.config
[1.328s] -- Up-to-date symlink: /home/wl/Documents/ros2_ws/install/turtlebot3_gazebo/share/turtlebot3_gazebo//models/turtlebot3_autorace/traffic_bar_down/materials/scripts/traffic_bar.material
[1.328s] -- Up-to-date symlink: /home/wl/Documents/ros2_ws/install/turtlebot3_gazebo/share/turtlebot3_gazebo//models/turtlebot3_autorace/traffic_bar_down/materials/textures/traffic_bar.png
[1.328s] -- Up-to-date symlink: /home/wl/Documents/ros2_ws/install/turtlebot3_gazebo/share/turtlebot3_gazebo//models/turtlebot3_autorace/traffic_bar_down/model.config
[1.328s] -- Up-to-date symlink: /home/wl/Documents/ros2_ws/install/turtlebot3_gazebo/share/turtlebot3_gazebo//models/turtlebot3_autorace/traffic_bar_down/model.sdf
[1.329s] -- Up-to-date symlink: /home/wl/Documents/ros2_ws/install/turtlebot3_gazebo/share/turtlebot3_gazebo//models/turtlebot3_autorace/traffic_bar_up/materials/scripts/traffic_bar.material
[1.329s] -- Up-to-date symlink: /home/wl/Documents/ros2_ws/install/turtlebot3_gazebo/share/turtlebot3_gazebo//models/turtlebot3_autorace/traffic_bar_up/materials/textures/traffic_bar.png
[1.329s] -- Up-to-date symlink: /home/wl/Documents/ros2_ws/install/turtlebot3_gazebo/share/turtlebot3_gazebo//models/turtlebot3_autorace/traffic_bar_up/model.config
[1.329s] -- Up-to-date symlink: /home/wl/Documents/ros2_ws/install/turtlebot3_gazebo/share/turtlebot3_gazebo//models/turtlebot3_autorace/traffic_bar_up/model.sdf
[1.329s] -- Up-to-date symlink: /home/wl/Documents/ros2_ws/install/turtlebot3_gazebo/share/turtlebot3_gazebo//models/turtlebot3_autorace/traffic_light_green/model.config
[1.329s] -- Up-to-date symlink: /home/wl/Documents/ros2_ws/install/turtlebot3_gazebo/share/turtlebot3_gazebo//models/turtlebot3_autorace/traffic_light_green/model.sdf
[1.329s] -- Up-to-date symlink: /home/wl/Documents/ros2_ws/install/turtlebot3_gazebo/share/turtlebot3_gazebo//models/turtlebot3_autorace/traffic_light_red/model.config
[1.329s] -- Up-to-date symlink: /home/wl/Documents/ros2_ws/install/turtlebot3_gazebo/share/turtlebot3_gazebo//models/turtlebot3_autorace/traffic_light_red/model.sdf
[1.329s] -- Up-to-date symlink: /home/wl/Documents/ros2_ws/install/turtlebot3_gazebo/share/turtlebot3_gazebo//models/turtlebot3_autorace/traffic_light_yellow/model.config
[1.329s] -- Up-to-date symlink: /home/wl/Documents/ros2_ws/install/turtlebot3_gazebo/share/turtlebot3_gazebo//models/turtlebot3_autorace/traffic_light_yellow/model.sdf
[1.329s] -- Up-to-date symlink: /home/wl/Documents/ros2_ws/install/turtlebot3_gazebo/share/turtlebot3_gazebo//models/turtlebot3_autorace/traffic_parking/materials/scripts/traffic_parking.material
[1.329s] -- Up-to-date symlink: /home/wl/Documents/ros2_ws/install/turtlebot3_gazebo/share/turtlebot3_gazebo//models/turtlebot3_autorace/traffic_parking/materials/textures/traffic_parking.png
[1.329s] -- Up-to-date symlink: /home/wl/Documents/ros2_ws/install/turtlebot3_gazebo/share/turtlebot3_gazebo//models/turtlebot3_autorace/traffic_parking/model.config
[1.330s] -- Up-to-date symlink: /home/wl/Documents/ros2_ws/install/turtlebot3_gazebo/share/turtlebot3_gazebo//models/turtlebot3_autorace/traffic_parking/model.sdf
[1.330s] -- Up-to-date symlink: /home/wl/Documents/ros2_ws/install/turtlebot3_gazebo/share/turtlebot3_gazebo//models/turtlebot3_autorace/traffic_stop/materials/scripts/traffic_stop.material
[1.330s] -- Up-to-date symlink: /home/wl/Documents/ros2_ws/install/turtlebot3_gazebo/share/turtlebot3_gazebo//models/turtlebot3_autorace/traffic_stop/materials/textures/traffic_stop.png
[1.330s] -- Up-to-date symlink: /home/wl/Documents/ros2_ws/install/turtlebot3_gazebo/share/turtlebot3_gazebo//models/turtlebot3_autorace/traffic_stop/model.config
[1.330s] -- Up-to-date symlink: /home/wl/Documents/ros2_ws/install/turtlebot3_gazebo/share/turtlebot3_gazebo//models/turtlebot3_autorace/traffic_stop/model.sdf
[1.330s] -- Up-to-date symlink: /home/wl/Documents/ros2_ws/install/turtlebot3_gazebo/share/turtlebot3_gazebo//models/turtlebot3_autorace/traffic_tunnel/materials/scripts/tunnel.material
[1.330s] -- Up-to-date symlink: /home/wl/Documents/ros2_ws/install/turtlebot3_gazebo/share/turtlebot3_gazebo//models/turtlebot3_autorace/traffic_tunnel/materials/textures/tunnel.png
[1.330s] -- Up-to-date symlink: /home/wl/Documents/ros2_ws/install/turtlebot3_gazebo/share/turtlebot3_gazebo//models/turtlebot3_autorace/traffic_tunnel/model.config
[1.330s] -- Up-to-date symlink: /home/wl/Documents/ros2_ws/install/turtlebot3_gazebo/share/turtlebot3_gazebo//models/turtlebot3_autorace/traffic_tunnel/model.sdf
[1.330s] -- Up-to-date symlink: /home/wl/Documents/ros2_ws/install/turtlebot3_gazebo/share/turtlebot3_gazebo//models/turtlebot3_autorace/tunnel_obstacles/model.config
[1.330s] -- Up-to-date symlink: /home/wl/Documents/ros2_ws/install/turtlebot3_gazebo/share/turtlebot3_gazebo//models/turtlebot3_autorace/tunnel_obstacles/model.sdf
[1.330s] -- Up-to-date symlink: /home/wl/Documents/ros2_ws/install/turtlebot3_gazebo/share/turtlebot3_gazebo//models/turtlebot3_autorace/tunnel_wall/model.config
[1.330s] -- Up-to-date symlink: /home/wl/Documents/ros2_ws/install/turtlebot3_gazebo/share/turtlebot3_gazebo//models/turtlebot3_autorace/tunnel_wall/model.sdf
[1.331s] -- Up-to-date symlink: /home/wl/Documents/ros2_ws/install/turtlebot3_gazebo/share/turtlebot3_gazebo//models/turtlebot3_burger/meshes/burger_base.dae
[1.331s] -- Up-to-date symlink: /home/wl/Documents/ros2_ws/install/turtlebot3_gazebo/share/turtlebot3_gazebo//models/turtlebot3_burger/meshes/lds.dae
[1.331s] -- Up-to-date symlink: /home/wl/Documents/ros2_ws/install/turtlebot3_gazebo/share/turtlebot3_gazebo//models/turtlebot3_burger/meshes/tire.dae
[1.331s] -- Up-to-date symlink: /home/wl/Documents/ros2_ws/install/turtlebot3_gazebo/share/turtlebot3_gazebo//models/turtlebot3_burger/model-1_4.sdf
[1.331s] -- Up-to-date symlink: /home/wl/Documents/ros2_ws/install/turtlebot3_gazebo/share/turtlebot3_gazebo//models/turtlebot3_burger/model.config
[1.331s] -- Up-to-date symlink: /home/wl/Documents/ros2_ws/install/turtlebot3_gazebo/share/turtlebot3_gazebo//models/turtlebot3_burger/model.sdf
[1.331s] -- Up-to-date symlink: /home/wl/Documents/ros2_ws/install/turtlebot3_gazebo/share/turtlebot3_gazebo//models/turtlebot3_dqn_world/goal_box/model.config
[1.331s] -- Up-to-date symlink: /home/wl/Documents/ros2_ws/install/turtlebot3_gazebo/share/turtlebot3_gazebo//models/turtlebot3_dqn_world/goal_box/model.sdf
[1.331s] -- Up-to-date symlink: /home/wl/Documents/ros2_ws/install/turtlebot3_gazebo/share/turtlebot3_gazebo//models/turtlebot3_dqn_world/inner_walls/model.config
[1.331s] -- Up-to-date symlink: /home/wl/Documents/ros2_ws/install/turtlebot3_gazebo/share/turtlebot3_gazebo//models/turtlebot3_dqn_world/inner_walls/model.sdf
[1.331s] -- Up-to-date symlink: /home/wl/Documents/ros2_ws/install/turtlebot3_gazebo/share/turtlebot3_gazebo//models/turtlebot3_dqn_world/model.config
[1.331s] -- Up-to-date symlink: /home/wl/Documents/ros2_ws/install/turtlebot3_gazebo/share/turtlebot3_gazebo//models/turtlebot3_dqn_world/model.sdf
[1.331s] -- Up-to-date symlink: /home/wl/Documents/ros2_ws/install/turtlebot3_gazebo/share/turtlebot3_gazebo//models/turtlebot3_dqn_world/obstacle1/model.config
[1.332s] -- Up-to-date symlink: /home/wl/Documents/ros2_ws/install/turtlebot3_gazebo/share/turtlebot3_gazebo//models/turtlebot3_dqn_world/obstacle1/model.sdf
[1.332s] -- Up-to-date symlink: /home/wl/Documents/ros2_ws/install/turtlebot3_gazebo/share/turtlebot3_gazebo//models/turtlebot3_dqn_world/obstacle2/model.config
[1.332s] -- Up-to-date symlink: /home/wl/Documents/ros2_ws/install/turtlebot3_gazebo/share/turtlebot3_gazebo//models/turtlebot3_dqn_world/obstacle2/model.sdf
[1.332s] -- Up-to-date symlink: /home/wl/Documents/ros2_ws/install/turtlebot3_gazebo/share/turtlebot3_gazebo//models/turtlebot3_dqn_world/obstacle_plugin/CMakeLists.txt
[1.332s] -- Up-to-date symlink: /home/wl/Documents/ros2_ws/install/turtlebot3_gazebo/share/turtlebot3_gazebo//models/turtlebot3_dqn_world/obstacle_plugin/obstacle1.cc
[1.332s] -- Up-to-date symlink: /home/wl/Documents/ros2_ws/install/turtlebot3_gazebo/share/turtlebot3_gazebo//models/turtlebot3_dqn_world/obstacle_plugin/obstacle2.cc
[1.332s] -- Up-to-date symlink: /home/wl/Documents/ros2_ws/install/turtlebot3_gazebo/share/turtlebot3_gazebo//models/turtlebot3_dqn_world/obstacle_plugin/obstacles.cc
[1.332s] -- Up-to-date symlink: /home/wl/Documents/ros2_ws/install/turtlebot3_gazebo/share/turtlebot3_gazebo//models/turtlebot3_dqn_world/obstacles/model.config
[1.332s] -- Up-to-date symlink: /home/wl/Documents/ros2_ws/install/turtlebot3_gazebo/share/turtlebot3_gazebo//models/turtlebot3_dqn_world/obstacles/model.sdf
[1.332s] -- Up-to-date symlink: /home/wl/Documents/ros2_ws/install/turtlebot3_gazebo/share/turtlebot3_gazebo//models/turtlebot3_house/model.config
[1.332s] -- Up-to-date symlink: /home/wl/Documents/ros2_ws/install/turtlebot3_gazebo/share/turtlebot3_gazebo//models/turtlebot3_house/model.sdf
[1.332s] -- Up-to-date symlink: /home/wl/Documents/ros2_ws/install/turtlebot3_gazebo/share/turtlebot3_gazebo//models/turtlebot3_waffle/meshes/lds.dae
[1.332s] -- Up-to-date symlink: /home/wl/Documents/ros2_ws/install/turtlebot3_gazebo/share/turtlebot3_gazebo//models/turtlebot3_waffle/meshes/r200.dae
[1.333s] -- Up-to-date symlink: /home/wl/Documents/ros2_ws/install/turtlebot3_gazebo/share/turtlebot3_gazebo//models/turtlebot3_waffle/meshes/tire.dae
[1.333s] -- Up-to-date symlink: /home/wl/Documents/ros2_ws/install/turtlebot3_gazebo/share/turtlebot3_gazebo//models/turtlebot3_waffle/meshes/waffle_base.dae
[1.333s] -- Up-to-date symlink: /home/wl/Documents/ros2_ws/install/turtlebot3_gazebo/share/turtlebot3_gazebo//models/turtlebot3_waffle/model-1_4.sdf
[1.333s] -- Up-to-date symlink: /home/wl/Documents/ros2_ws/install/turtlebot3_gazebo/share/turtlebot3_gazebo//models/turtlebot3_waffle/model.config
[1.333s] -- Up-to-date symlink: /home/wl/Documents/ros2_ws/install/turtlebot3_gazebo/share/turtlebot3_gazebo//models/turtlebot3_waffle/model.sdf
[1.333s] -- Up-to-date symlink: /home/wl/Documents/ros2_ws/install/turtlebot3_gazebo/share/turtlebot3_gazebo//models/turtlebot3_waffle_pi/meshes/lds.dae
[1.333s] -- Up-to-date symlink: /home/wl/Documents/ros2_ws/install/turtlebot3_gazebo/share/turtlebot3_gazebo//models/turtlebot3_waffle_pi/meshes/tire.dae
[1.333s] -- Up-to-date symlink: /home/wl/Documents/ros2_ws/install/turtlebot3_gazebo/share/turtlebot3_gazebo//models/turtlebot3_waffle_pi/meshes/waffle_pi_base.dae
[1.333s] -- Up-to-date symlink: /home/wl/Documents/ros2_ws/install/turtlebot3_gazebo/share/turtlebot3_gazebo//models/turtlebot3_waffle_pi/model-1_4_.sdf
[1.333s] -- Up-to-date symlink: /home/wl/Documents/ros2_ws/install/turtlebot3_gazebo/share/turtlebot3_gazebo//models/turtlebot3_waffle_pi/model.config
[1.333s] -- Up-to-date symlink: /home/wl/Documents/ros2_ws/install/turtlebot3_gazebo/share/turtlebot3_gazebo//models/turtlebot3_waffle_pi/model.sdf
[1.333s] -- Up-to-date symlink: /home/wl/Documents/ros2_ws/install/turtlebot3_gazebo/share/turtlebot3_gazebo//models/turtlebot3_world/meshes/hexagon.dae
[1.333s] -- Up-to-date symlink: /home/wl/Documents/ros2_ws/install/turtlebot3_gazebo/share/turtlebot3_gazebo//models/turtlebot3_world/meshes/wall.dae
[1.333s] -- Up-to-date symlink: /home/wl/Documents/ros2_ws/install/turtlebot3_gazebo/share/turtlebot3_gazebo//models/turtlebot3_world/model-1_4.sdf
[1.334s] -- Up-to-date symlink: /home/wl/Documents/ros2_ws/install/turtlebot3_gazebo/share/turtlebot3_gazebo//models/turtlebot3_world/model.config
[1.334s] -- Up-to-date symlink: /home/wl/Documents/ros2_ws/install/turtlebot3_gazebo/share/turtlebot3_gazebo//models/turtlebot3_world/model.sdf
[1.334s] -- Up-to-date symlink: /home/wl/Documents/ros2_ws/install/turtlebot3_gazebo/share/turtlebot3_gazebo//rviz/tb3_gazebo.rviz
[1.334s] -- Up-to-date symlink: /home/wl/Documents/ros2_ws/install/turtlebot3_gazebo/share/turtlebot3_gazebo//worlds/empty_worlds/burger.model
[1.334s] -- Up-to-date symlink: /home/wl/Documents/ros2_ws/install/turtlebot3_gazebo/share/turtlebot3_gazebo//worlds/empty_worlds/waffle.model
[1.334s] -- Up-to-date symlink: /home/wl/Documents/ros2_ws/install/turtlebot3_gazebo/share/turtlebot3_gazebo//worlds/empty_worlds/waffle_pi.model
[1.334s] -- Up-to-date symlink: /home/wl/Documents/ros2_ws/install/turtlebot3_gazebo/share/turtlebot3_gazebo//worlds/turtlebot3_autoraces/burger.model
[1.334s] -- Up-to-date symlink: /home/wl/Documents/ros2_ws/install/turtlebot3_gazebo/share/turtlebot3_gazebo//worlds/turtlebot3_autoraces/waffle.model
[1.335s] -- Up-to-date symlink: /home/wl/Documents/ros2_ws/install/turtlebot3_gazebo/share/turtlebot3_gazebo//worlds/turtlebot3_autoraces/waffle_pi.model
[1.335s] -- Up-to-date symlink: /home/wl/Documents/ros2_ws/install/turtlebot3_gazebo/share/turtlebot3_gazebo//worlds/turtlebot3_dqn_stage1/burger.model
[1.335s] -- Up-to-date symlink: /home/wl/Documents/ros2_ws/install/turtlebot3_gazebo/share/turtlebot3_gazebo//worlds/turtlebot3_dqn_stage1/waffle.model
[1.335s] -- Up-to-date symlink: /home/wl/Documents/ros2_ws/install/turtlebot3_gazebo/share/turtlebot3_gazebo//worlds/turtlebot3_dqn_stage1/waffle_pi.model
[1.335s] -- Up-to-date symlink: /home/wl/Documents/ros2_ws/install/turtlebot3_gazebo/share/turtlebot3_gazebo//worlds/turtlebot3_dqn_stage2/burger.model
[1.335s] -- Up-to-date symlink: /home/wl/Documents/ros2_ws/install/turtlebot3_gazebo/share/turtlebot3_gazebo//worlds/turtlebot3_dqn_stage2/waffle.model
[1.335s] -- Up-to-date symlink: /home/wl/Documents/ros2_ws/install/turtlebot3_gazebo/share/turtlebot3_gazebo//worlds/turtlebot3_dqn_stage2/waffle_pi.model
[1.335s] -- Up-to-date symlink: /home/wl/Documents/ros2_ws/install/turtlebot3_gazebo/share/turtlebot3_gazebo//worlds/turtlebot3_dqn_stage3/burger.model
[1.335s] -- Up-to-date symlink: /home/wl/Documents/ros2_ws/install/turtlebot3_gazebo/share/turtlebot3_gazebo//worlds/turtlebot3_dqn_stage3/waffle.model
[1.335s] -- Up-to-date symlink: /home/wl/Documents/ros2_ws/install/turtlebot3_gazebo/share/turtlebot3_gazebo//worlds/turtlebot3_dqn_stage3/waffle_pi.model
[1.335s] -- Up-to-date symlink: /home/wl/Documents/ros2_ws/install/turtlebot3_gazebo/share/turtlebot3_gazebo//worlds/turtlebot3_dqn_stage4/burger.model
[1.335s] -- Up-to-date symlink: /home/wl/Documents/ros2_ws/install/turtlebot3_gazebo/share/turtlebot3_gazebo//worlds/turtlebot3_dqn_stage4/waffle.model
[1.335s] -- Up-to-date symlink: /home/wl/Documents/ros2_ws/install/turtlebot3_gazebo/share/turtlebot3_gazebo//worlds/turtlebot3_dqn_stage4/waffle_pi.model
[1.335s] -- Up-to-date symlink: /home/wl/Documents/ros2_ws/install/turtlebot3_gazebo/share/turtlebot3_gazebo//worlds/turtlebot3_houses/burger.model
[1.336s] -- Up-to-date symlink: /home/wl/Documents/ros2_ws/install/turtlebot3_gazebo/share/turtlebot3_gazebo//worlds/turtlebot3_houses/waffle.model
[1.336s] -- Up-to-date symlink: /home/wl/Documents/ros2_ws/install/turtlebot3_gazebo/share/turtlebot3_gazebo//worlds/turtlebot3_houses/waffle_pi.model
[1.336s] -- Up-to-date symlink: /home/wl/Documents/ros2_ws/install/turtlebot3_gazebo/share/turtlebot3_gazebo//worlds/turtlebot3_worlds/burger.model
[1.336s] -- Up-to-date symlink: /home/wl/Documents/ros2_ws/install/turtlebot3_gazebo/share/turtlebot3_gazebo//worlds/turtlebot3_worlds/waffle.model
[1.336s] -- Up-to-date symlink: /home/wl/Documents/ros2_ws/install/turtlebot3_gazebo/share/turtlebot3_gazebo//worlds/turtlebot3_worlds/waffle_pi.model
[1.336s] -- Up-to-date symlink: /home/wl/Documents/ros2_ws/install/turtlebot3_gazebo/include//turtlebot3_gazebo/turtlebot3_drive.hpp
[1.336s] -- Up-to-date symlink: /home/wl/Documents/ros2_ws/install/turtlebot3_gazebo/share/ament_index/resource_index/package_run_dependencies/turtlebot3_gazebo
[1.336s] -- Up-to-date symlink: /home/wl/Documents/ros2_ws/install/turtlebot3_gazebo/share/ament_index/resource_index/parent_prefix_path/turtlebot3_gazebo
[1.337s] -- Up-to-date symlink: /home/wl/Documents/ros2_ws/install/turtlebot3_gazebo/share/turtlebot3_gazebo/environment/ament_prefix_path.sh
[1.337s] -- Up-to-date symlink: /home/wl/Documents/ros2_ws/install/turtlebot3_gazebo/share/turtlebot3_gazebo/environment/ament_prefix_path.dsv
[1.337s] -- Up-to-date symlink: /home/wl/Documents/ros2_ws/install/turtlebot3_gazebo/share/turtlebot3_gazebo/environment/path.sh
[1.337s] -- Up-to-date symlink: /home/wl/Documents/ros2_ws/install/turtlebot3_gazebo/share/turtlebot3_gazebo/environment/path.dsv
[1.337s] -- Up-to-date symlink: /home/wl/Documents/ros2_ws/install/turtlebot3_gazebo/share/turtlebot3_gazebo/local_setup.bash
[1.337s] -- Up-to-date symlink: /home/wl/Documents/ros2_ws/install/turtlebot3_gazebo/share/turtlebot3_gazebo/local_setup.sh
[1.337s] -- Up-to-date symlink: /home/wl/Documents/ros2_ws/install/turtlebot3_gazebo/share/turtlebot3_gazebo/local_setup.zsh
[1.337s] -- Up-to-date symlink: /home/wl/Documents/ros2_ws/install/turtlebot3_gazebo/share/turtlebot3_gazebo/local_setup.dsv
[1.338s] -- Symlinking: /home/wl/Documents/ros2_ws/install/turtlebot3_gazebo/share/turtlebot3_gazebo/package.dsv
[1.344s] -- Up-to-date symlink: /home/wl/Documents/ros2_ws/install/turtlebot3_gazebo/share/ament_index/resource_index/packages/turtlebot3_gazebo
[1.344s] -- Up-to-date symlink: /home/wl/Documents/ros2_ws/install/turtlebot3_gazebo/share/turtlebot3_gazebo/cmake/ament_cmake_export_include_directories-extras.cmake
[1.344s] -- Up-to-date symlink: /home/wl/Documents/ros2_ws/install/turtlebot3_gazebo/share/turtlebot3_gazebo/cmake/ament_cmake_export_dependencies-extras.cmake
[1.344s] -- Up-to-date symlink: /home/wl/Documents/ros2_ws/install/turtlebot3_gazebo/share/turtlebot3_gazebo/cmake/turtlebot3_gazeboConfig.cmake
[1.344s] -- Up-to-date symlink: /home/wl/Documents/ros2_ws/install/turtlebot3_gazebo/share/turtlebot3_gazebo/cmake/turtlebot3_gazeboConfig-version.cmake
[1.345s] -- Up-to-date symlink: /home/wl/Documents/ros2_ws/install/turtlebot3_gazebo/share/turtlebot3_gazebo/package.xml
[1.346s] Invoked command in '/home/wl/Documents/ros2_ws/build/turtlebot3_gazebo' returned '0': AMENT_PREFIX_PATH=/home/wl/Documents/ros2_ws/install/turtlebot3_description:${AMENT_PREFIX_PATH} CMAKE_PREFIX_PATH=/home/wl/Documents/ros2_ws/install/turtlebot3_description:/opt/ros/foxy /usr/bin/cmake --install /home/wl/Documents/ros2_ws/build/turtlebot3_gazebo
