[0.010s] Invoking command in '/home/wl/Documents/ros2_ws/build/turtlebot3_gazebo': AMENT_PREFIX_PATH=/home/wl/Documents/ros2_ws/install/turtlebot3_description:${AMENT_PREFIX_PATH} CMAKE_PREFIX_PATH=/home/wl/Documents/ros2_ws/install/turtlebot3_description:/opt/ros/foxy /usr/bin/cmake /home/wl/Documents/ros2_ws/src/turtlebot3_simulations/turtlebot3_gazebo -DAMENT_CMAKE_SYMLINK_INSTALL=1 -DCMAKE_INSTALL_PREFIX=/home/wl/Documents/ros2_ws/install/turtlebot3_gazebo
[0.018s] -- Found ament_cmake: 0.9.12 (/opt/ros/foxy/share/ament_cmake/cmake)
[0.033s] -- Using PYTHON_EXECUTABLE: /usr/bin/python3
[0.155s] -- Override CMake install command with custom implementation using symlinks instead of copying resources
[0.200s] -- Found DART: /usr/include (Required is at least version "6.6") found components: dart 
[0.230s] -- Found Protobuf: /usr/lib/x86_64-linux-gnu/libprotobuf.so;-lpthread (found version "3.6.1") 
[0.231s] -- Looking for ignition-math6 -- found version 6.15.1
[0.236s] -- Searching for dependencies of ignition-math6
[0.237s] -- Looking for OGRE...
[0.243s] -- Found Ogre Ghadamon (1.9.0)
[0.243s] -- Found OGRE: optimized;/usr/lib/x86_64-linux-gnu/libOgreMain.so;debug;/usr/lib/x86_64-linux-gnu/libOgreMain.so
[0.252s] -- Looking for OGRE_Paging...
[0.252s] -- Found OGRE_Paging: optimized;/usr/lib/x86_64-linux-gnu/libOgrePaging.so;debug;/usr/lib/x86_64-linux-gnu/libOgrePaging.so
[0.252s] -- Looking for OGRE_Terrain...
[0.252s] -- Found OGRE_Terrain: optimized;/usr/lib/x86_64-linux-gnu/libOgreTerrain.so;debug;/usr/lib/x86_64-linux-gnu/libOgreTerrain.so
[0.252s] -- Looking for OGRE_Property...
[0.252s] -- Found OGRE_Property: optimized;/usr/lib/x86_64-linux-gnu/libOgreProperty.so;debug;/usr/lib/x86_64-linux-gnu/libOgreProperty.so
[0.252s] -- Looking for OGRE_RTShaderSystem...
[0.252s] -- Found OGRE_RTShaderSystem: optimized;/usr/lib/x86_64-linux-gnu/libOgreRTShaderSystem.so;debug;/usr/lib/x86_64-linux-gnu/libOgreRTShaderSystem.so
[0.252s] -- Looking for OGRE_Volume...
[0.253s] -- Found OGRE_Volume: optimized;/usr/lib/x86_64-linux-gnu/libOgreVolume.so;debug;/usr/lib/x86_64-linux-gnu/libOgreVolume.so
[0.253s] -- Looking for OGRE_Overlay...
[0.253s] -- Found OGRE_Overlay: optimized;/usr/lib/x86_64-linux-gnu/libOgreOverlay.so;debug;/usr/lib/x86_64-linux-gnu/libOgreOverlay.so
[0.346s] -- Looking for ignition-math6 -- found version 6.15.1
[0.346s] -- Looking for ignition-transport8 -- found version 8.3.0
[0.347s] -- Searching for dependencies of ignition-transport8
[0.361s] -- Found Protobuf: /usr/lib/x86_64-linux-gnu/libprotobuf.so;-lpthread (found suitable version "3.6.1", minimum required is "3") 
[0.371s] -- Config-file not installed for ZeroMQ -- checking for pkg-config
[0.375s] -- Checking for module 'libzmq >= 4'
[0.384s] --   Found libzmq , version 4.3.2
[0.414s] -- Checking for module 'uuid'
[0.423s] --   Found uuid, version 2.34.0
[0.445s] -- Looking for ignition-msgs5 -- found version 5.10.0
[0.445s] -- Searching for dependencies of ignition-msgs5
[0.464s] -- Looking for ignition-math6 -- found version 6.15.1
[0.467s] -- Checking for module 'tinyxml2'
[0.477s] --   Found tinyxml2, version 6.2.0
[0.499s] -- Looking for ignition-msgs5 -- found version 5.10.0
[0.500s] -- Looking for ignition-common3 -- found version 3.14.2
[0.500s] -- Searching for dependencies of ignition-common3
[0.500s] -- Looking for dlfcn.h - found
[0.500s] -- Looking for libdl - found
[0.506s] -- Searching for <ignition-common3> component [graphics]
[0.507s] -- Looking for ignition-common3-graphics -- found version 3.14.2
[0.507s] -- Searching for dependencies of ignition-common3-graphics
[0.507s] -- Looking for ignition-math6 -- found version 6.15.1
[0.508s] -- Looking for ignition-fuel_tools4 -- found version 4.6.0
[0.508s] -- Searching for dependencies of ignition-fuel_tools4
[0.526s] -- Checking for module 'jsoncpp'
[0.535s] --   Found jsoncpp, version 1.7.4
[0.560s] -- Checking for module 'libzip'
[0.571s] --   Found libzip, version 1.5.1
[0.593s] -- Looking for ignition-common3 -- found version 3.14.2
[0.593s] -- Looking for ignition-math6 -- found version 6.15.1
[0.593s] -- Looking for ignition-msgs5 -- found version 5.10.0
[0.594s] -- Found gazebo_ros_pkgs: 3.5.3 (/opt/ros/foxy/share/gazebo_ros_pkgs/cmake)
[0.594s] -- Found geometry_msgs: 2.0.5 (/opt/ros/foxy/share/geometry_msgs/cmake)
[0.604s] -- Using all available rosidl_typesupport_c: rosidl_typesupport_fastrtps_c;rosidl_typesupport_introspection_c
[0.606s] -- Found rosidl_adapter: 1.3.1 (/opt/ros/foxy/share/rosidl_adapter/cmake)
[0.696s] -- Using all available rosidl_typesupport_cpp: rosidl_typesupport_fastrtps_cpp;rosidl_typesupport_introspection_cpp
[0.750s] -- Found nav_msgs: 2.0.5 (/opt/ros/foxy/share/nav_msgs/cmake)
[0.798s] -- Found rclcpp: 2.4.3 (/opt/ros/foxy/share/rclcpp/cmake)
[0.821s] -- Found rmw_implementation_cmake: 1.0.4 (/opt/ros/foxy/share/rmw_implementation_cmake/cmake)
[0.822s] -- Using RMW implementation 'rmw_fastrtps_cpp' as default
[0.908s] -- Found sensor_msgs: 2.0.5 (/opt/ros/foxy/share/sensor_msgs/cmake)
[0.954s] -- Found tf2: 0.13.14 (/opt/ros/foxy/share/tf2/cmake)
[1.009s] -- Configuring done
[1.028s] -- Generating done
[1.030s] -- Build files have been written to: /home/wl/Documents/ros2_ws/build/turtlebot3_gazebo
[1.037s] Invoked command in '/home/wl/Documents/ros2_ws/build/turtlebot3_gazebo' returned '0': AMENT_PREFIX_PATH=/home/wl/Documents/ros2_ws/install/turtlebot3_description:${AMENT_PREFIX_PATH} CMAKE_PREFIX_PATH=/home/wl/Documents/ros2_ws/install/turtlebot3_description:/opt/ros/foxy /usr/bin/cmake /home/wl/Documents/ros2_ws/src/turtlebot3_simulations/turtlebot3_gazebo -DAMENT_CMAKE_SYMLINK_INSTALL=1 -DCMAKE_INSTALL_PREFIX=/home/wl/Documents/ros2_ws/install/turtlebot3_gazebo
[1.040s] Invoking command in '/home/wl/Documents/ros2_ws/build/turtlebot3_gazebo': AMENT_PREFIX_PATH=/home/wl/Documents/ros2_ws/install/turtlebot3_description:${AMENT_PREFIX_PATH} CMAKE_PREFIX_PATH=/home/wl/Documents/ros2_ws/install/turtlebot3_description:/opt/ros/foxy /usr/bin/cmake --build /home/wl/Documents/ros2_ws/build/turtlebot3_gazebo -- -j12 -l12
[1.069s] [35m[1mScanning dependencies of target obstacles[0m
[1.070s] [35m[1mScanning dependencies of target obstacle2[0m
[1.071s] [35m[1mScanning dependencies of target turtlebot3_drive[0m
[1.071s] [35m[1mScanning dependencies of target obstacle1[0m
[1.110s] [ 12%] [32mBuilding CXX object CMakeFiles/turtlebot3_drive.dir/src/turtlebot3_drive.cpp.o[0m
[1.116s] [ 25%] [32mBuilding CXX object CMakeFiles/obstacles.dir/models/turtlebot3_dqn_world/obstacle_plugin/obstacles.cc.o[0m
[1.119s] [ 37%] [32mBuilding CXX object CMakeFiles/obstacle1.dir/models/turtlebot3_dqn_world/obstacle_plugin/obstacle1.cc.o[0m
[1.125s] [ 50%] [32mBuilding CXX object CMakeFiles/obstacle2.dir/models/turtlebot3_dqn_world/obstacle_plugin/obstacle2.cc.o[0m
[6.118s] [ 62%] [32m[1mLinking CXX executable turtlebot3_drive[0m
[6.333s] [ 62%] Built target turtlebot3_drive
[8.000s] [ 75%] [32m[1mLinking CXX shared library libobstacles.so[0m
[8.181s] [ 75%] Built target obstacles
[8.380s] [ 87%] [32m[1mLinking CXX shared library libobstacle2.so[0m
[8.550s] [ 87%] Built target obstacle2
[8.678s] [100%] [32m[1mLinking CXX shared library libobstacle1.so[0m
[8.846s] [100%] Built target obstacle1
[8.853s] Invoked command in '/home/wl/Documents/ros2_ws/build/turtlebot3_gazebo' returned '0': AMENT_PREFIX_PATH=/home/wl/Documents/ros2_ws/install/turtlebot3_description:${AMENT_PREFIX_PATH} CMAKE_PREFIX_PATH=/home/wl/Documents/ros2_ws/install/turtlebot3_description:/opt/ros/foxy /usr/bin/cmake --build /home/wl/Documents/ros2_ws/build/turtlebot3_gazebo -- -j12 -l12
[8.872s] Invoking command in '/home/wl/Documents/ros2_ws/build/turtlebot3_gazebo': AMENT_PREFIX_PATH=/home/wl/Documents/ros2_ws/install/turtlebot3_description:${AMENT_PREFIX_PATH} CMAKE_PREFIX_PATH=/home/wl/Documents/ros2_ws/install/turtlebot3_description:/opt/ros/foxy /usr/bin/cmake --install /home/wl/Documents/ros2_ws/build/turtlebot3_gazebo
[8.877s] -- Install configuration: ""
[8.877s] -- Execute custom install script
[8.878s] -- Symlinking: /home/wl/Documents/ros2_ws/install/turtlebot3_gazebo/lib/turtlebot3_gazebo/turtlebot3_drive
[8.883s] -- Symlinking: /home/wl/Documents/ros2_ws/install/turtlebot3_gazebo/share/turtlebot3_gazebo//launch/empty_world.launch.py
[8.889s] -- Symlinking: /home/wl/Documents/ros2_ws/install/turtlebot3_gazebo/share/turtlebot3_gazebo//launch/robot_state_publisher.launch.py
[8.894s] -- Symlinking: /home/wl/Documents/ros2_ws/install/turtlebot3_gazebo/share/turtlebot3_gazebo//launch/turtlebot3_autorace.launch.py
[8.899s] -- Symlinking: /home/wl/Documents/ros2_ws/install/turtlebot3_gazebo/share/turtlebot3_gazebo//launch/turtlebot3_dqn_stage1.launch.py
[8.905s] -- Symlinking: /home/wl/Documents/ros2_ws/install/turtlebot3_gazebo/share/turtlebot3_gazebo//launch/turtlebot3_dqn_stage2.launch.py
[8.910s] -- Symlinking: /home/wl/Documents/ros2_ws/install/turtlebot3_gazebo/share/turtlebot3_gazebo//launch/turtlebot3_dqn_stage3.launch.py
[8.915s] -- Symlinking: /home/wl/Documents/ros2_ws/install/turtlebot3_gazebo/share/turtlebot3_gazebo//launch/turtlebot3_dqn_stage4.launch.py
[8.920s] -- Symlinking: /home/wl/Documents/ros2_ws/install/turtlebot3_gazebo/share/turtlebot3_gazebo//launch/turtlebot3_house.launch.py
[8.925s] -- Symlinking: /home/wl/Documents/ros2_ws/install/turtlebot3_gazebo/share/turtlebot3_gazebo//launch/turtlebot3_world.launch.py
[8.932s] -- Symlinking: /home/wl/Documents/ros2_ws/install/turtlebot3_gazebo/share/turtlebot3_gazebo//models/turtlebot3_autorace/course/materials/scripts/course.material
[8.937s] -- Symlinking: /home/wl/Documents/ros2_ws/install/turtlebot3_gazebo/share/turtlebot3_gazebo//models/turtlebot3_autorace/course/materials/textures/course.png
[8.943s] -- Symlinking: /home/wl/Documents/ros2_ws/install/turtlebot3_gazebo/share/turtlebot3_gazebo//models/turtlebot3_autorace/course/model.config
[8.949s] -- Symlinking: /home/wl/Documents/ros2_ws/install/turtlebot3_gazebo/share/turtlebot3_gazebo//models/turtlebot3_autorace/course/model.sdf
[8.954s] -- Symlinking: /home/wl/Documents/ros2_ws/install/turtlebot3_gazebo/share/turtlebot3_gazebo//models/turtlebot3_autorace/ground/model.config
[8.960s] -- Symlinking: /home/wl/Documents/ros2_ws/install/turtlebot3_gazebo/share/turtlebot3_gazebo//models/turtlebot3_autorace/ground/model.sdf
[8.965s] -- Symlinking: /home/wl/Documents/ros2_ws/install/turtlebot3_gazebo/share/turtlebot3_gazebo//models/turtlebot3_autorace/lights/model.config
[8.970s] -- Symlinking: /home/wl/Documents/ros2_ws/install/turtlebot3_gazebo/share/turtlebot3_gazebo//models/turtlebot3_autorace/lights/model.sdf
[8.976s] -- Symlinking: /home/wl/Documents/ros2_ws/install/turtlebot3_gazebo/share/turtlebot3_gazebo//models/turtlebot3_autorace/model.config
[8.981s] -- Symlinking: /home/wl/Documents/ros2_ws/install/turtlebot3_gazebo/share/turtlebot3_gazebo//models/turtlebot3_autorace/traffic_bar_down/materials/scripts/traffic_bar.material
[8.986s] -- Symlinking: /home/wl/Documents/ros2_ws/install/turtlebot3_gazebo/share/turtlebot3_gazebo//models/turtlebot3_autorace/traffic_bar_down/materials/textures/traffic_bar.png
[8.992s] -- Symlinking: /home/wl/Documents/ros2_ws/install/turtlebot3_gazebo/share/turtlebot3_gazebo//models/turtlebot3_autorace/traffic_bar_down/model.config
[8.997s] -- Symlinking: /home/wl/Documents/ros2_ws/install/turtlebot3_gazebo/share/turtlebot3_gazebo//models/turtlebot3_autorace/traffic_bar_down/model.sdf
[9.002s] -- Symlinking: /home/wl/Documents/ros2_ws/install/turtlebot3_gazebo/share/turtlebot3_gazebo//models/turtlebot3_autorace/traffic_bar_up/materials/scripts/traffic_bar.material
[9.007s] -- Symlinking: /home/wl/Documents/ros2_ws/install/turtlebot3_gazebo/share/turtlebot3_gazebo//models/turtlebot3_autorace/traffic_bar_up/materials/textures/traffic_bar.png
[9.012s] -- Symlinking: /home/wl/Documents/ros2_ws/install/turtlebot3_gazebo/share/turtlebot3_gazebo//models/turtlebot3_autorace/traffic_bar_up/model.config
[9.018s] -- Symlinking: /home/wl/Documents/ros2_ws/install/turtlebot3_gazebo/share/turtlebot3_gazebo//models/turtlebot3_autorace/traffic_bar_up/model.sdf
[9.023s] -- Symlinking: /home/wl/Documents/ros2_ws/install/turtlebot3_gazebo/share/turtlebot3_gazebo//models/turtlebot3_autorace/traffic_light_green/model.config
[9.028s] -- Symlinking: /home/wl/Documents/ros2_ws/install/turtlebot3_gazebo/share/turtlebot3_gazebo//models/turtlebot3_autorace/traffic_light_green/model.sdf
[9.033s] -- Symlinking: /home/wl/Documents/ros2_ws/install/turtlebot3_gazebo/share/turtlebot3_gazebo//models/turtlebot3_autorace/traffic_light_red/model.config
[9.038s] -- Symlinking: /home/wl/Documents/ros2_ws/install/turtlebot3_gazebo/share/turtlebot3_gazebo//models/turtlebot3_autorace/traffic_light_red/model.sdf
[9.044s] -- Symlinking: /home/wl/Documents/ros2_ws/install/turtlebot3_gazebo/share/turtlebot3_gazebo//models/turtlebot3_autorace/traffic_light_yellow/model.config
[9.049s] -- Symlinking: /home/wl/Documents/ros2_ws/install/turtlebot3_gazebo/share/turtlebot3_gazebo//models/turtlebot3_autorace/traffic_light_yellow/model.sdf
[9.055s] -- Symlinking: /home/wl/Documents/ros2_ws/install/turtlebot3_gazebo/share/turtlebot3_gazebo//models/turtlebot3_autorace/traffic_parking/materials/scripts/traffic_parking.material
[9.061s] -- Symlinking: /home/wl/Documents/ros2_ws/install/turtlebot3_gazebo/share/turtlebot3_gazebo//models/turtlebot3_autorace/traffic_parking/materials/textures/traffic_parking.png
[9.066s] -- Symlinking: /home/wl/Documents/ros2_ws/install/turtlebot3_gazebo/share/turtlebot3_gazebo//models/turtlebot3_autorace/traffic_parking/model.config
[9.071s] -- Symlinking: /home/wl/Documents/ros2_ws/install/turtlebot3_gazebo/share/turtlebot3_gazebo//models/turtlebot3_autorace/traffic_parking/model.sdf
[9.076s] -- Symlinking: /home/wl/Documents/ros2_ws/install/turtlebot3_gazebo/share/turtlebot3_gazebo//models/turtlebot3_autorace/traffic_stop/materials/scripts/traffic_stop.material
[9.082s] -- Symlinking: /home/wl/Documents/ros2_ws/install/turtlebot3_gazebo/share/turtlebot3_gazebo//models/turtlebot3_autorace/traffic_stop/materials/textures/traffic_stop.png
[9.087s] -- Symlinking: /home/wl/Documents/ros2_ws/install/turtlebot3_gazebo/share/turtlebot3_gazebo//models/turtlebot3_autorace/traffic_stop/model.config
[9.092s] -- Symlinking: /home/wl/Documents/ros2_ws/install/turtlebot3_gazebo/share/turtlebot3_gazebo//models/turtlebot3_autorace/traffic_stop/model.sdf
[9.097s] -- Symlinking: /home/wl/Documents/ros2_ws/install/turtlebot3_gazebo/share/turtlebot3_gazebo//models/turtlebot3_autorace/traffic_tunnel/materials/scripts/tunnel.material
[9.102s] -- Symlinking: /home/wl/Documents/ros2_ws/install/turtlebot3_gazebo/share/turtlebot3_gazebo//models/turtlebot3_autorace/traffic_tunnel/materials/textures/tunnel.png
[9.107s] -- Symlinking: /home/wl/Documents/ros2_ws/install/turtlebot3_gazebo/share/turtlebot3_gazebo//models/turtlebot3_autorace/traffic_tunnel/model.config
[9.111s] -- Symlinking: /home/wl/Documents/ros2_ws/install/turtlebot3_gazebo/share/turtlebot3_gazebo//models/turtlebot3_autorace/traffic_tunnel/model.sdf
[9.117s] -- Symlinking: /home/wl/Documents/ros2_ws/install/turtlebot3_gazebo/share/turtlebot3_gazebo//models/turtlebot3_autorace/tunnel_obstacles/model.config
[9.122s] -- Symlinking: /home/wl/Documents/ros2_ws/install/turtlebot3_gazebo/share/turtlebot3_gazebo//models/turtlebot3_autorace/tunnel_obstacles/model.sdf
[9.127s] -- Symlinking: /home/wl/Documents/ros2_ws/install/turtlebot3_gazebo/share/turtlebot3_gazebo//models/turtlebot3_autorace/tunnel_wall/model.config
[9.132s] -- Symlinking: /home/wl/Documents/ros2_ws/install/turtlebot3_gazebo/share/turtlebot3_gazebo//models/turtlebot3_autorace/tunnel_wall/model.sdf
[9.137s] -- Symlinking: /home/wl/Documents/ros2_ws/install/turtlebot3_gazebo/share/turtlebot3_gazebo//models/turtlebot3_burger/meshes/burger_base.dae
[9.141s] -- Symlinking: /home/wl/Documents/ros2_ws/install/turtlebot3_gazebo/share/turtlebot3_gazebo//models/turtlebot3_burger/meshes/lds.dae
[9.146s] -- Symlinking: /home/wl/Documents/ros2_ws/install/turtlebot3_gazebo/share/turtlebot3_gazebo//models/turtlebot3_burger/meshes/tire.dae
[9.150s] -- Symlinking: /home/wl/Documents/ros2_ws/install/turtlebot3_gazebo/share/turtlebot3_gazebo//models/turtlebot3_burger/model-1_4.sdf
[9.155s] -- Symlinking: /home/wl/Documents/ros2_ws/install/turtlebot3_gazebo/share/turtlebot3_gazebo//models/turtlebot3_burger/model.config
[9.160s] -- Symlinking: /home/wl/Documents/ros2_ws/install/turtlebot3_gazebo/share/turtlebot3_gazebo//models/turtlebot3_burger/model.sdf
[9.164s] -- Symlinking: /home/wl/Documents/ros2_ws/install/turtlebot3_gazebo/share/turtlebot3_gazebo//models/turtlebot3_dqn_world/goal_box/model.config
[9.169s] -- Symlinking: /home/wl/Documents/ros2_ws/install/turtlebot3_gazebo/share/turtlebot3_gazebo//models/turtlebot3_dqn_world/goal_box/model.sdf
[9.174s] -- Symlinking: /home/wl/Documents/ros2_ws/install/turtlebot3_gazebo/share/turtlebot3_gazebo//models/turtlebot3_dqn_world/inner_walls/model.config
[9.179s] -- Symlinking: /home/wl/Documents/ros2_ws/install/turtlebot3_gazebo/share/turtlebot3_gazebo//models/turtlebot3_dqn_world/inner_walls/model.sdf
[9.186s] -- Symlinking: /home/wl/Documents/ros2_ws/install/turtlebot3_gazebo/share/turtlebot3_gazebo//models/turtlebot3_dqn_world/model.config
[9.194s] -- Symlinking: /home/wl/Documents/ros2_ws/install/turtlebot3_gazebo/share/turtlebot3_gazebo//models/turtlebot3_dqn_world/model.sdf
[9.199s] -- Symlinking: /home/wl/Documents/ros2_ws/install/turtlebot3_gazebo/share/turtlebot3_gazebo//models/turtlebot3_dqn_world/obstacle1/model.config
[9.204s] -- Symlinking: /home/wl/Documents/ros2_ws/install/turtlebot3_gazebo/share/turtlebot3_gazebo//models/turtlebot3_dqn_world/obstacle1/model.sdf
[9.209s] -- Symlinking: /home/wl/Documents/ros2_ws/install/turtlebot3_gazebo/share/turtlebot3_gazebo//models/turtlebot3_dqn_world/obstacle2/model.config
[9.214s] -- Symlinking: /home/wl/Documents/ros2_ws/install/turtlebot3_gazebo/share/turtlebot3_gazebo//models/turtlebot3_dqn_world/obstacle2/model.sdf
[9.219s] -- Symlinking: /home/wl/Documents/ros2_ws/install/turtlebot3_gazebo/share/turtlebot3_gazebo//models/turtlebot3_dqn_world/obstacle_plugin/CMakeLists.txt
[9.224s] -- Symlinking: /home/wl/Documents/ros2_ws/install/turtlebot3_gazebo/share/turtlebot3_gazebo//models/turtlebot3_dqn_world/obstacle_plugin/obstacle1.cc
[9.229s] -- Symlinking: /home/wl/Documents/ros2_ws/install/turtlebot3_gazebo/share/turtlebot3_gazebo//models/turtlebot3_dqn_world/obstacle_plugin/obstacle2.cc
[9.234s] -- Symlinking: /home/wl/Documents/ros2_ws/install/turtlebot3_gazebo/share/turtlebot3_gazebo//models/turtlebot3_dqn_world/obstacle_plugin/obstacles.cc
[9.239s] -- Symlinking: /home/wl/Documents/ros2_ws/install/turtlebot3_gazebo/share/turtlebot3_gazebo//models/turtlebot3_dqn_world/obstacles/model.config
[9.244s] -- Symlinking: /home/wl/Documents/ros2_ws/install/turtlebot3_gazebo/share/turtlebot3_gazebo//models/turtlebot3_dqn_world/obstacles/model.sdf
[9.249s] -- Symlinking: /home/wl/Documents/ros2_ws/install/turtlebot3_gazebo/share/turtlebot3_gazebo//models/turtlebot3_house/model.config
[9.254s] -- Symlinking: /home/wl/Documents/ros2_ws/install/turtlebot3_gazebo/share/turtlebot3_gazebo//models/turtlebot3_house/model.sdf
[9.259s] -- Symlinking: /home/wl/Documents/ros2_ws/install/turtlebot3_gazebo/share/turtlebot3_gazebo//models/turtlebot3_waffle/meshes/lds.dae
[9.264s] -- Symlinking: /home/wl/Documents/ros2_ws/install/turtlebot3_gazebo/share/turtlebot3_gazebo//models/turtlebot3_waffle/meshes/r200.dae
[9.269s] -- Symlinking: /home/wl/Documents/ros2_ws/install/turtlebot3_gazebo/share/turtlebot3_gazebo//models/turtlebot3_waffle/meshes/tire.dae
[9.274s] -- Symlinking: /home/wl/Documents/ros2_ws/install/turtlebot3_gazebo/share/turtlebot3_gazebo//models/turtlebot3_waffle/meshes/waffle_base.dae
[9.280s] -- Symlinking: /home/wl/Documents/ros2_ws/install/turtlebot3_gazebo/share/turtlebot3_gazebo//models/turtlebot3_waffle/model-1_4.sdf
[9.285s] -- Symlinking: /home/wl/Documents/ros2_ws/install/turtlebot3_gazebo/share/turtlebot3_gazebo//models/turtlebot3_waffle/model.config
[9.290s] -- Symlinking: /home/wl/Documents/ros2_ws/install/turtlebot3_gazebo/share/turtlebot3_gazebo//models/turtlebot3_waffle/model.sdf
[9.295s] -- Symlinking: /home/wl/Documents/ros2_ws/install/turtlebot3_gazebo/share/turtlebot3_gazebo//models/turtlebot3_waffle_pi/meshes/lds.dae
[9.300s] -- Symlinking: /home/wl/Documents/ros2_ws/install/turtlebot3_gazebo/share/turtlebot3_gazebo//models/turtlebot3_waffle_pi/meshes/tire.dae
[9.305s] -- Symlinking: /home/wl/Documents/ros2_ws/install/turtlebot3_gazebo/share/turtlebot3_gazebo//models/turtlebot3_waffle_pi/meshes/waffle_pi_base.dae
[9.310s] -- Symlinking: /home/wl/Documents/ros2_ws/install/turtlebot3_gazebo/share/turtlebot3_gazebo//models/turtlebot3_waffle_pi/model-1_4_.sdf
[9.315s] -- Symlinking: /home/wl/Documents/ros2_ws/install/turtlebot3_gazebo/share/turtlebot3_gazebo//models/turtlebot3_waffle_pi/model.config
[9.320s] -- Symlinking: /home/wl/Documents/ros2_ws/install/turtlebot3_gazebo/share/turtlebot3_gazebo//models/turtlebot3_waffle_pi/model.sdf
[9.325s] -- Symlinking: /home/wl/Documents/ros2_ws/install/turtlebot3_gazebo/share/turtlebot3_gazebo//models/turtlebot3_world/meshes/hexagon.dae
[9.330s] -- Symlinking: /home/wl/Documents/ros2_ws/install/turtlebot3_gazebo/share/turtlebot3_gazebo//models/turtlebot3_world/meshes/wall.dae
[9.335s] -- Symlinking: /home/wl/Documents/ros2_ws/install/turtlebot3_gazebo/share/turtlebot3_gazebo//models/turtlebot3_world/model-1_4.sdf
[9.340s] -- Symlinking: /home/wl/Documents/ros2_ws/install/turtlebot3_gazebo/share/turtlebot3_gazebo//models/turtlebot3_world/model.config
[9.345s] -- Symlinking: /home/wl/Documents/ros2_ws/install/turtlebot3_gazebo/share/turtlebot3_gazebo//models/turtlebot3_world/model.sdf
[9.350s] -- Symlinking: /home/wl/Documents/ros2_ws/install/turtlebot3_gazebo/share/turtlebot3_gazebo//rviz/tb3_gazebo.rviz
[9.356s] -- Symlinking: /home/wl/Documents/ros2_ws/install/turtlebot3_gazebo/share/turtlebot3_gazebo//worlds/empty_worlds/burger.model
[9.361s] -- Symlinking: /home/wl/Documents/ros2_ws/install/turtlebot3_gazebo/share/turtlebot3_gazebo//worlds/empty_worlds/waffle.model
[9.367s] -- Symlinking: /home/wl/Documents/ros2_ws/install/turtlebot3_gazebo/share/turtlebot3_gazebo//worlds/empty_worlds/waffle_pi.model
[9.373s] -- Symlinking: /home/wl/Documents/ros2_ws/install/turtlebot3_gazebo/share/turtlebot3_gazebo//worlds/turtlebot3_autoraces/burger.model
[9.379s] -- Symlinking: /home/wl/Documents/ros2_ws/install/turtlebot3_gazebo/share/turtlebot3_gazebo//worlds/turtlebot3_autoraces/waffle.model
[9.384s] -- Symlinking: /home/wl/Documents/ros2_ws/install/turtlebot3_gazebo/share/turtlebot3_gazebo//worlds/turtlebot3_autoraces/waffle_pi.model
[9.390s] -- Symlinking: /home/wl/Documents/ros2_ws/install/turtlebot3_gazebo/share/turtlebot3_gazebo//worlds/turtlebot3_dqn_stage1/burger.model
[9.395s] -- Symlinking: /home/wl/Documents/ros2_ws/install/turtlebot3_gazebo/share/turtlebot3_gazebo//worlds/turtlebot3_dqn_stage1/waffle.model
[9.401s] -- Symlinking: /home/wl/Documents/ros2_ws/install/turtlebot3_gazebo/share/turtlebot3_gazebo//worlds/turtlebot3_dqn_stage1/waffle_pi.model
[9.406s] -- Symlinking: /home/wl/Documents/ros2_ws/install/turtlebot3_gazebo/share/turtlebot3_gazebo//worlds/turtlebot3_dqn_stage2/burger.model
[9.412s] -- Symlinking: /home/wl/Documents/ros2_ws/install/turtlebot3_gazebo/share/turtlebot3_gazebo//worlds/turtlebot3_dqn_stage2/waffle.model
[9.418s] -- Symlinking: /home/wl/Documents/ros2_ws/install/turtlebot3_gazebo/share/turtlebot3_gazebo//worlds/turtlebot3_dqn_stage2/waffle_pi.model
[9.424s] -- Symlinking: /home/wl/Documents/ros2_ws/install/turtlebot3_gazebo/share/turtlebot3_gazebo//worlds/turtlebot3_dqn_stage3/burger.model
[9.430s] -- Symlinking: /home/wl/Documents/ros2_ws/install/turtlebot3_gazebo/share/turtlebot3_gazebo//worlds/turtlebot3_dqn_stage3/waffle.model
[9.436s] -- Symlinking: /home/wl/Documents/ros2_ws/install/turtlebot3_gazebo/share/turtlebot3_gazebo//worlds/turtlebot3_dqn_stage3/waffle_pi.model
[9.442s] -- Symlinking: /home/wl/Documents/ros2_ws/install/turtlebot3_gazebo/share/turtlebot3_gazebo//worlds/turtlebot3_dqn_stage4/burger.model
[9.448s] -- Symlinking: /home/wl/Documents/ros2_ws/install/turtlebot3_gazebo/share/turtlebot3_gazebo//worlds/turtlebot3_dqn_stage4/waffle.model
[9.453s] -- Symlinking: /home/wl/Documents/ros2_ws/install/turtlebot3_gazebo/share/turtlebot3_gazebo//worlds/turtlebot3_dqn_stage4/waffle_pi.model
[9.459s] -- Symlinking: /home/wl/Documents/ros2_ws/install/turtlebot3_gazebo/share/turtlebot3_gazebo//worlds/turtlebot3_houses/burger.model
[9.464s] -- Symlinking: /home/wl/Documents/ros2_ws/install/turtlebot3_gazebo/share/turtlebot3_gazebo//worlds/turtlebot3_houses/waffle.model
[9.469s] -- Symlinking: /home/wl/Documents/ros2_ws/install/turtlebot3_gazebo/share/turtlebot3_gazebo//worlds/turtlebot3_houses/waffle_pi.model
[9.474s] -- Symlinking: /home/wl/Documents/ros2_ws/install/turtlebot3_gazebo/share/turtlebot3_gazebo//worlds/turtlebot3_worlds/burger.model
[9.479s] -- Symlinking: /home/wl/Documents/ros2_ws/install/turtlebot3_gazebo/share/turtlebot3_gazebo//worlds/turtlebot3_worlds/waffle.model
[9.484s] -- Symlinking: /home/wl/Documents/ros2_ws/install/turtlebot3_gazebo/share/turtlebot3_gazebo//worlds/turtlebot3_worlds/waffle_pi.model
[9.490s] -- Symlinking: /home/wl/Documents/ros2_ws/install/turtlebot3_gazebo/include//turtlebot3_gazebo/turtlebot3_drive.hpp
[9.495s] -- Symlinking: /home/wl/Documents/ros2_ws/install/turtlebot3_gazebo/share/ament_index/resource_index/package_run_dependencies/turtlebot3_gazebo
[9.500s] -- Symlinking: /home/wl/Documents/ros2_ws/install/turtlebot3_gazebo/share/ament_index/resource_index/parent_prefix_path/turtlebot3_gazebo
[9.505s] -- Symlinking: /home/wl/Documents/ros2_ws/install/turtlebot3_gazebo/share/turtlebot3_gazebo/environment/ament_prefix_path.sh
[9.511s] -- Symlinking: /home/wl/Documents/ros2_ws/install/turtlebot3_gazebo/share/turtlebot3_gazebo/environment/ament_prefix_path.dsv
[9.516s] -- Symlinking: /home/wl/Documents/ros2_ws/install/turtlebot3_gazebo/share/turtlebot3_gazebo/environment/path.sh
[9.521s] -- Symlinking: /home/wl/Documents/ros2_ws/install/turtlebot3_gazebo/share/turtlebot3_gazebo/environment/path.dsv
[9.526s] -- Symlinking: /home/wl/Documents/ros2_ws/install/turtlebot3_gazebo/share/turtlebot3_gazebo/local_setup.bash
[9.531s] -- Symlinking: /home/wl/Documents/ros2_ws/install/turtlebot3_gazebo/share/turtlebot3_gazebo/local_setup.sh
[9.537s] -- Symlinking: /home/wl/Documents/ros2_ws/install/turtlebot3_gazebo/share/turtlebot3_gazebo/local_setup.zsh
[9.542s] -- Symlinking: /home/wl/Documents/ros2_ws/install/turtlebot3_gazebo/share/turtlebot3_gazebo/local_setup.dsv
[9.548s] -- Symlinking: /home/wl/Documents/ros2_ws/install/turtlebot3_gazebo/share/turtlebot3_gazebo/package.dsv
[9.554s] -- Symlinking: /home/wl/Documents/ros2_ws/install/turtlebot3_gazebo/share/ament_index/resource_index/packages/turtlebot3_gazebo
[9.559s] -- Symlinking: /home/wl/Documents/ros2_ws/install/turtlebot3_gazebo/share/turtlebot3_gazebo/cmake/ament_cmake_export_include_directories-extras.cmake
[9.565s] -- Symlinking: /home/wl/Documents/ros2_ws/install/turtlebot3_gazebo/share/turtlebot3_gazebo/cmake/ament_cmake_export_dependencies-extras.cmake
[9.571s] -- Symlinking: /home/wl/Documents/ros2_ws/install/turtlebot3_gazebo/share/turtlebot3_gazebo/cmake/turtlebot3_gazeboConfig.cmake
[9.576s] -- Symlinking: /home/wl/Documents/ros2_ws/install/turtlebot3_gazebo/share/turtlebot3_gazebo/cmake/turtlebot3_gazeboConfig-version.cmake
[9.582s] -- Symlinking: /home/wl/Documents/ros2_ws/install/turtlebot3_gazebo/share/turtlebot3_gazebo/package.xml
[9.590s] Invoked command in '/home/wl/Documents/ros2_ws/build/turtlebot3_gazebo' returned '0': AMENT_PREFIX_PATH=/home/wl/Documents/ros2_ws/install/turtlebot3_description:${AMENT_PREFIX_PATH} CMAKE_PREFIX_PATH=/home/wl/Documents/ros2_ws/install/turtlebot3_description:/opt/ros/foxy /usr/bin/cmake --install /home/wl/Documents/ros2_ws/build/turtlebot3_gazebo
