[0.867s] Invoking command in '/home/wl/Documents/ros2_ws/src/turtlebot3/turtlebot3_teleop': PYTHONPATH=/home/wl/Documents/ros2_ws/build/turtlebot3_teleop/prefix_override:/usr/lib/python3/dist-packages/colcon_core/task/python/colcon_distutils_commands:/home/wl/Documents/ros2_ws/install/turtlebot3_teleop/lib/python3.8/site-packages:${PYTHONPATH} /usr/bin/python3 -W ignore:setup.py install is deprecated setup.py egg_info --egg-base ../../../build/turtlebot3_teleop build --build-base /home/wl/Documents/ros2_ws/build/turtlebot3_teleop/build install --record /home/wl/Documents/ros2_ws/build/turtlebot3_teleop/install.log --single-version-externally-managed install_data
[1.040s] running egg_info
[1.040s] creating ../../../build/turtlebot3_teleop/turtlebot3_teleop.egg-info
[1.040s] writing ../../../build/turtlebot3_teleop/turtlebot3_teleop.egg-info/PKG-INFO
[1.040s] writing dependency_links to ../../../build/turtlebot3_teleop/turtlebot3_teleop.egg-info/dependency_links.txt
[1.041s] writing entry points to ../../../build/turtlebot3_teleop/turtlebot3_teleop.egg-info/entry_points.txt
[1.041s] writing requirements to ../../../build/turtlebot3_teleop/turtlebot3_teleop.egg-info/requires.txt
[1.041s] writing top-level names to ../../../build/turtlebot3_teleop/turtlebot3_teleop.egg-info/top_level.txt
[1.042s] writing manifest file '../../../build/turtlebot3_teleop/turtlebot3_teleop.egg-info/SOURCES.txt'
[1.079s] reading manifest file '../../../build/turtlebot3_teleop/turtlebot3_teleop.egg-info/SOURCES.txt'
[1.079s] writing manifest file '../../../build/turtlebot3_teleop/turtlebot3_teleop.egg-info/SOURCES.txt'
[1.079s] running build
[1.079s] running build_py
[1.079s] creating /home/wl/Documents/ros2_ws/build/turtlebot3_teleop/build
[1.079s] creating /home/wl/Documents/ros2_ws/build/turtlebot3_teleop/build/lib
[1.080s] creating /home/wl/Documents/ros2_ws/build/turtlebot3_teleop/build/lib/turtlebot3_teleop
[1.080s] copying turtlebot3_teleop/__init__.py -> /home/wl/Documents/ros2_ws/build/turtlebot3_teleop/build/lib/turtlebot3_teleop
[1.080s] creating /home/wl/Documents/ros2_ws/build/turtlebot3_teleop/build/lib/turtlebot3_teleop/script
[1.080s] copying turtlebot3_teleop/script/__init__.py -> /home/wl/Documents/ros2_ws/build/turtlebot3_teleop/build/lib/turtlebot3_teleop/script
[1.080s] copying turtlebot3_teleop/script/teleop_keyboard.py -> /home/wl/Documents/ros2_ws/build/turtlebot3_teleop/build/lib/turtlebot3_teleop/script
[1.080s] running install
[1.081s] running install_lib
[1.082s] creating /home/wl/Documents/ros2_ws/install/turtlebot3_teleop/lib/python3.8/site-packages/turtlebot3_teleop
[1.082s] copying /home/wl/Documents/ros2_ws/build/turtlebot3_teleop/build/lib/turtlebot3_teleop/__init__.py -> /home/wl/Documents/ros2_ws/install/turtlebot3_teleop/lib/python3.8/site-packages/turtlebot3_teleop
[1.082s] creating /home/wl/Documents/ros2_ws/install/turtlebot3_teleop/lib/python3.8/site-packages/turtlebot3_teleop/script
[1.082s] copying /home/wl/Documents/ros2_ws/build/turtlebot3_teleop/build/lib/turtlebot3_teleop/script/__init__.py -> /home/wl/Documents/ros2_ws/install/turtlebot3_teleop/lib/python3.8/site-packages/turtlebot3_teleop/script
[1.082s] copying /home/wl/Documents/ros2_ws/build/turtlebot3_teleop/build/lib/turtlebot3_teleop/script/teleop_keyboard.py -> /home/wl/Documents/ros2_ws/install/turtlebot3_teleop/lib/python3.8/site-packages/turtlebot3_teleop/script
[1.082s] byte-compiling /home/wl/Documents/ros2_ws/install/turtlebot3_teleop/lib/python3.8/site-packages/turtlebot3_teleop/__init__.py to __init__.cpython-38.pyc
[1.083s] byte-compiling /home/wl/Documents/ros2_ws/install/turtlebot3_teleop/lib/python3.8/site-packages/turtlebot3_teleop/script/__init__.py to __init__.cpython-38.pyc
[1.084s] byte-compiling /home/wl/Documents/ros2_ws/install/turtlebot3_teleop/lib/python3.8/site-packages/turtlebot3_teleop/script/teleop_keyboard.py to teleop_keyboard.cpython-38.pyc
[1.085s] running install_data
[1.085s] creating /home/wl/Documents/ros2_ws/install/turtlebot3_teleop/share/ament_index
[1.085s] creating /home/wl/Documents/ros2_ws/install/turtlebot3_teleop/share/ament_index/resource_index
[1.085s] creating /home/wl/Documents/ros2_ws/install/turtlebot3_teleop/share/ament_index/resource_index/packages
[1.085s] copying resource/turtlebot3_teleop -> /home/wl/Documents/ros2_ws/install/turtlebot3_teleop/share/ament_index/resource_index/packages
[1.085s] copying package.xml -> /home/wl/Documents/ros2_ws/install/turtlebot3_teleop/share/turtlebot3_teleop
[1.085s] running install_egg_info
[1.087s] Copying ../../../build/turtlebot3_teleop/turtlebot3_teleop.egg-info to /home/wl/Documents/ros2_ws/install/turtlebot3_teleop/lib/python3.8/site-packages/turtlebot3_teleop-2.1.4-py3.8.egg-info
[1.088s] running install_scripts
[1.105s] Installing teleop_keyboard script to /home/wl/Documents/ros2_ws/install/turtlebot3_teleop/lib/turtlebot3_teleop
[1.105s] writing list of installed files to '/home/wl/Documents/ros2_ws/build/turtlebot3_teleop/install.log'
[1.122s] Invoked command in '/home/wl/Documents/ros2_ws/src/turtlebot3/turtlebot3_teleop' returned '0': PYTHONPATH=/home/wl/Documents/ros2_ws/build/turtlebot3_teleop/prefix_override:/usr/lib/python3/dist-packages/colcon_core/task/python/colcon_distutils_commands:/home/wl/Documents/ros2_ws/install/turtlebot3_teleop/lib/python3.8/site-packages:${PYTHONPATH} /usr/bin/python3 -W ignore:setup.py install is deprecated setup.py egg_info --egg-base ../../../build/turtlebot3_teleop build --build-base /home/wl/Documents/ros2_ws/build/turtlebot3_teleop/build install --record /home/wl/Documents/ros2_ws/build/turtlebot3_teleop/install.log --single-version-externally-managed install_data
