[0.206s] Invoking command in '/home/wl/Documents/ros2_ws/build/turtlebot3_navigation2': CMAKE_PREFIX_PATH=${CMAKE_PREFIX_PATH}:/home/wl/Documents/ros2_ws/install/turtlebot3_teleop:/home/wl/Documents/ros2_ws/install/turtlebot3_example:/opt/ros/foxy /usr/bin/cmake --build /home/wl/Documents/ros2_ws/build/turtlebot3_navigation2 -- -j12 -l12
[0.402s] Invoked command in '/home/wl/Documents/ros2_ws/build/turtlebot3_navigation2' returned '0': CMAKE_PREFIX_PATH=${CMAKE_PREFIX_PATH}:/home/wl/Documents/ros2_ws/install/turtlebot3_teleop:/home/wl/Documents/ros2_ws/install/turtlebot3_example:/opt/ros/foxy /usr/bin/cmake --build /home/wl/Documents/ros2_ws/build/turtlebot3_navigation2 -- -j12 -l12
[0.448s] Invoking command in '/home/wl/Documents/ros2_ws/build/turtlebot3_navigation2': CMAKE_PREFIX_PATH=${CMAKE_PREFIX_PATH}:/home/wl/Documents/ros2_ws/install/turtlebot3_teleop:/home/wl/Documents/ros2_ws/install/turtlebot3_example:/opt/ros/foxy /usr/bin/cmake --install /home/wl/Documents/ros2_ws/build/turtlebot3_navigation2
[0.455s] -- Install configuration: ""
[0.455s] -- Execute custom install script
[0.455s] -- Up-to-date symlink: /home/wl/Documents/ros2_ws/install/turtlebot3_navigation2/share/turtlebot3_navigation2/launch/navigation2.launch.py
[0.456s] -- Up-to-date symlink: /home/wl/Documents/ros2_ws/install/turtlebot3_navigation2/share/turtlebot3_navigation2/map/turtlebot3_world.pgm
[0.456s] -- Up-to-date symlink: /home/wl/Documents/ros2_ws/install/turtlebot3_navigation2/share/turtlebot3_navigation2/map/turtlebot3_world.yaml
[0.457s] -- Up-to-date symlink: /home/wl/Documents/ros2_ws/install/turtlebot3_navigation2/share/turtlebot3_navigation2/param/burger.yaml
[0.457s] -- Up-to-date symlink: /home/wl/Documents/ros2_ws/install/turtlebot3_navigation2/share/turtlebot3_navigation2/param/waffle.yaml
[0.458s] -- Up-to-date symlink: /home/wl/Documents/ros2_ws/install/turtlebot3_navigation2/share/turtlebot3_navigation2/param/waffle_pi.yaml
[0.458s] -- Up-to-date symlink: /home/wl/Documents/ros2_ws/install/turtlebot3_navigation2/share/turtlebot3_navigation2/rviz/tb3_navigation2.rviz
[0.458s] -- Up-to-date symlink: /home/wl/Documents/ros2_ws/install/turtlebot3_navigation2/share/ament_index/resource_index/package_run_dependencies/turtlebot3_navigation2
[0.458s] -- Up-to-date symlink: /home/wl/Documents/ros2_ws/install/turtlebot3_navigation2/share/ament_index/resource_index/parent_prefix_path/turtlebot3_navigation2
[0.459s] -- Up-to-date symlink: /home/wl/Documents/ros2_ws/install/turtlebot3_navigation2/share/turtlebot3_navigation2/environment/ament_prefix_path.sh
[0.459s] -- Up-to-date symlink: /home/wl/Documents/ros2_ws/install/turtlebot3_navigation2/share/turtlebot3_navigation2/environment/ament_prefix_path.dsv
[0.459s] -- Up-to-date symlink: /home/wl/Documents/ros2_ws/install/turtlebot3_navigation2/share/turtlebot3_navigation2/environment/path.sh
[0.459s] -- Up-to-date symlink: /home/wl/Documents/ros2_ws/install/turtlebot3_navigation2/share/turtlebot3_navigation2/environment/path.dsv
[0.459s] -- Up-to-date symlink: /home/wl/Documents/ros2_ws/install/turtlebot3_navigation2/share/turtlebot3_navigation2/local_setup.bash
[0.460s] -- Up-to-date symlink: /home/wl/Documents/ros2_ws/install/turtlebot3_navigation2/share/turtlebot3_navigation2/local_setup.sh
[0.460s] -- Up-to-date symlink: /home/wl/Documents/ros2_ws/install/turtlebot3_navigation2/share/turtlebot3_navigation2/local_setup.zsh
[0.461s] -- Up-to-date symlink: /home/wl/Documents/ros2_ws/install/turtlebot3_navigation2/share/turtlebot3_navigation2/local_setup.dsv
[0.461s] -- Symlinking: /home/wl/Documents/ros2_ws/install/turtlebot3_navigation2/share/turtlebot3_navigation2/package.dsv
[0.465s] -- Up-to-date symlink: /home/wl/Documents/ros2_ws/install/turtlebot3_navigation2/share/ament_index/resource_index/packages/turtlebot3_navigation2
[0.466s] -- Up-to-date symlink: /home/wl/Documents/ros2_ws/install/turtlebot3_navigation2/share/turtlebot3_navigation2/cmake/turtlebot3_navigation2Config.cmake
[0.466s] -- Up-to-date symlink: /home/wl/Documents/ros2_ws/install/turtlebot3_navigation2/share/turtlebot3_navigation2/cmake/turtlebot3_navigation2Config-version.cmake
[0.466s] -- Up-to-date symlink: /home/wl/Documents/ros2_ws/install/turtlebot3_navigation2/share/turtlebot3_navigation2/package.xml
[0.489s] Invoked command in '/home/wl/Documents/ros2_ws/build/turtlebot3_navigation2' returned '0': CMAKE_PREFIX_PATH=${CMAKE_PREFIX_PATH}:/home/wl/Documents/ros2_ws/install/turtlebot3_teleop:/home/wl/Documents/ros2_ws/install/turtlebot3_example:/opt/ros/foxy /usr/bin/cmake --install /home/wl/Documents/ros2_ws/build/turtlebot3_navigation2
