[0.025s] Invoking command in '/home/wl/Documents/ros2_ws/build/turtlebot3_cartographer': CMAKE_PREFIX_PATH=/opt/ros/foxy /usr/bin/cmake /home/wl/Documents/ros2_ws/src/turtlebot3/turtlebot3_cartographer -DAMENT_CMAKE_SYMLINK_INSTALL=1 -DCMAKE_INSTALL_PREFIX=/home/wl/Documents/ros2_ws/install/turtlebot3_cartographer
[0.372s] -- Found ament_cmake: 0.9.12 (/opt/ros/foxy/share/ament_cmake/cmake)
[0.373s] -- Using PYTHON_EXECUTABLE: /usr/bin/python3
[0.373s] -- Override CMake install command with custom implementation using symlinks instead of copying resources
[0.373s] -- Configuring done
[0.373s] -- Generating done
[0.373s] -- Build files have been written to: /home/wl/Documents/ros2_ws/build/turtlebot3_cartographer
[0.379s] Invoked command in '/home/wl/Documents/ros2_ws/build/turtlebot3_cartographer' returned '0': CMAKE_PREFIX_PATH=/opt/ros/foxy /usr/bin/cmake /home/wl/Documents/ros2_ws/src/turtlebot3/turtlebot3_cartographer -DAMENT_CMAKE_SYMLINK_INSTALL=1 -DCMAKE_INSTALL_PREFIX=/home/wl/Documents/ros2_ws/install/turtlebot3_cartographer
[0.380s] Invoking command in '/home/wl/Documents/ros2_ws/build/turtlebot3_cartographer': CMAKE_PREFIX_PATH=/opt/ros/foxy /usr/bin/cmake --build /home/wl/Documents/ros2_ws/build/turtlebot3_cartographer -- -j12 -l12
[0.403s] Invoked command in '/home/wl/Documents/ros2_ws/build/turtlebot3_cartographer' returned '0': CMAKE_PREFIX_PATH=/opt/ros/foxy /usr/bin/cmake --build /home/wl/Documents/ros2_ws/build/turtlebot3_cartographer -- -j12 -l12
[0.429s] Invoking command in '/home/wl/Documents/ros2_ws/build/turtlebot3_cartographer': CMAKE_PREFIX_PATH=/opt/ros/foxy /usr/bin/cmake --install /home/wl/Documents/ros2_ws/build/turtlebot3_cartographer
[0.436s] -- Install configuration: ""
[0.437s] -- Execute custom install script
[0.437s] -- Symlinking: /home/wl/Documents/ros2_ws/install/turtlebot3_cartographer/share/turtlebot3_cartographer/config/turtlebot3_lds_2d.lua
[0.443s] -- Symlinking: /home/wl/Documents/ros2_ws/install/turtlebot3_cartographer/share/turtlebot3_cartographer/launch/cartographer.launch.py
[0.450s] -- Symlinking: /home/wl/Documents/ros2_ws/install/turtlebot3_cartographer/share/turtlebot3_cartographer/launch/occupancy_grid.launch.py
[0.458s] -- Symlinking: /home/wl/Documents/ros2_ws/install/turtlebot3_cartographer/share/turtlebot3_cartographer/rviz/tb3_cartographer.rviz
[0.464s] -- Symlinking: /home/wl/Documents/ros2_ws/install/turtlebot3_cartographer/share/ament_index/resource_index/package_run_dependencies/turtlebot3_cartographer
[0.470s] -- Symlinking: /home/wl/Documents/ros2_ws/install/turtlebot3_cartographer/share/ament_index/resource_index/parent_prefix_path/turtlebot3_cartographer
[0.477s] -- Symlinking: /home/wl/Documents/ros2_ws/install/turtlebot3_cartographer/share/turtlebot3_cartographer/environment/ament_prefix_path.sh
[0.483s] -- Symlinking: /home/wl/Documents/ros2_ws/install/turtlebot3_cartographer/share/turtlebot3_cartographer/environment/ament_prefix_path.dsv
[0.490s] -- Symlinking: /home/wl/Documents/ros2_ws/install/turtlebot3_cartographer/share/turtlebot3_cartographer/environment/path.sh
[0.497s] -- Symlinking: /home/wl/Documents/ros2_ws/install/turtlebot3_cartographer/share/turtlebot3_cartographer/environment/path.dsv
[0.505s] -- Symlinking: /home/wl/Documents/ros2_ws/install/turtlebot3_cartographer/share/turtlebot3_cartographer/local_setup.bash
[0.510s] -- Symlinking: /home/wl/Documents/ros2_ws/install/turtlebot3_cartographer/share/turtlebot3_cartographer/local_setup.sh
[0.516s] -- Symlinking: /home/wl/Documents/ros2_ws/install/turtlebot3_cartographer/share/turtlebot3_cartographer/local_setup.zsh
[0.521s] -- Symlinking: /home/wl/Documents/ros2_ws/install/turtlebot3_cartographer/share/turtlebot3_cartographer/local_setup.dsv
[0.528s] -- Symlinking: /home/wl/Documents/ros2_ws/install/turtlebot3_cartographer/share/turtlebot3_cartographer/package.dsv
[0.534s] -- Symlinking: /home/wl/Documents/ros2_ws/install/turtlebot3_cartographer/share/ament_index/resource_index/packages/turtlebot3_cartographer
[0.540s] -- Symlinking: /home/wl/Documents/ros2_ws/install/turtlebot3_cartographer/share/turtlebot3_cartographer/cmake/turtlebot3_cartographerConfig.cmake
[0.546s] -- Symlinking: /home/wl/Documents/ros2_ws/install/turtlebot3_cartographer/share/turtlebot3_cartographer/cmake/turtlebot3_cartographerConfig-version.cmake
[0.553s] -- Symlinking: /home/wl/Documents/ros2_ws/install/turtlebot3_cartographer/share/turtlebot3_cartographer/package.xml
[0.560s] Invoked command in '/home/wl/Documents/ros2_ws/build/turtlebot3_cartographer' returned '0': CMAKE_PREFIX_PATH=/opt/ros/foxy /usr/bin/cmake --install /home/wl/Documents/ros2_ws/build/turtlebot3_cartographer
