[0.193s] Invoking command in '/home/wl/Documents/ros2_ws/build/turtlebot3_navigation2': CMAKE_PREFIX_PATH=/opt/ros/foxy /usr/bin/cmake /home/wl/Documents/ros2_ws/src/turtlebot3/turtlebot3_navigation2 -DAMENT_CMAKE_SYMLINK_INSTALL=1 -DCMAKE_INSTALL_PREFIX=/home/wl/Documents/ros2_ws/install/turtlebot3_navigation2
[0.366s] -- Found ament_cmake: 0.9.12 (/opt/ros/foxy/share/ament_cmake/cmake)
[0.367s] -- Using PYTHON_EXECUTABLE: /usr/bin/python3
[0.368s] -- Override CMake install command with custom implementation using symlinks instead of copying resources
[0.400s] -- Configuring done
[0.402s] -- Generating done
[0.402s] -- Build files have been written to: /home/wl/Documents/ros2_ws/build/turtlebot3_navigation2
[0.404s] Invoked command in '/home/wl/Documents/ros2_ws/build/turtlebot3_navigation2' returned '0': CMAKE_PREFIX_PATH=/opt/ros/foxy /usr/bin/cmake /home/wl/Documents/ros2_ws/src/turtlebot3/turtlebot3_navigation2 -DAMENT_CMAKE_SYMLINK_INSTALL=1 -DCMAKE_INSTALL_PREFIX=/home/wl/Documents/ros2_ws/install/turtlebot3_navigation2
[0.406s] Invoking command in '/home/wl/Documents/ros2_ws/build/turtlebot3_navigation2': CMAKE_PREFIX_PATH=/opt/ros/foxy /usr/bin/cmake --build /home/wl/Documents/ros2_ws/build/turtlebot3_navigation2 -- -j12 -l12
[0.430s] Invoked command in '/home/wl/Documents/ros2_ws/build/turtlebot3_navigation2' returned '0': CMAKE_PREFIX_PATH=/opt/ros/foxy /usr/bin/cmake --build /home/wl/Documents/ros2_ws/build/turtlebot3_navigation2 -- -j12 -l12
[0.444s] Invoking command in '/home/wl/Documents/ros2_ws/build/turtlebot3_navigation2': CMAKE_PREFIX_PATH=/opt/ros/foxy /usr/bin/cmake --install /home/wl/Documents/ros2_ws/build/turtlebot3_navigation2
[0.450s] -- Install configuration: ""
[0.450s] -- Execute custom install script
[0.451s] -- Symlinking: /home/wl/Documents/ros2_ws/install/turtlebot3_navigation2/share/turtlebot3_navigation2/launch/navigation2.launch.py
[0.458s] -- Symlinking: /home/wl/Documents/ros2_ws/install/turtlebot3_navigation2/share/turtlebot3_navigation2/map/turtlebot3_world.pgm
[0.466s] -- Symlinking: /home/wl/Documents/ros2_ws/install/turtlebot3_navigation2/share/turtlebot3_navigation2/map/turtlebot3_world.yaml
[0.473s] -- Symlinking: /home/wl/Documents/ros2_ws/install/turtlebot3_navigation2/share/turtlebot3_navigation2/param/burger.yaml
[0.479s] -- Symlinking: /home/wl/Documents/ros2_ws/install/turtlebot3_navigation2/share/turtlebot3_navigation2/param/waffle.yaml
[0.485s] -- Symlinking: /home/wl/Documents/ros2_ws/install/turtlebot3_navigation2/share/turtlebot3_navigation2/param/waffle_pi.yaml
[0.491s] -- Symlinking: /home/wl/Documents/ros2_ws/install/turtlebot3_navigation2/share/turtlebot3_navigation2/rviz/tb3_navigation2.rviz
[0.496s] -- Symlinking: /home/wl/Documents/ros2_ws/install/turtlebot3_navigation2/share/ament_index/resource_index/package_run_dependencies/turtlebot3_navigation2
[0.504s] -- Symlinking: /home/wl/Documents/ros2_ws/install/turtlebot3_navigation2/share/ament_index/resource_index/parent_prefix_path/turtlebot3_navigation2
[0.512s] -- Symlinking: /home/wl/Documents/ros2_ws/install/turtlebot3_navigation2/share/turtlebot3_navigation2/environment/ament_prefix_path.sh
[0.517s] -- Symlinking: /home/wl/Documents/ros2_ws/install/turtlebot3_navigation2/share/turtlebot3_navigation2/environment/ament_prefix_path.dsv
[0.525s] -- Symlinking: /home/wl/Documents/ros2_ws/install/turtlebot3_navigation2/share/turtlebot3_navigation2/environment/path.sh
[0.531s] -- Symlinking: /home/wl/Documents/ros2_ws/install/turtlebot3_navigation2/share/turtlebot3_navigation2/environment/path.dsv
[0.536s] -- Symlinking: /home/wl/Documents/ros2_ws/install/turtlebot3_navigation2/share/turtlebot3_navigation2/local_setup.bash
[0.542s] -- Symlinking: /home/wl/Documents/ros2_ws/install/turtlebot3_navigation2/share/turtlebot3_navigation2/local_setup.sh
[0.548s] -- Symlinking: /home/wl/Documents/ros2_ws/install/turtlebot3_navigation2/share/turtlebot3_navigation2/local_setup.zsh
[0.553s] -- Symlinking: /home/wl/Documents/ros2_ws/install/turtlebot3_navigation2/share/turtlebot3_navigation2/local_setup.dsv
[0.559s] -- Symlinking: /home/wl/Documents/ros2_ws/install/turtlebot3_navigation2/share/turtlebot3_navigation2/package.dsv
[0.566s] -- Symlinking: /home/wl/Documents/ros2_ws/install/turtlebot3_navigation2/share/ament_index/resource_index/packages/turtlebot3_navigation2
[0.572s] -- Symlinking: /home/wl/Documents/ros2_ws/install/turtlebot3_navigation2/share/turtlebot3_navigation2/cmake/turtlebot3_navigation2Config.cmake
[0.580s] -- Symlinking: /home/wl/Documents/ros2_ws/install/turtlebot3_navigation2/share/turtlebot3_navigation2/cmake/turtlebot3_navigation2Config-version.cmake
[0.587s] -- Symlinking: /home/wl/Documents/ros2_ws/install/turtlebot3_navigation2/share/turtlebot3_navigation2/package.xml
[0.597s] Invoked command in '/home/wl/Documents/ros2_ws/build/turtlebot3_navigation2' returned '0': CMAKE_PREFIX_PATH=/opt/ros/foxy /usr/bin/cmake --install /home/wl/Documents/ros2_ws/build/turtlebot3_navigation2
